{"C:\\Users\\servi\\UrbanGarageSale\\web-app\\src\\App.jsx": {"path":"C:\\Users\\servi\\UrbanGarageSale\\web-app\\src\\App.jsx","statementMap":{"0":{"start":{"line":11,"column":36},"end":{"line":11,"column":47}},"1":{"start":{"line":12,"column":20},"end":{"line":12,"column":53}},"2":{"start":{"line":13,"column":17},"end":{"line":13,"column":57}},"3":{"start":{"line":15,"column":22},"end":{"line":17,"column":19}},"4":{"start":{"line":15,"column":57},"end":{"line":17,"column":19}},"5":{"start":{"line":18,"column":25},"end":{"line":52,"column":1}},"6":{"start":{"line":19,"column":53},"end":{"line":19,"column":62}},"7":{"start":{"line":22,"column":2},"end":{"line":28,"column":3}},"8":{"start":{"line":23,"column":4},"end":{"line":27,"column":6}},"9":{"start":{"line":31,"column":2},"end":{"line":51,"column":4}},"10":{"start":{"line":39,"column":8},"end":{"line":47,"column":10}},"11":{"start":{"line":56,"column":2},"end":{"line":68,"column":3}}},"fnMap":{"0":{"name":"(anonymous_0)","decl":{"start":{"line":15,"column":22},"end":{"line":15,"column":23}},"loc":{"start":{"line":15,"column":57},"end":{"line":17,"column":19}},"line":15},"1":{"name":"(anonymous_1)","decl":{"start":{"line":18,"column":25},"end":{"line":18,"column":26}},"loc":{"start":{"line":18,"column":31},"end":{"line":52,"column":1}},"line":18},"2":{"name":"(anonymous_2)","decl":{"start":{"line":38,"column":33},"end":{"line":38,"column":34}},"loc":{"start":{"line":39,"column":8},"end":{"line":47,"column":10}},"line":39},"3":{"name":"App","decl":{"start":{"line":55,"column":9},"end":{"line":55,"column":12}},"loc":{"start":{"line":55,"column":15},"end":{"line":69,"column":1}},"line":55}},"branchMap":{"0":{"loc":{"start":{"line":12,"column":20},"end":{"line":12,"column":53}},"type":"binary-expr","locations":[{"start":{"line":12,"column":20},"end":{"line":12,"column":28}},{"start":{"line":12,"column":32},"end":{"line":12,"column":53}}],"line":12},"1":{"loc":{"start":{"line":13,"column":17},"end":{"line":13,"column":57}},"type":"cond-expr","locations":[{"start":{"line":13,"column":31},"end":{"line":13,"column":49}},{"start":{"line":13,"column":52},"end":{"line":13,"column":57}}],"line":13},"2":{"loc":{"start":{"line":15,"column":57},"end":{"line":17,"column":19}},"type":"cond-expr","locations":[{"start":{"line":16,"column":2},"end":{"line":16,"column":63}},{"start":{"line":17,"column":4},"end":{"line":17,"column":19}}],"line":15},"3":{"loc":{"start":{"line":22,"column":2},"end":{"line":28,"column":3}},"type":"if","locations":[{"start":{"line":22,"column":2},"end":{"line":28,"column":3}},{"start":{},"end":{}}],"line":22},"4":{"loc":{"start":{"line":22,"column":6},"end":{"line":22,"column":46}},"type":"binary-expr","locations":[{"start":{"line":22,"column":6},"end":{"line":22,"column":29}},{"start":{"line":22,"column":33},"end":{"line":22,"column":46}}],"line":22}},"s":{"0":0,"1":0,"2":0,"3":0,"4":0,"5":0,"6":0,"7":0,"8":0,"9":0,"10":0,"11":0},"f":{"0":0,"1":0,"2":0,"3":0},"b":{"0":[0,0],"1":[0,0],"2":[0,0],"3":[0,0],"4":[0,0]}}
,"C:\\Users\\servi\\UrbanGarageSale\\web-app\\src\\Layout.jsx": {"path":"C:\\Users\\servi\\UrbanGarageSale\\web-app\\src\\Layout.jsx","statementMap":{"0":{"start":{"line":9,"column":28},"end":{"line":9,"column":42}},"1":{"start":{"line":10,"column":50},"end":{"line":10,"column":65}},"2":{"start":{"line":12,"column":4},"end":{"line":22,"column":11}},"3":{"start":{"line":13,"column":26},"end":{"line":20,"column":9}},"4":{"start":{"line":14,"column":34},"end":{"line":14,"column":71}},"5":{"start":{"line":15,"column":12},"end":{"line":15,"column":46}},"6":{"start":{"line":16,"column":12},"end":{"line":19,"column":13}},"7":{"start":{"line":17,"column":33},"end":{"line":17,"column":57}},"8":{"start":{"line":18,"column":16},"end":{"line":18,"column":34}},"9":{"start":{"line":21,"column":8},"end":{"line":21,"column":20}},"10":{"start":{"line":24,"column":25},"end":{"line":34,"column":5}},"11":{"start":{"line":25,"column":8},"end":{"line":33,"column":9}},"12":{"start":{"line":26,"column":12},"end":{"line":26,"column":41}},"13":{"start":{"line":27,"column":12},"end":{"line":27,"column":38}},"14":{"start":{"line":28,"column":12},"end":{"line":28,"column":26}},"15":{"start":{"line":30,"column":12},"end":{"line":30,"column":39}},"16":{"start":{"line":32,"column":12},"end":{"line":32,"column":51}},"17":{"start":{"line":36,"column":21},"end":{"line":42,"column":5}},"18":{"start":{"line":44,"column":4},"end":{"line":193,"column":6}},"19":{"start":{"line":72,"column":46},"end":{"line":74,"column":101}},"20":{"start":{"line":76,"column":28},"end":{"line":92,"column":30}},"21":{"start":{"line":110,"column":51},"end":{"line":110,"column":82}},"22":{"start":{"line":130,"column":47},"end":{"line":130,"column":78}},"23":{"start":{"line":168,"column":37},"end":{"line":168,"column":46}},"24":{"start":{"line":169,"column":42},"end":{"line":171,"column":97}},"25":{"start":{"line":173,"column":24},"end":{"line":173,"column":52}},"26":{"start":{"line":173,"column":40},"end":{"line":173,"column":52}},"27":{"start":{"line":175,"column":24},"end":{"line":188,"column":26}}},"fnMap":{"0":{"name":"Layout","decl":{"start":{"line":8,"column":24},"end":{"line":8,"column":30}},"loc":{"start":{"line":8,"column":62},"end":{"line":194,"column":1}},"line":8},"1":{"name":"(anonymous_1)","decl":{"start":{"line":12,"column":14},"end":{"line":12,"column":15}},"loc":{"start":{"line":12,"column":20},"end":{"line":22,"column":5}},"line":12},"2":{"name":"(anonymous_2)","decl":{"start":{"line":13,"column":26},"end":{"line":13,"column":27}},"loc":{"start":{"line":13,"column":38},"end":{"line":20,"column":9}},"line":13},"3":{"name":"(anonymous_3)","decl":{"start":{"line":24,"column":25},"end":{"line":24,"column":26}},"loc":{"start":{"line":24,"column":37},"end":{"line":34,"column":5}},"line":24},"4":{"name":"(anonymous_4)","decl":{"start":{"line":71,"column":38},"end":{"line":71,"column":39}},"loc":{"start":{"line":71,"column":48},"end":{"line":93,"column":25}},"line":71},"5":{"name":"(anonymous_5)","decl":{"start":{"line":110,"column":45},"end":{"line":110,"column":46}},"loc":{"start":{"line":110,"column":51},"end":{"line":110,"column":82}},"line":110},"6":{"name":"(anonymous_6)","decl":{"start":{"line":130,"column":41},"end":{"line":130,"column":42}},"loc":{"start":{"line":130,"column":47},"end":{"line":130,"column":78}},"line":130},"7":{"name":"(anonymous_7)","decl":{"start":{"line":167,"column":34},"end":{"line":167,"column":35}},"loc":{"start":{"line":167,"column":44},"end":{"line":189,"column":21}},"line":167}},"branchMap":{"0":{"loc":{"start":{"line":16,"column":12},"end":{"line":19,"column":13}},"type":"if","locations":[{"start":{"line":16,"column":12},"end":{"line":19,"column":13}},{"start":{},"end":{}}],"line":16},"1":{"loc":{"start":{"line":72,"column":46},"end":{"line":74,"column":101}},"type":"binary-expr","locations":[{"start":{"line":72,"column":46},"end":{"line":72,"column":73}},{"start":{"line":73,"column":45},"end":{"line":73,"column":71}},{"start":{"line":73,"column":75},"end":{"line":73,"column":90}},{"start":{"line":74,"column":45},"end":{"line":74,"column":74}},{"start":{"line":74,"column":78},"end":{"line":74,"column":100}}],"line":72},"2":{"loc":{"start":{"line":79,"column":57},"end":{"line":79,"column":90}},"type":"cond-expr","locations":[{"start":{"line":79,"column":70},"end":{"line":79,"column":78}},{"start":{"line":79,"column":81},"end":{"line":79,"column":90}}],"line":79},"3":{"loc":{"start":{"line":84,"column":44},"end":{"line":86,"column":85}},"type":"cond-expr","locations":[{"start":{"line":85,"column":50},"end":{"line":85,"column":75}},{"start":{"line":86,"column":50},"end":{"line":86,"column":85}}],"line":84},"4":{"loc":{"start":{"line":98,"column":29},"end":{"line":115,"column":29}},"type":"cond-expr","locations":[{"start":{"line":99,"column":32},"end":{"line":107,"column":41}},{"start":{"line":109,"column":32},"end":{"line":114,"column":41}}],"line":98},"5":{"loc":{"start":{"line":120,"column":25},"end":{"line":135,"column":25}},"type":"cond-expr","locations":[{"start":{"line":121,"column":28},"end":{"line":127,"column":37}},{"start":{"line":129,"column":28},"end":{"line":134,"column":37}}],"line":120},"6":{"loc":{"start":{"line":169,"column":42},"end":{"line":171,"column":97}},"type":"binary-expr","locations":[{"start":{"line":169,"column":42},"end":{"line":169,"column":69}},{"start":{"line":170,"column":41},"end":{"line":170,"column":67}},{"start":{"line":170,"column":71},"end":{"line":170,"column":86}},{"start":{"line":171,"column":41},"end":{"line":171,"column":70}},{"start":{"line":171,"column":74},"end":{"line":171,"column":96}}],"line":169},"7":{"loc":{"start":{"line":173,"column":24},"end":{"line":173,"column":52}},"type":"if","locations":[{"start":{"line":173,"column":24},"end":{"line":173,"column":52}},{"start":{},"end":{}}],"line":173},"8":{"loc":{"start":{"line":180,"column":36},"end":{"line":182,"column":76}},"type":"cond-expr","locations":[{"start":{"line":181,"column":42},"end":{"line":181,"column":68}},{"start":{"line":182,"column":42},"end":{"line":182,"column":76}}],"line":180}},"s":{"0":0,"1":0,"2":0,"3":0,"4":0,"5":0,"6":0,"7":0,"8":0,"9":0,"10":0,"11":0,"12":0,"13":0,"14":0,"15":0,"16":0,"17":0,"18":0,"19":0,"20":0,"21":0,"22":0,"23":0,"24":0,"25":0,"26":0,"27":0},"f":{"0":0,"1":0,"2":0,"3":0,"4":0,"5":0,"6":0,"7":0},"b":{"0":[0,0],"1":[0,0,0,0,0],"2":[0,0],"3":[0,0],"4":[0,0],"5":[0,0],"6":[0,0,0,0,0],"7":[0,0],"8":[0,0]}}
,"C:\\Users\\servi\\UrbanGarageSale\\web-app\\src\\ci-test.js": {"path":"C:\\Users\\servi\\UrbanGarageSale\\web-app\\src\\ci-test.js","statementMap":{"0":{"start":{"line":3,"column":20},"end":{"line":3,"column":66}},"1":{"start":{"line":4,"column":0},"end":{"line":4,"column":25}}},"fnMap":{},"branchMap":{},"s":{"0":0,"1":0},"f":{},"b":{}}
,"C:\\Users\\servi\\UrbanGarageSale\\web-app\\src\\pages.config.js": {"path":"C:\\Users\\servi\\UrbanGarageSale\\web-app\\src\\pages.config.js","statementMap":{"0":{"start":{"line":18,"column":21},"end":{"line":33,"column":1}},"1":{"start":{"line":35,"column":27},"end":{"line":39,"column":1}}},"fnMap":{},"branchMap":{},"s":{"0":0,"1":0},"f":{},"b":{}}
,"C:\\Users\\servi\\UrbanGarageSale\\web-app\\src\\test-utils.jsx": {"path":"C:\\Users\\servi\\UrbanGarageSale\\web-app\\src\\test-utils.jsx","statementMap":{"0":{"start":{"line":14,"column":18},"end":{"line":24,"column":3}},"1":{"start":{"line":15,"column":4},"end":{"line":23,"column":6}},"2":{"start":{"line":26,"column":2},"end":{"line":26,"column":54}}},"fnMap":{"0":{"name":"renderWithProviders","decl":{"start":{"line":13,"column":16},"end":{"line":13,"column":35}},"loc":{"start":{"line":13,"column":54},"end":{"line":27,"column":1}},"line":13},"1":{"name":"(anonymous_1)","decl":{"start":{"line":14,"column":18},"end":{"line":14,"column":19}},"loc":{"start":{"line":14,"column":36},"end":{"line":24,"column":3}},"line":14}},"branchMap":{"0":{"loc":{"start":{"line":13,"column":40},"end":{"line":13,"column":52}},"type":"default-arg","locations":[{"start":{"line":13,"column":50},"end":{"line":13,"column":52}}],"line":13}},"s":{"0":38,"1":38,"2":38},"f":{"0":38,"1":38},"b":{"0":[38]},"_coverageSchema":"1a1c01bbd47fc00a2c39e90264f33305004495a9","hash":"e8928009a3207855b889e1e7e1bbe03d4f44f49d"}
,"C:\\Users\\servi\\UrbanGarageSale\\web-app\\src\\api\\firebaseClient.js": {"path":"C:\\Users\\servi\\UrbanGarageSale\\web-app\\src\\api\\firebaseClient.js","statementMap":{"0":{"start":{"line":42,"column":23},"end":{"line":49,"column":1}},"1":{"start":{"line":52,"column":12},"end":{"line":52,"column":41}},"2":{"start":{"line":53,"column":13},"end":{"line":53,"column":25}},"3":{"start":{"line":54,"column":11},"end":{"line":54,"column":28}},"4":{"start":{"line":55,"column":16},"end":{"line":55,"column":31}},"5":{"start":{"line":60,"column":22},"end":{"line":60,"column":85}},"6":{"start":{"line":61,"column":0},"end":{"line":67,"column":1}},"7":{"start":{"line":62,"column":2},"end":{"line":62,"column":57}},"8":{"start":{"line":63,"column":2},"end":{"line":63,"column":88}},"9":{"start":{"line":65,"column":2},"end":{"line":65,"column":58}},"10":{"start":{"line":66,"column":2},"end":{"line":66,"column":74}},"11":{"start":{"line":70,"column":28},"end":{"line":419,"column":1}},"12":{"start":{"line":73,"column":4},"end":{"line":78,"column":5}},"13":{"start":{"line":74,"column":29},"end":{"line":74,"column":84}},"14":{"start":{"line":75,"column":6},"end":{"line":75,"column":33}},"15":{"start":{"line":77,"column":6},"end":{"line":77,"column":56}},"16":{"start":{"line":83,"column":4},"end":{"line":104,"column":5}},"17":{"start":{"line":84,"column":6},"end":{"line":84,"column":65}},"18":{"start":{"line":85,"column":29},"end":{"line":85,"column":88}},"19":{"start":{"line":86,"column":6},"end":{"line":86,"column":49}},"20":{"start":{"line":87,"column":6},"end":{"line":87,"column":33}},"21":{"start":{"line":89,"column":6},"end":{"line":89,"column":64}},"22":{"start":{"line":90,"column":6},"end":{"line":90,"column":70}},"23":{"start":{"line":93,"column":6},"end":{"line":103,"column":7}},"24":{"start":{"line":94,"column":8},"end":{"line":94,"column":102}},"25":{"start":{"line":95,"column":13},"end":{"line":103,"column":7}},"26":{"start":{"line":96,"column":8},"end":{"line":96,"column":63}},"27":{"start":{"line":97,"column":13},"end":{"line":103,"column":7}},"28":{"start":{"line":98,"column":8},"end":{"line":98,"column":110}},"29":{"start":{"line":99,"column":13},"end":{"line":103,"column":7}},"30":{"start":{"line":100,"column":8},"end":{"line":100,"column":83}},"31":{"start":{"line":102,"column":8},"end":{"line":102,"column":60}},"32":{"start":{"line":109,"column":4},"end":{"line":113,"column":5}},"33":{"start":{"line":110,"column":6},"end":{"line":110,"column":26}},"34":{"start":{"line":112,"column":6},"end":{"line":112,"column":57}},"35":{"start":{"line":118,"column":4},"end":{"line":118,"column":28}},"36":{"start":{"line":123,"column":4},"end":{"line":128,"column":7}},"37":{"start":{"line":124,"column":26},"end":{"line":127,"column":8}},"38":{"start":{"line":125,"column":8},"end":{"line":125,"column":22}},"39":{"start":{"line":126,"column":8},"end":{"line":126,"column":24}},"40":{"start":{"line":133,"column":17},"end":{"line":133,"column":33}},"41":{"start":{"line":134,"column":4},"end":{"line":136,"column":5}},"42":{"start":{"line":135,"column":6},"end":{"line":135,"column":47}},"43":{"start":{"line":139,"column":20},"end":{"line":139,"column":46}},"44":{"start":{"line":140,"column":21},"end":{"line":140,"column":42}},"45":{"start":{"line":142,"column":4},"end":{"line":148,"column":5}},"46":{"start":{"line":143,"column":6},"end":{"line":147,"column":8}},"47":{"start":{"line":152,"column":4},"end":{"line":158,"column":6}},"48":{"start":{"line":163,"column":4},"end":{"line":163,"column":46}},"49":{"start":{"line":168,"column":17},"end":{"line":168,"column":33}},"50":{"start":{"line":169,"column":4},"end":{"line":171,"column":5}},"51":{"start":{"line":170,"column":6},"end":{"line":170,"column":47}},"52":{"start":{"line":173,"column":4},"end":{"line":176,"column":5}},"53":{"start":{"line":174,"column":6},"end":{"line":174,"column":62}},"54":{"start":{"line":175,"column":6},"end":{"line":175,"column":13}},"55":{"start":{"line":178,"column":4},"end":{"line":187,"column":5}},"56":{"start":{"line":179,"column":6},"end":{"line":179,"column":81}},"57":{"start":{"line":180,"column":22},"end":{"line":180,"column":48}},"58":{"start":{"line":182,"column":6},"end":{"line":182,"column":51}},"59":{"start":{"line":183,"column":6},"end":{"line":183,"column":52}},"60":{"start":{"line":185,"column":6},"end":{"line":185,"column":76}},"61":{"start":{"line":186,"column":6},"end":{"line":186,"column":18}},"62":{"start":{"line":192,"column":4},"end":{"line":196,"column":5}},"63":{"start":{"line":193,"column":6},"end":{"line":193,"column":48}},"64":{"start":{"line":195,"column":6},"end":{"line":195,"column":65}},"65":{"start":{"line":201,"column":17},"end":{"line":201,"column":33}},"66":{"start":{"line":202,"column":4},"end":{"line":204,"column":5}},"67":{"start":{"line":203,"column":6},"end":{"line":203,"column":47}},"68":{"start":{"line":206,"column":4},"end":{"line":218,"column":5}},"69":{"start":{"line":208,"column":25},"end":{"line":208,"column":82}},"70":{"start":{"line":209,"column":6},"end":{"line":209,"column":59}},"71":{"start":{"line":212,"column":6},"end":{"line":212,"column":46}},"72":{"start":{"line":214,"column":6},"end":{"line":216,"column":7}},"73":{"start":{"line":215,"column":8},"end":{"line":215,"column":57}},"74":{"start":{"line":217,"column":6},"end":{"line":217,"column":66}},"75":{"start":{"line":223,"column":4},"end":{"line":285,"column":7}},"76":{"start":{"line":225,"column":22},"end":{"line":225,"column":56}},"77":{"start":{"line":226,"column":6},"end":{"line":229,"column":7}},"78":{"start":{"line":227,"column":8},"end":{"line":227,"column":90}},"79":{"start":{"line":228,"column":8},"end":{"line":228,"column":15}},"80":{"start":{"line":232,"column":6},"end":{"line":234,"column":7}},"81":{"start":{"line":233,"column":8},"end":{"line":233,"column":48}},"82":{"start":{"line":235,"column":6},"end":{"line":235,"column":29}},"83":{"start":{"line":236,"column":6},"end":{"line":236,"column":37}},"84":{"start":{"line":239,"column":6},"end":{"line":246,"column":7}},"85":{"start":{"line":240,"column":8},"end":{"line":244,"column":9}},"86":{"start":{"line":241,"column":10},"end":{"line":241,"column":43}},"87":{"start":{"line":243,"column":10},"end":{"line":243,"column":72}},"88":{"start":{"line":245,"column":8},"end":{"line":245,"column":40}},"89":{"start":{"line":249,"column":6},"end":{"line":284,"column":14}},"90":{"start":{"line":250,"column":8},"end":{"line":283,"column":9}},"91":{"start":{"line":251,"column":31},"end":{"line":251,"column":74}},"92":{"start":{"line":252,"column":10},"end":{"line":256,"column":11}},"93":{"start":{"line":253,"column":12},"end":{"line":253,"column":109}},"94":{"start":{"line":254,"column":12},"end":{"line":254,"column":62}},"95":{"start":{"line":255,"column":12},"end":{"line":255,"column":19}},"96":{"start":{"line":258,"column":10},"end":{"line":258,"column":124}},"97":{"start":{"line":263,"column":27},"end":{"line":274,"column":12}},"98":{"start":{"line":266,"column":14},"end":{"line":266,"column":88}},"99":{"start":{"line":269,"column":14},"end":{"line":269,"column":50}},"100":{"start":{"line":272,"column":14},"end":{"line":272,"column":57}},"101":{"start":{"line":276,"column":10},"end":{"line":276,"column":46}},"102":{"start":{"line":277,"column":10},"end":{"line":277,"column":67}},"103":{"start":{"line":278,"column":10},"end":{"line":278,"column":28}},"104":{"start":{"line":280,"column":10},"end":{"line":280,"column":81}},"105":{"start":{"line":281,"column":10},"end":{"line":281,"column":42}},"106":{"start":{"line":282,"column":10},"end":{"line":282,"column":24}},"107":{"start":{"line":290,"column":4},"end":{"line":367,"column":5}},"108":{"start":{"line":292,"column":19},"end":{"line":292,"column":35}},"109":{"start":{"line":293,"column":6},"end":{"line":295,"column":7}},"110":{"start":{"line":294,"column":8},"end":{"line":294,"column":82}},"111":{"start":{"line":297,"column":6},"end":{"line":297,"column":83}},"112":{"start":{"line":300,"column":23},"end":{"line":300,"column":61}},"113":{"start":{"line":304,"column":6},"end":{"line":306,"column":7}},"114":{"start":{"line":305,"column":8},"end":{"line":305,"column":57}},"115":{"start":{"line":309,"column":6},"end":{"line":311,"column":7}},"116":{"start":{"line":310,"column":8},"end":{"line":310,"column":55}},"117":{"start":{"line":313,"column":6},"end":{"line":313,"column":74}},"118":{"start":{"line":317,"column":23},"end":{"line":317,"column":33}},"119":{"start":{"line":318,"column":6},"end":{"line":323,"column":7}},"120":{"start":{"line":321,"column":8},"end":{"line":321,"column":70}},"121":{"start":{"line":327,"column":21},"end":{"line":327,"column":45}},"122":{"start":{"line":330,"column":6},"end":{"line":335,"column":7}},"123":{"start":{"line":331,"column":8},"end":{"line":331,"column":106}},"124":{"start":{"line":333,"column":13},"end":{"line":335,"column":7}},"125":{"start":{"line":334,"column":8},"end":{"line":334,"column":72}},"126":{"start":{"line":337,"column":6},"end":{"line":339,"column":7}},"127":{"start":{"line":338,"column":8},"end":{"line":338,"column":71}},"128":{"start":{"line":342,"column":33},"end":{"line":342,"column":86}},"129":{"start":{"line":345,"column":6},"end":{"line":345,"column":53}},"130":{"start":{"line":346,"column":6},"end":{"line":346,"column":67}},"131":{"start":{"line":347,"column":6},"end":{"line":347,"column":32}},"132":{"start":{"line":349,"column":6},"end":{"line":349,"column":56}},"133":{"start":{"line":350,"column":6},"end":{"line":350,"column":47}},"134":{"start":{"line":351,"column":6},"end":{"line":351,"column":53}},"135":{"start":{"line":354,"column":6},"end":{"line":356,"column":7}},"136":{"start":{"line":355,"column":8},"end":{"line":355,"column":199}},"137":{"start":{"line":357,"column":6},"end":{"line":359,"column":7}},"138":{"start":{"line":358,"column":8},"end":{"line":358,"column":255}},"139":{"start":{"line":360,"column":6},"end":{"line":362,"column":7}},"140":{"start":{"line":361,"column":8},"end":{"line":361,"column":95}},"141":{"start":{"line":363,"column":6},"end":{"line":365,"column":7}},"142":{"start":{"line":364,"column":8},"end":{"line":364,"column":91}},"143":{"start":{"line":366,"column":6},"end":{"line":366,"column":62}},"144":{"start":{"line":372,"column":4},"end":{"line":391,"column":5}},"145":{"start":{"line":373,"column":33},"end":{"line":373,"column":58}},"146":{"start":{"line":374,"column":6},"end":{"line":376,"column":7}},"147":{"start":{"line":375,"column":8},"end":{"line":375,"column":59}},"148":{"start":{"line":378,"column":19},"end":{"line":378,"column":35}},"149":{"start":{"line":379,"column":6},"end":{"line":381,"column":7}},"150":{"start":{"line":380,"column":8},"end":{"line":380,"column":45}},"151":{"start":{"line":384,"column":21},"end":{"line":384,"column":59}},"152":{"start":{"line":387,"column":6},"end":{"line":387,"column":25}},"153":{"start":{"line":389,"column":6},"end":{"line":389,"column":64}},"154":{"start":{"line":390,"column":6},"end":{"line":390,"column":69}},"155":{"start":{"line":397,"column":20},"end":{"line":397,"column":66}},"156":{"start":{"line":398,"column":4},"end":{"line":405,"column":5}},"157":{"start":{"line":400,"column":6},"end":{"line":402,"column":7}},"158":{"start":{"line":401,"column":8},"end":{"line":401,"column":48}},"159":{"start":{"line":403,"column":6},"end":{"line":403,"column":29}},"160":{"start":{"line":404,"column":6},"end":{"line":404,"column":37}},"161":{"start":{"line":408,"column":4},"end":{"line":415,"column":5}},"162":{"start":{"line":409,"column":6},"end":{"line":413,"column":7}},"163":{"start":{"line":410,"column":8},"end":{"line":410,"column":41}},"164":{"start":{"line":412,"column":8},"end":{"line":412,"column":61}},"165":{"start":{"line":414,"column":6},"end":{"line":414,"column":38}},"166":{"start":{"line":417,"column":4},"end":{"line":417,"column":37}},"167":{"start":{"line":422,"column":32},"end":{"line":798,"column":1}},"168":{"start":{"line":426,"column":19},"end":{"line":426,"column":35}},"169":{"start":{"line":427,"column":6},"end":{"line":427,"column":54}},"170":{"start":{"line":427,"column":17},"end":{"line":427,"column":54}},"171":{"start":{"line":429,"column":29},"end":{"line":429,"column":58}},"172":{"start":{"line":430,"column":21},"end":{"line":436,"column":8}},"173":{"start":{"line":438,"column":6},"end":{"line":438,"column":40}},"174":{"start":{"line":442,"column":29},"end":{"line":442,"column":58}},"175":{"start":{"line":443,"column":14},"end":{"line":443,"column":35}},"176":{"start":{"line":446,"column":26},"end":{"line":446,"column":28}},"177":{"start":{"line":448,"column":6},"end":{"line":452,"column":7}},"178":{"start":{"line":449,"column":23},"end":{"line":449,"column":57}},"179":{"start":{"line":450,"column":24},"end":{"line":450,"column":44}},"180":{"start":{"line":451,"column":8},"end":{"line":451,"column":79}},"181":{"start":{"line":454,"column":6},"end":{"line":456,"column":7}},"182":{"start":{"line":455,"column":8},"end":{"line":455,"column":72}},"183":{"start":{"line":458,"column":6},"end":{"line":460,"column":7}},"184":{"start":{"line":459,"column":8},"end":{"line":459,"column":64}},"185":{"start":{"line":462,"column":6},"end":{"line":464,"column":7}},"186":{"start":{"line":463,"column":8},"end":{"line":463,"column":68}},"187":{"start":{"line":466,"column":6},"end":{"line":468,"column":7}},"188":{"start":{"line":467,"column":8},"end":{"line":467,"column":50}},"189":{"start":{"line":470,"column":28},"end":{"line":470,"column":44}},"190":{"start":{"line":471,"column":20},"end":{"line":474,"column":9}},"191":{"start":{"line":471,"column":51},"end":{"line":474,"column":7}},"192":{"start":{"line":477,"column":6},"end":{"line":503,"column":7}},"193":{"start":{"line":478,"column":20},"end":{"line":478,"column":30}},"194":{"start":{"line":479,"column":8},"end":{"line":479,"column":33}},"195":{"start":{"line":480,"column":8},"end":{"line":502,"column":11}},"196":{"start":{"line":481,"column":10},"end":{"line":484,"column":11}},"197":{"start":{"line":482,"column":12},"end":{"line":482,"column":77}},"198":{"start":{"line":483,"column":12},"end":{"line":483,"column":24}},"199":{"start":{"line":487,"column":24},"end":{"line":487,"column":40}},"200":{"start":{"line":488,"column":10},"end":{"line":493,"column":11}},"201":{"start":{"line":489,"column":12},"end":{"line":489,"column":40}},"202":{"start":{"line":490,"column":17},"end":{"line":493,"column":11}},"203":{"start":{"line":492,"column":12},"end":{"line":492,"column":39}},"204":{"start":{"line":495,"column":10},"end":{"line":495,"column":44}},"205":{"start":{"line":496,"column":32},"end":{"line":496,"column":45}},"206":{"start":{"line":498,"column":10},"end":{"line":500,"column":11}},"207":{"start":{"line":499,"column":12},"end":{"line":499,"column":140}},"208":{"start":{"line":501,"column":10},"end":{"line":501,"column":32}},"209":{"start":{"line":506,"column":6},"end":{"line":527,"column":7}},"210":{"start":{"line":507,"column":25},"end":{"line":507,"column":57}},"211":{"start":{"line":508,"column":8},"end":{"line":508,"column":123}},"212":{"start":{"line":511,"column":8},"end":{"line":526,"column":11}},"213":{"start":{"line":512,"column":10},"end":{"line":515,"column":11}},"214":{"start":{"line":513,"column":12},"end":{"line":513,"column":80}},"215":{"start":{"line":514,"column":12},"end":{"line":514,"column":25}},"216":{"start":{"line":517,"column":27},"end":{"line":522,"column":11}},"217":{"start":{"line":524,"column":10},"end":{"line":524,"column":93}},"218":{"start":{"line":525,"column":10},"end":{"line":525,"column":38}},"219":{"start":{"line":529,"column":6},"end":{"line":529,"column":21}},"220":{"start":{"line":533,"column":21},"end":{"line":533,"column":47}},"221":{"start":{"line":534,"column":6},"end":{"line":534,"column":36}},"222":{"start":{"line":535,"column":22},"end":{"line":535,"column":42}},"223":{"start":{"line":536,"column":6},"end":{"line":536,"column":51}},"224":{"start":{"line":540,"column":6},"end":{"line":540,"column":70}},"225":{"start":{"line":541,"column":21},"end":{"line":541,"column":47}},"226":{"start":{"line":542,"column":6},"end":{"line":542,"column":30}},"227":{"start":{"line":543,"column":6},"end":{"line":543,"column":74}},"228":{"start":{"line":544,"column":6},"end":{"line":544,"column":35}},"229":{"start":{"line":551,"column":6},"end":{"line":551,"column":76}},"230":{"start":{"line":552,"column":19},"end":{"line":552,"column":35}},"231":{"start":{"line":553,"column":6},"end":{"line":553,"column":54}},"232":{"start":{"line":553,"column":17},"end":{"line":553,"column":54}},"233":{"start":{"line":555,"column":31},"end":{"line":555,"column":62}},"234":{"start":{"line":556,"column":21},"end":{"line":561,"column":8}},"235":{"start":{"line":563,"column":6},"end":{"line":563,"column":78}},"236":{"start":{"line":564,"column":6},"end":{"line":564,"column":40}},"237":{"start":{"line":568,"column":6},"end":{"line":568,"column":84}},"238":{"start":{"line":569,"column":19},"end":{"line":569,"column":35}},"239":{"start":{"line":570,"column":6},"end":{"line":570,"column":54}},"240":{"start":{"line":570,"column":17},"end":{"line":570,"column":54}},"241":{"start":{"line":572,"column":31},"end":{"line":572,"column":62}},"242":{"start":{"line":575,"column":26},"end":{"line":575,"column":60}},"243":{"start":{"line":577,"column":6},"end":{"line":579,"column":7}},"244":{"start":{"line":578,"column":8},"end":{"line":578,"column":72}},"245":{"start":{"line":581,"column":6},"end":{"line":583,"column":7}},"246":{"start":{"line":582,"column":8},"end":{"line":582,"column":66}},"247":{"start":{"line":585,"column":16},"end":{"line":585,"column":55}},"248":{"start":{"line":586,"column":28},"end":{"line":586,"column":44}},"249":{"start":{"line":587,"column":22},"end":{"line":590,"column":9}},"250":{"start":{"line":587,"column":53},"end":{"line":590,"column":7}},"251":{"start":{"line":591,"column":6},"end":{"line":591,"column":102}},"252":{"start":{"line":592,"column":6},"end":{"line":592,"column":21}},"253":{"start":{"line":596,"column":6},"end":{"line":596,"column":72}},"254":{"start":{"line":597,"column":21},"end":{"line":597,"column":49}},"255":{"start":{"line":598,"column":6},"end":{"line":598,"column":30}},"256":{"start":{"line":599,"column":6},"end":{"line":599,"column":71}},"257":{"start":{"line":606,"column":23},"end":{"line":606,"column":46}},"258":{"start":{"line":607,"column":26},"end":{"line":607,"column":28}},"259":{"start":{"line":609,"column":6},"end":{"line":611,"column":7}},"260":{"start":{"line":610,"column":8},"end":{"line":610,"column":60}},"261":{"start":{"line":613,"column":6},"end":{"line":615,"column":7}},"262":{"start":{"line":614,"column":8},"end":{"line":614,"column":62}},"263":{"start":{"line":617,"column":16},"end":{"line":619,"column":25}},"264":{"start":{"line":621,"column":28},"end":{"line":621,"column":44}},"265":{"start":{"line":622,"column":6},"end":{"line":625,"column":10}},"266":{"start":{"line":622,"column":44},"end":{"line":625,"column":7}},"267":{"start":{"line":629,"column":21},"end":{"line":629,"column":41}},"268":{"start":{"line":630,"column":6},"end":{"line":630,"column":36}},"269":{"start":{"line":631,"column":22},"end":{"line":631,"column":42}},"270":{"start":{"line":632,"column":6},"end":{"line":632,"column":51}},"271":{"start":{"line":638,"column":19},"end":{"line":638,"column":35}},"272":{"start":{"line":639,"column":6},"end":{"line":641,"column":7}},"273":{"start":{"line":640,"column":8},"end":{"line":640,"column":77}},"274":{"start":{"line":643,"column":6},"end":{"line":672,"column":7}},"275":{"start":{"line":644,"column":8},"end":{"line":644,"column":61}},"276":{"start":{"line":645,"column":22},"end":{"line":645,"column":45}},"277":{"start":{"line":646,"column":8},"end":{"line":646,"column":55}},"278":{"start":{"line":648,"column":25},"end":{"line":655,"column":10}},"279":{"start":{"line":657,"column":8},"end":{"line":657,"column":71}},"280":{"start":{"line":658,"column":29},"end":{"line":658,"column":50}},"281":{"start":{"line":659,"column":8},"end":{"line":659,"column":61}},"282":{"start":{"line":661,"column":8},"end":{"line":665,"column":9}},"283":{"start":{"line":662,"column":27},"end":{"line":662,"column":72}},"284":{"start":{"line":663,"column":10},"end":{"line":663,"column":54}},"285":{"start":{"line":664,"column":10},"end":{"line":664,"column":36}},"286":{"start":{"line":667,"column":8},"end":{"line":667,"column":49}},"287":{"start":{"line":668,"column":8},"end":{"line":668,"column":37}},"288":{"start":{"line":670,"column":8},"end":{"line":670,"column":70}},"289":{"start":{"line":671,"column":8},"end":{"line":671,"column":20}},"290":{"start":{"line":679,"column":19},"end":{"line":679,"column":35}},"291":{"start":{"line":680,"column":6},"end":{"line":680,"column":54}},"292":{"start":{"line":680,"column":17},"end":{"line":680,"column":54}},"293":{"start":{"line":682,"column":26},"end":{"line":682,"column":52}},"294":{"start":{"line":683,"column":21},"end":{"line":689,"column":8}},"295":{"start":{"line":691,"column":6},"end":{"line":691,"column":40}},"296":{"start":{"line":695,"column":26},"end":{"line":695,"column":52}},"297":{"start":{"line":696,"column":26},"end":{"line":696,"column":28}},"298":{"start":{"line":698,"column":6},"end":{"line":700,"column":7}},"299":{"start":{"line":699,"column":8},"end":{"line":699,"column":66}},"300":{"start":{"line":702,"column":6},"end":{"line":704,"column":7}},"301":{"start":{"line":703,"column":8},"end":{"line":703,"column":64}},"302":{"start":{"line":706,"column":16},"end":{"line":708,"column":28}},"303":{"start":{"line":710,"column":28},"end":{"line":710,"column":44}},"304":{"start":{"line":711,"column":6},"end":{"line":714,"column":10}},"305":{"start":{"line":711,"column":44},"end":{"line":714,"column":7}},"306":{"start":{"line":718,"column":21},"end":{"line":718,"column":44}},"307":{"start":{"line":719,"column":6},"end":{"line":719,"column":36}},"308":{"start":{"line":720,"column":22},"end":{"line":720,"column":42}},"309":{"start":{"line":721,"column":6},"end":{"line":721,"column":51}},"310":{"start":{"line":728,"column":26},"end":{"line":728,"column":59}},"311":{"start":{"line":729,"column":21},"end":{"line":733,"column":8}},"312":{"start":{"line":735,"column":6},"end":{"line":735,"column":40}},"313":{"start":{"line":739,"column":26},"end":{"line":739,"column":59}},"314":{"start":{"line":740,"column":26},"end":{"line":740,"column":28}},"315":{"start":{"line":742,"column":6},"end":{"line":744,"column":7}},"316":{"start":{"line":743,"column":8},"end":{"line":743,"column":64}},"317":{"start":{"line":746,"column":16},"end":{"line":748,"column":59}},"318":{"start":{"line":750,"column":28},"end":{"line":750,"column":44}},"319":{"start":{"line":751,"column":6},"end":{"line":754,"column":10}},"320":{"start":{"line":751,"column":44},"end":{"line":754,"column":7}},"321":{"start":{"line":758,"column":21},"end":{"line":758,"column":51}},"322":{"start":{"line":759,"column":6},"end":{"line":759,"column":36}},"323":{"start":{"line":760,"column":22},"end":{"line":760,"column":42}},"324":{"start":{"line":761,"column":6},"end":{"line":761,"column":51}},"325":{"start":{"line":765,"column":21},"end":{"line":765,"column":51}},"326":{"start":{"line":766,"column":6},"end":{"line":766,"column":30}},"327":{"start":{"line":773,"column":6},"end":{"line":781,"column":7}},"328":{"start":{"line":774,"column":23},"end":{"line":774,"column":56}},"329":{"start":{"line":775,"column":24},"end":{"line":775,"column":44}},"330":{"start":{"line":776,"column":8},"end":{"line":776,"column":94}},"331":{"start":{"line":777,"column":8},"end":{"line":777,"column":77}},"332":{"start":{"line":779,"column":8},"end":{"line":779,"column":62}},"333":{"start":{"line":780,"column":8},"end":{"line":780,"column":18}},"334":{"start":{"line":785,"column":6},"end":{"line":795,"column":7}},"335":{"start":{"line":786,"column":8},"end":{"line":786,"column":60}},"336":{"start":{"line":787,"column":23},"end":{"line":787,"column":56}},"337":{"start":{"line":788,"column":8},"end":{"line":788,"column":52}},"338":{"start":{"line":789,"column":8},"end":{"line":789,"column":57}},"339":{"start":{"line":790,"column":24},"end":{"line":790,"column":44}},"340":{"start":{"line":791,"column":8},"end":{"line":791,"column":53}},"341":{"start":{"line":793,"column":8},"end":{"line":793,"column":63}},"342":{"start":{"line":794,"column":8},"end":{"line":794,"column":20}},"343":{"start":{"line":801,"column":31},"end":{"line":812,"column":1}},"344":{"start":{"line":803,"column":4},"end":{"line":810,"column":5}},"345":{"start":{"line":804,"column":25},"end":{"line":804,"column":43}},"346":{"start":{"line":805,"column":6},"end":{"line":805,"column":42}},"347":{"start":{"line":806,"column":26},"end":{"line":806,"column":58}},"348":{"start":{"line":807,"column":6},"end":{"line":807,"column":25}},"349":{"start":{"line":809,"column":6},"end":{"line":809,"column":63}},"350":{"start":{"line":815,"column":33},"end":{"line":844,"column":1}},"351":{"start":{"line":817,"column":4},"end":{"line":842,"column":5}},"352":{"start":{"line":819,"column":21},"end":{"line":819,"column":60}},"353":{"start":{"line":821,"column":6},"end":{"line":821,"column":50}},"354":{"start":{"line":823,"column":23},"end":{"line":830,"column":8}},"355":{"start":{"line":832,"column":6},"end":{"line":835,"column":7}},"356":{"start":{"line":833,"column":26},"end":{"line":833,"column":47}},"357":{"start":{"line":834,"column":8},"end":{"line":834,"column":76}},"358":{"start":{"line":837,"column":21},"end":{"line":837,"column":42}},"359":{"start":{"line":838,"column":6},"end":{"line":838,"column":20}},"360":{"start":{"line":840,"column":6},"end":{"line":840,"column":52}},"361":{"start":{"line":841,"column":6},"end":{"line":841,"column":64}},"362":{"start":{"line":847,"column":21},"end":{"line":857,"column":1}},"363":{"start":{"line":848,"column":2},"end":{"line":855,"column":3}},"364":{"start":{"line":849,"column":17},"end":{"line":849,"column":33}},"365":{"start":{"line":850,"column":4},"end":{"line":852,"column":5}},"366":{"start":{"line":851,"column":6},"end":{"line":851,"column":37}},"367":{"start":{"line":854,"column":4},"end":{"line":854,"column":54}},"368":{"start":{"line":856,"column":2},"end":{"line":856,"column":12}},"369":{"start":{"line":860,"column":33},"end":{"line":934,"column":1}},"370":{"start":{"line":862,"column":4},"end":{"line":932,"column":6}},"371":{"start":{"line":864,"column":8},"end":{"line":896,"column":10}},"372":{"start":{"line":866,"column":12},"end":{"line":876,"column":13}},"373":{"start":{"line":867,"column":29},"end":{"line":867,"column":61}},"374":{"start":{"line":868,"column":30},"end":{"line":868,"column":50}},"375":{"start":{"line":869,"column":14},"end":{"line":872,"column":16}},"376":{"start":{"line":871,"column":28},"end":{"line":871,"column":42}},"377":{"start":{"line":874,"column":14},"end":{"line":874,"column":62}},"378":{"start":{"line":875,"column":14},"end":{"line":875,"column":26}},"379":{"start":{"line":879,"column":12},"end":{"line":885,"column":13}},"380":{"start":{"line":880,"column":29},"end":{"line":880,"column":61}},"381":{"start":{"line":881,"column":14},"end":{"line":881,"column":50}},"382":{"start":{"line":883,"column":14},"end":{"line":883,"column":62}},"383":{"start":{"line":884,"column":14},"end":{"line":884,"column":26}},"384":{"start":{"line":888,"column":12},"end":{"line":894,"column":13}},"385":{"start":{"line":889,"column":29},"end":{"line":889,"column":61}},"386":{"start":{"line":890,"column":14},"end":{"line":890,"column":38}},"387":{"start":{"line":892,"column":14},"end":{"line":892,"column":63}},"388":{"start":{"line":893,"column":14},"end":{"line":893,"column":26}},"389":{"start":{"line":900,"column":8},"end":{"line":916,"column":9}},"390":{"start":{"line":901,"column":32},"end":{"line":901,"column":62}},"391":{"start":{"line":903,"column":10},"end":{"line":907,"column":11}},"392":{"start":{"line":904,"column":12},"end":{"line":904,"column":76}},"393":{"start":{"line":906,"column":12},"end":{"line":906,"column":30}},"394":{"start":{"line":908,"column":27},"end":{"line":908,"column":43}},"395":{"start":{"line":909,"column":10},"end":{"line":912,"column":14}},"396":{"start":{"line":909,"column":47},"end":{"line":912,"column":11}},"397":{"start":{"line":914,"column":10},"end":{"line":914,"column":59}},"398":{"start":{"line":915,"column":10},"end":{"line":915,"column":22}},"399":{"start":{"line":920,"column":8},"end":{"line":930,"column":9}},"400":{"start":{"line":921,"column":32},"end":{"line":921,"column":62}},"401":{"start":{"line":922,"column":25},"end":{"line":925,"column":12}},"402":{"start":{"line":926,"column":10},"end":{"line":926,"column":27}},"403":{"start":{"line":928,"column":10},"end":{"line":928,"column":57}},"404":{"start":{"line":929,"column":10},"end":{"line":929,"column":22}},"405":{"start":{"line":937,"column":24},"end":{"line":1173,"column":1}},"406":{"start":{"line":948,"column":27},"end":{"line":1149,"column":5}},"407":{"start":{"line":1151,"column":4},"end":{"line":1171,"column":5}},"408":{"start":{"line":1152,"column":18},"end":{"line":1152,"column":19}},"409":{"start":{"line":1153,"column":6},"end":{"line":1165,"column":7}},"410":{"start":{"line":1154,"column":8},"end":{"line":1164,"column":9}},"411":{"start":{"line":1156,"column":33},"end":{"line":1156,"column":62}},"412":{"start":{"line":1157,"column":10},"end":{"line":1160,"column":13}},"413":{"start":{"line":1161,"column":10},"end":{"line":1161,"column":18}},"414":{"start":{"line":1163,"column":10},"end":{"line":1163,"column":79}},"415":{"start":{"line":1166,"column":6},"end":{"line":1166,"column":80}},"416":{"start":{"line":1167,"column":6},"end":{"line":1167,"column":19}},"417":{"start":{"line":1169,"column":6},"end":{"line":1169,"column":63}},"418":{"start":{"line":1170,"column":6},"end":{"line":1170,"column":18}},"419":{"start":{"line":1177,"column":12},"end":{"line":1177,"column":16}},"420":{"start":{"line":1178,"column":15},"end":{"line":1178,"column":46}},"421":{"start":{"line":1179,"column":15},"end":{"line":1179,"column":46}},"422":{"start":{"line":1181,"column":4},"end":{"line":1183,"column":43}},"423":{"start":{"line":1184,"column":12},"end":{"line":1184,"column":58}},"424":{"start":{"line":1185,"column":2},"end":{"line":1185,"column":15}},"425":{"start":{"line":1189,"column":22},"end":{"line":1213,"column":1}},"426":{"start":{"line":1217,"column":2},"end":{"line":1217,"column":37}},"427":{"start":{"line":1217,"column":25},"end":{"line":1217,"column":37}},"428":{"start":{"line":1219,"column":21},"end":{"line":1219,"column":58}},"429":{"start":{"line":1222,"column":26},"end":{"line":1222,"column":51}},"430":{"start":{"line":1223,"column":2},"end":{"line":1226,"column":3}},"431":{"start":{"line":1224,"column":4},"end":{"line":1224,"column":81}},"432":{"start":{"line":1225,"column":4},"end":{"line":1225,"column":27}},"433":{"start":{"line":1229,"column":2},"end":{"line":1229,"column":100}},"434":{"start":{"line":1230,"column":2},"end":{"line":1255,"column":3}},"435":{"start":{"line":1231,"column":21},"end":{"line":1240,"column":6}},"436":{"start":{"line":1242,"column":4},"end":{"line":1252,"column":5}},"437":{"start":{"line":1243,"column":19},"end":{"line":1243,"column":40}},"438":{"start":{"line":1244,"column":6},"end":{"line":1251,"column":7}},"439":{"start":{"line":1245,"column":8},"end":{"line":1245,"column":96}},"440":{"start":{"line":1246,"column":8},"end":{"line":1250,"column":10}},"441":{"start":{"line":1254,"column":4},"end":{"line":1254,"column":94}},"442":{"start":{"line":1257,"column":2},"end":{"line":1257,"column":72}},"443":{"start":{"line":1258,"column":2},"end":{"line":1258,"column":14}},"444":{"start":{"line":1262,"column":0},"end":{"line":1264,"column":1}},"445":{"start":{"line":1263,"column":2},"end":{"line":1263,"column":53}}},"fnMap":{"0":{"name":"(anonymous_0)","decl":{"start":{"line":72,"column":9},"end":{"line":72,"column":10}},"loc":{"start":{"line":72,"column":36},"end":{"line":79,"column":3}},"line":72},"1":{"name":"(anonymous_1)","decl":{"start":{"line":82,"column":10},"end":{"line":82,"column":11}},"loc":{"start":{"line":82,"column":37},"end":{"line":105,"column":3}},"line":82},"2":{"name":"(anonymous_2)","decl":{"start":{"line":108,"column":10},"end":{"line":108,"column":11}},"loc":{"start":{"line":108,"column":22},"end":{"line":114,"column":3}},"line":108},"3":{"name":"(anonymous_3)","decl":{"start":{"line":117,"column":18},"end":{"line":117,"column":19}},"loc":{"start":{"line":117,"column":24},"end":{"line":119,"column":3}},"line":117},"4":{"name":"(anonymous_4)","decl":{"start":{"line":122,"column":19},"end":{"line":122,"column":20}},"loc":{"start":{"line":122,"column":31},"end":{"line":129,"column":3}},"line":122},"5":{"name":"(anonymous_5)","decl":{"start":{"line":123,"column":23},"end":{"line":123,"column":24}},"loc":{"start":{"line":123,"column":36},"end":{"line":128,"column":5}},"line":123},"6":{"name":"(anonymous_6)","decl":{"start":{"line":124,"column":51},"end":{"line":124,"column":52}},"loc":{"start":{"line":124,"column":61},"end":{"line":127,"column":7}},"line":124},"7":{"name":"(anonymous_7)","decl":{"start":{"line":132,"column":6},"end":{"line":132,"column":7}},"loc":{"start":{"line":132,"column":18},"end":{"line":159,"column":3}},"line":132},"8":{"name":"(anonymous_8)","decl":{"start":{"line":162,"column":22},"end":{"line":162,"column":23}},"loc":{"start":{"line":162,"column":36},"end":{"line":164,"column":3}},"line":162},"9":{"name":"(anonymous_9)","decl":{"start":{"line":167,"column":17},"end":{"line":167,"column":18}},"loc":{"start":{"line":167,"column":33},"end":{"line":188,"column":3}},"line":167},"10":{"name":"(anonymous_10)","decl":{"start":{"line":191,"column":17},"end":{"line":191,"column":18}},"loc":{"start":{"line":191,"column":34},"end":{"line":197,"column":3}},"line":191},"11":{"name":"(anonymous_11)","decl":{"start":{"line":200,"column":18},"end":{"line":200,"column":19}},"loc":{"start":{"line":200,"column":58},"end":{"line":219,"column":3}},"line":200},"12":{"name":"(anonymous_12)","decl":{"start":{"line":222,"column":18},"end":{"line":222,"column":19}},"loc":{"start":{"line":222,"column":33},"end":{"line":286,"column":3}},"line":222},"13":{"name":"(anonymous_13)","decl":{"start":{"line":223,"column":23},"end":{"line":223,"column":24}},"loc":{"start":{"line":223,"column":44},"end":{"line":285,"column":5}},"line":223},"14":{"name":"(anonymous_14)","decl":{"start":{"line":249,"column":17},"end":{"line":249,"column":18}},"loc":{"start":{"line":249,"column":23},"end":{"line":284,"column":7}},"line":249},"15":{"name":"(anonymous_15)","decl":{"start":{"line":265,"column":22},"end":{"line":265,"column":23}},"loc":{"start":{"line":265,"column":36},"end":{"line":267,"column":13}},"line":265},"16":{"name":"(anonymous_16)","decl":{"start":{"line":268,"column":32},"end":{"line":268,"column":33}},"loc":{"start":{"line":268,"column":38},"end":{"line":270,"column":13}},"line":268},"17":{"name":"(anonymous_17)","decl":{"start":{"line":271,"column":30},"end":{"line":271,"column":31}},"loc":{"start":{"line":271,"column":41},"end":{"line":273,"column":13}},"line":271},"18":{"name":"(anonymous_18)","decl":{"start":{"line":289,"column":25},"end":{"line":289,"column":26}},"loc":{"start":{"line":289,"column":48},"end":{"line":368,"column":3}},"line":289},"19":{"name":"(anonymous_19)","decl":{"start":{"line":371,"column":19},"end":{"line":371,"column":20}},"loc":{"start":{"line":371,"column":35},"end":{"line":392,"column":3}},"line":371},"20":{"name":"(anonymous_20)","decl":{"start":{"line":395,"column":18},"end":{"line":395,"column":19}},"loc":{"start":{"line":395,"column":24},"end":{"line":418,"column":3}},"line":395},"21":{"name":"(anonymous_21)","decl":{"start":{"line":425,"column":12},"end":{"line":425,"column":13}},"loc":{"start":{"line":425,"column":28},"end":{"line":439,"column":5}},"line":425},"22":{"name":"(anonymous_22)","decl":{"start":{"line":441,"column":12},"end":{"line":441,"column":13}},"loc":{"start":{"line":441,"column":36},"end":{"line":530,"column":5}},"line":441},"23":{"name":"(anonymous_23)","decl":{"start":{"line":471,"column":43},"end":{"line":471,"column":44}},"loc":{"start":{"line":471,"column":51},"end":{"line":474,"column":7}},"line":471},"24":{"name":"(anonymous_24)","decl":{"start":{"line":480,"column":33},"end":{"line":480,"column":34}},"loc":{"start":{"line":480,"column":44},"end":{"line":502,"column":9}},"line":480},"25":{"name":"(anonymous_25)","decl":{"start":{"line":511,"column":33},"end":{"line":511,"column":34}},"loc":{"start":{"line":511,"column":44},"end":{"line":526,"column":9}},"line":511},"26":{"name":"(anonymous_26)","decl":{"start":{"line":532,"column":12},"end":{"line":532,"column":13}},"loc":{"start":{"line":532,"column":32},"end":{"line":537,"column":5}},"line":532},"27":{"name":"(anonymous_27)","decl":{"start":{"line":539,"column":12},"end":{"line":539,"column":13}},"loc":{"start":{"line":539,"column":26},"end":{"line":545,"column":5}},"line":539},"28":{"name":"(anonymous_28)","decl":{"start":{"line":550,"column":12},"end":{"line":550,"column":13}},"loc":{"start":{"line":550,"column":28},"end":{"line":565,"column":5}},"line":550},"29":{"name":"(anonymous_29)","decl":{"start":{"line":567,"column":12},"end":{"line":567,"column":13}},"loc":{"start":{"line":567,"column":36},"end":{"line":593,"column":5}},"line":567},"30":{"name":"(anonymous_30)","decl":{"start":{"line":587,"column":45},"end":{"line":587,"column":46}},"loc":{"start":{"line":587,"column":53},"end":{"line":590,"column":7}},"line":587},"31":{"name":"(anonymous_31)","decl":{"start":{"line":595,"column":12},"end":{"line":595,"column":13}},"loc":{"start":{"line":595,"column":26},"end":{"line":600,"column":5}},"line":595},"32":{"name":"(anonymous_32)","decl":{"start":{"line":605,"column":12},"end":{"line":605,"column":13}},"loc":{"start":{"line":605,"column":36},"end":{"line":626,"column":5}},"line":605},"33":{"name":"(anonymous_33)","decl":{"start":{"line":622,"column":36},"end":{"line":622,"column":37}},"loc":{"start":{"line":622,"column":44},"end":{"line":625,"column":7}},"line":622},"34":{"name":"(anonymous_34)","decl":{"start":{"line":628,"column":12},"end":{"line":628,"column":13}},"loc":{"start":{"line":628,"column":32},"end":{"line":633,"column":5}},"line":628},"35":{"name":"(anonymous_35)","decl":{"start":{"line":635,"column":12},"end":{"line":635,"column":13}},"loc":{"start":{"line":635,"column":26},"end":{"line":673,"column":5}},"line":635},"36":{"name":"(anonymous_36)","decl":{"start":{"line":678,"column":12},"end":{"line":678,"column":13}},"loc":{"start":{"line":678,"column":28},"end":{"line":692,"column":5}},"line":678},"37":{"name":"(anonymous_37)","decl":{"start":{"line":694,"column":12},"end":{"line":694,"column":13}},"loc":{"start":{"line":694,"column":36},"end":{"line":715,"column":5}},"line":694},"38":{"name":"(anonymous_38)","decl":{"start":{"line":711,"column":36},"end":{"line":711,"column":37}},"loc":{"start":{"line":711,"column":44},"end":{"line":714,"column":7}},"line":711},"39":{"name":"(anonymous_39)","decl":{"start":{"line":717,"column":12},"end":{"line":717,"column":13}},"loc":{"start":{"line":717,"column":32},"end":{"line":722,"column":5}},"line":717},"40":{"name":"(anonymous_40)","decl":{"start":{"line":727,"column":12},"end":{"line":727,"column":13}},"loc":{"start":{"line":727,"column":28},"end":{"line":736,"column":5}},"line":727},"41":{"name":"(anonymous_41)","decl":{"start":{"line":738,"column":12},"end":{"line":738,"column":13}},"loc":{"start":{"line":738,"column":36},"end":{"line":755,"column":5}},"line":738},"42":{"name":"(anonymous_42)","decl":{"start":{"line":751,"column":36},"end":{"line":751,"column":37}},"loc":{"start":{"line":751,"column":44},"end":{"line":754,"column":7}},"line":751},"43":{"name":"(anonymous_43)","decl":{"start":{"line":757,"column":12},"end":{"line":757,"column":13}},"loc":{"start":{"line":757,"column":32},"end":{"line":762,"column":5}},"line":757},"44":{"name":"(anonymous_44)","decl":{"start":{"line":764,"column":12},"end":{"line":764,"column":13}},"loc":{"start":{"line":764,"column":26},"end":{"line":767,"column":5}},"line":764},"45":{"name":"(anonymous_45)","decl":{"start":{"line":772,"column":9},"end":{"line":772,"column":10}},"loc":{"start":{"line":772,"column":21},"end":{"line":782,"column":5}},"line":772},"46":{"name":"(anonymous_46)","decl":{"start":{"line":784,"column":12},"end":{"line":784,"column":13}},"loc":{"start":{"line":784,"column":28},"end":{"line":796,"column":5}},"line":784},"47":{"name":"(anonymous_47)","decl":{"start":{"line":802,"column":15},"end":{"line":802,"column":16}},"loc":{"start":{"line":802,"column":37},"end":{"line":811,"column":3}},"line":802},"48":{"name":"(anonymous_48)","decl":{"start":{"line":816,"column":10},"end":{"line":816,"column":11}},"loc":{"start":{"line":816,"column":40},"end":{"line":843,"column":3}},"line":816},"49":{"name":"(anonymous_49)","decl":{"start":{"line":847,"column":21},"end":{"line":847,"column":22}},"loc":{"start":{"line":847,"column":33},"end":{"line":857,"column":1}},"line":847},"50":{"name":"(anonymous_50)","decl":{"start":{"line":861,"column":14},"end":{"line":861,"column":15}},"loc":{"start":{"line":861,"column":34},"end":{"line":933,"column":3}},"line":861},"51":{"name":"(anonymous_51)","decl":{"start":{"line":863,"column":11},"end":{"line":863,"column":12}},"loc":{"start":{"line":863,"column":24},"end":{"line":897,"column":7}},"line":863},"52":{"name":"(anonymous_52)","decl":{"start":{"line":865,"column":15},"end":{"line":865,"column":16}},"loc":{"start":{"line":865,"column":27},"end":{"line":877,"column":11}},"line":865},"53":{"name":"(anonymous_53)","decl":{"start":{"line":871,"column":22},"end":{"line":871,"column":23}},"loc":{"start":{"line":871,"column":28},"end":{"line":871,"column":42}},"line":871},"54":{"name":"(anonymous_54)","decl":{"start":{"line":878,"column":15},"end":{"line":878,"column":16}},"loc":{"start":{"line":878,"column":45},"end":{"line":886,"column":11}},"line":878},"55":{"name":"(anonymous_55)","decl":{"start":{"line":887,"column":18},"end":{"line":887,"column":19}},"loc":{"start":{"line":887,"column":30},"end":{"line":895,"column":11}},"line":887},"56":{"name":"(anonymous_56)","decl":{"start":{"line":899,"column":15},"end":{"line":899,"column":16}},"loc":{"start":{"line":899,"column":70},"end":{"line":917,"column":7}},"line":899},"57":{"name":"(anonymous_57)","decl":{"start":{"line":909,"column":35},"end":{"line":909,"column":36}},"loc":{"start":{"line":909,"column":47},"end":{"line":912,"column":11}},"line":909},"58":{"name":"(anonymous_58)","decl":{"start":{"line":919,"column":11},"end":{"line":919,"column":12}},"loc":{"start":{"line":919,"column":27},"end":{"line":931,"column":7}},"line":919},"59":{"name":"(anonymous_59)","decl":{"start":{"line":947,"column":22},"end":{"line":947,"column":23}},"loc":{"start":{"line":947,"column":34},"end":{"line":1172,"column":3}},"line":947},"60":{"name":"calculateDistance","decl":{"start":{"line":1176,"column":9},"end":{"line":1176,"column":26}},"loc":{"start":{"line":1176,"column":51},"end":{"line":1186,"column":1}},"line":1176},"61":{"name":"getSuburbCoordinates","decl":{"start":{"line":1216,"column":15},"end":{"line":1216,"column":35}},"loc":{"start":{"line":1216,"column":54},"end":{"line":1259,"column":1}},"line":1216}},"branchMap":{"0":{"loc":{"start":{"line":60,"column":22},"end":{"line":60,"column":85}},"type":"binary-expr","locations":[{"start":{"line":60,"column":22},"end":{"line":60,"column":60}},{"start":{"line":60,"column":64},"end":{"line":60,"column":85}}],"line":60},"1":{"loc":{"start":{"line":61,"column":0},"end":{"line":67,"column":1}},"type":"if","locations":[{"start":{"line":61,"column":0},"end":{"line":67,"column":1}},{"start":{"line":64,"column":7},"end":{"line":67,"column":1}}],"line":61},"2":{"loc":{"start":{"line":93,"column":6},"end":{"line":103,"column":7}},"type":"if","locations":[{"start":{"line":93,"column":6},"end":{"line":103,"column":7}},{"start":{"line":95,"column":13},"end":{"line":103,"column":7}}],"line":93},"3":{"loc":{"start":{"line":95,"column":13},"end":{"line":103,"column":7}},"type":"if","locations":[{"start":{"line":95,"column":13},"end":{"line":103,"column":7}},{"start":{"line":97,"column":13},"end":{"line":103,"column":7}}],"line":95},"4":{"loc":{"start":{"line":97,"column":13},"end":{"line":103,"column":7}},"type":"if","locations":[{"start":{"line":97,"column":13},"end":{"line":103,"column":7}},{"start":{"line":99,"column":13},"end":{"line":103,"column":7}}],"line":97},"5":{"loc":{"start":{"line":99,"column":13},"end":{"line":103,"column":7}},"type":"if","locations":[{"start":{"line":99,"column":13},"end":{"line":103,"column":7}},{"start":{"line":101,"column":13},"end":{"line":103,"column":7}}],"line":99},"6":{"loc":{"start":{"line":134,"column":4},"end":{"line":136,"column":5}},"type":"if","locations":[{"start":{"line":134,"column":4},"end":{"line":136,"column":5}},{"start":{},"end":{}}],"line":134},"7":{"loc":{"start":{"line":142,"column":4},"end":{"line":148,"column":5}},"type":"if","locations":[{"start":{"line":142,"column":4},"end":{"line":148,"column":5}},{"start":{},"end":{}}],"line":142},"8":{"loc":{"start":{"line":169,"column":4},"end":{"line":171,"column":5}},"type":"if","locations":[{"start":{"line":169,"column":4},"end":{"line":171,"column":5}},{"start":{},"end":{}}],"line":169},"9":{"loc":{"start":{"line":173,"column":4},"end":{"line":176,"column":5}},"type":"if","locations":[{"start":{"line":173,"column":4},"end":{"line":176,"column":5}},{"start":{},"end":{}}],"line":173},"10":{"loc":{"start":{"line":173,"column":8},"end":{"line":173,"column":47}},"type":"binary-expr","locations":[{"start":{"line":173,"column":8},"end":{"line":173,"column":13}},{"start":{"line":173,"column":17},"end":{"line":173,"column":47}}],"line":173},"11":{"loc":{"start":{"line":202,"column":4},"end":{"line":204,"column":5}},"type":"if","locations":[{"start":{"line":202,"column":4},"end":{"line":204,"column":5}},{"start":{},"end":{}}],"line":202},"12":{"loc":{"start":{"line":202,"column":8},"end":{"line":202,"column":28}},"type":"binary-expr","locations":[{"start":{"line":202,"column":8},"end":{"line":202,"column":13}},{"start":{"line":202,"column":17},"end":{"line":202,"column":28}}],"line":202},"13":{"loc":{"start":{"line":214,"column":6},"end":{"line":216,"column":7}},"type":"if","locations":[{"start":{"line":214,"column":6},"end":{"line":216,"column":7}},{"start":{},"end":{}}],"line":214},"14":{"loc":{"start":{"line":226,"column":6},"end":{"line":229,"column":7}},"type":"if","locations":[{"start":{"line":226,"column":6},"end":{"line":229,"column":7}},{"start":{},"end":{}}],"line":226},"15":{"loc":{"start":{"line":239,"column":6},"end":{"line":246,"column":7}},"type":"if","locations":[{"start":{"line":239,"column":6},"end":{"line":246,"column":7}},{"start":{},"end":{}}],"line":239},"16":{"loc":{"start":{"line":252,"column":10},"end":{"line":256,"column":11}},"type":"if","locations":[{"start":{"line":252,"column":10},"end":{"line":256,"column":11}},{"start":{},"end":{}}],"line":252},"17":{"loc":{"start":{"line":258,"column":78},"end":{"line":258,"column":122}},"type":"cond-expr","locations":[{"start":{"line":258,"column":94},"end":{"line":258,"column":106}},{"start":{"line":258,"column":109},"end":{"line":258,"column":122}}],"line":258},"18":{"loc":{"start":{"line":266,"column":65},"end":{"line":266,"column":86}},"type":"binary-expr","locations":[{"start":{"line":266,"column":65},"end":{"line":266,"column":81}},{"start":{"line":266,"column":85},"end":{"line":266,"column":86}}],"line":266},"19":{"loc":{"start":{"line":293,"column":6},"end":{"line":295,"column":7}},"type":"if","locations":[{"start":{"line":293,"column":6},"end":{"line":295,"column":7}},{"start":{},"end":{}}],"line":293},"20":{"loc":{"start":{"line":304,"column":6},"end":{"line":306,"column":7}},"type":"if","locations":[{"start":{"line":304,"column":6},"end":{"line":306,"column":7}},{"start":{},"end":{}}],"line":304},"21":{"loc":{"start":{"line":309,"column":6},"end":{"line":311,"column":7}},"type":"if","locations":[{"start":{"line":309,"column":6},"end":{"line":311,"column":7}},{"start":{},"end":{}}],"line":309},"22":{"loc":{"start":{"line":318,"column":6},"end":{"line":323,"column":7}},"type":"if","locations":[{"start":{"line":318,"column":6},"end":{"line":323,"column":7}},{"start":{},"end":{}}],"line":318},"23":{"loc":{"start":{"line":330,"column":6},"end":{"line":335,"column":7}},"type":"if","locations":[{"start":{"line":330,"column":6},"end":{"line":335,"column":7}},{"start":{"line":333,"column":13},"end":{"line":335,"column":7}}],"line":330},"24":{"loc":{"start":{"line":330,"column":10},"end":{"line":330,"column":36}},"type":"binary-expr","locations":[{"start":{"line":330,"column":10},"end":{"line":330,"column":19}},{"start":{"line":330,"column":23},"end":{"line":330,"column":36}}],"line":330},"25":{"loc":{"start":{"line":333,"column":13},"end":{"line":335,"column":7}},"type":"if","locations":[{"start":{"line":333,"column":13},"end":{"line":335,"column":7}},{"start":{},"end":{}}],"line":333},"26":{"loc":{"start":{"line":337,"column":6},"end":{"line":339,"column":7}},"type":"if","locations":[{"start":{"line":337,"column":6},"end":{"line":339,"column":7}},{"start":{},"end":{}}],"line":337},"27":{"loc":{"start":{"line":354,"column":6},"end":{"line":356,"column":7}},"type":"if","locations":[{"start":{"line":354,"column":6},"end":{"line":356,"column":7}},{"start":{},"end":{}}],"line":354},"28":{"loc":{"start":{"line":354,"column":10},"end":{"line":354,"column":111}},"type":"binary-expr","locations":[{"start":{"line":354,"column":10},"end":{"line":354,"column":52}},{"start":{"line":354,"column":56},"end":{"line":354,"column":111}}],"line":354},"29":{"loc":{"start":{"line":357,"column":6},"end":{"line":359,"column":7}},"type":"if","locations":[{"start":{"line":357,"column":6},"end":{"line":359,"column":7}},{"start":{},"end":{}}],"line":357},"30":{"loc":{"start":{"line":357,"column":10},"end":{"line":357,"column":106}},"type":"binary-expr","locations":[{"start":{"line":357,"column":10},"end":{"line":357,"column":54}},{"start":{"line":357,"column":58},"end":{"line":357,"column":106}}],"line":357},"31":{"loc":{"start":{"line":360,"column":6},"end":{"line":362,"column":7}},"type":"if","locations":[{"start":{"line":360,"column":6},"end":{"line":362,"column":7}},{"start":{},"end":{}}],"line":360},"32":{"loc":{"start":{"line":363,"column":6},"end":{"line":365,"column":7}},"type":"if","locations":[{"start":{"line":363,"column":6},"end":{"line":365,"column":7}},{"start":{},"end":{}}],"line":363},"33":{"loc":{"start":{"line":374,"column":6},"end":{"line":376,"column":7}},"type":"if","locations":[{"start":{"line":374,"column":6},"end":{"line":376,"column":7}},{"start":{},"end":{}}],"line":374},"34":{"loc":{"start":{"line":379,"column":6},"end":{"line":381,"column":7}},"type":"if","locations":[{"start":{"line":379,"column":6},"end":{"line":381,"column":7}},{"start":{},"end":{}}],"line":379},"35":{"loc":{"start":{"line":398,"column":4},"end":{"line":405,"column":5}},"type":"if","locations":[{"start":{"line":398,"column":4},"end":{"line":405,"column":5}},{"start":{},"end":{}}],"line":398},"36":{"loc":{"start":{"line":408,"column":4},"end":{"line":415,"column":5}},"type":"if","locations":[{"start":{"line":408,"column":4},"end":{"line":415,"column":5}},{"start":{},"end":{}}],"line":408},"37":{"loc":{"start":{"line":427,"column":6},"end":{"line":427,"column":54}},"type":"if","locations":[{"start":{"line":427,"column":6},"end":{"line":427,"column":54}},{"start":{},"end":{}}],"line":427},"38":{"loc":{"start":{"line":441,"column":19},"end":{"line":441,"column":31}},"type":"default-arg","locations":[{"start":{"line":441,"column":29},"end":{"line":441,"column":31}}],"line":441},"39":{"loc":{"start":{"line":448,"column":6},"end":{"line":452,"column":7}},"type":"if","locations":[{"start":{"line":448,"column":6},"end":{"line":452,"column":7}},{"start":{},"end":{}}],"line":448},"40":{"loc":{"start":{"line":451,"column":15},"end":{"line":451,"column":78}},"type":"cond-expr","locations":[{"start":{"line":451,"column":34},"end":{"line":451,"column":73}},{"start":{"line":451,"column":76},"end":{"line":451,"column":78}}],"line":451},"41":{"loc":{"start":{"line":454,"column":6},"end":{"line":456,"column":7}},"type":"if","locations":[{"start":{"line":454,"column":6},"end":{"line":456,"column":7}},{"start":{},"end":{}}],"line":454},"42":{"loc":{"start":{"line":458,"column":6},"end":{"line":460,"column":7}},"type":"if","locations":[{"start":{"line":458,"column":6},"end":{"line":460,"column":7}},{"start":{},"end":{}}],"line":458},"43":{"loc":{"start":{"line":462,"column":6},"end":{"line":464,"column":7}},"type":"if","locations":[{"start":{"line":462,"column":6},"end":{"line":464,"column":7}},{"start":{},"end":{}}],"line":462},"44":{"loc":{"start":{"line":466,"column":6},"end":{"line":468,"column":7}},"type":"if","locations":[{"start":{"line":466,"column":6},"end":{"line":468,"column":7}},{"start":{},"end":{}}],"line":466},"45":{"loc":{"start":{"line":477,"column":6},"end":{"line":503,"column":7}},"type":"if","locations":[{"start":{"line":477,"column":6},"end":{"line":503,"column":7}},{"start":{},"end":{}}],"line":477},"46":{"loc":{"start":{"line":481,"column":10},"end":{"line":484,"column":11}},"type":"if","locations":[{"start":{"line":481,"column":10},"end":{"line":484,"column":11}},{"start":{},"end":{}}],"line":481},"47":{"loc":{"start":{"line":488,"column":10},"end":{"line":493,"column":11}},"type":"if","locations":[{"start":{"line":488,"column":10},"end":{"line":493,"column":11}},{"start":{"line":490,"column":17},"end":{"line":493,"column":11}}],"line":488},"48":{"loc":{"start":{"line":490,"column":17},"end":{"line":493,"column":11}},"type":"if","locations":[{"start":{"line":490,"column":17},"end":{"line":493,"column":11}},{"start":{},"end":{}}],"line":490},"49":{"loc":{"start":{"line":498,"column":10},"end":{"line":500,"column":11}},"type":"if","locations":[{"start":{"line":498,"column":10},"end":{"line":500,"column":11}},{"start":{},"end":{}}],"line":498},"50":{"loc":{"start":{"line":506,"column":6},"end":{"line":527,"column":7}},"type":"if","locations":[{"start":{"line":506,"column":6},"end":{"line":527,"column":7}},{"start":{},"end":{}}],"line":506},"51":{"loc":{"start":{"line":506,"column":10},"end":{"line":506,"column":105}},"type":"binary-expr","locations":[{"start":{"line":506,"column":10},"end":{"line":506,"column":26}},{"start":{"line":506,"column":31},"end":{"line":506,"column":65}},{"start":{"line":506,"column":69},"end":{"line":506,"column":104}}],"line":506},"52":{"loc":{"start":{"line":507,"column":25},"end":{"line":507,"column":57}},"type":"binary-expr","locations":[{"start":{"line":507,"column":25},"end":{"line":507,"column":51}},{"start":{"line":507,"column":55},"end":{"line":507,"column":57}}],"line":507},"53":{"loc":{"start":{"line":512,"column":10},"end":{"line":515,"column":11}},"type":"if","locations":[{"start":{"line":512,"column":10},"end":{"line":515,"column":11}},{"start":{},"end":{}}],"line":512},"54":{"loc":{"start":{"line":512,"column":14},"end":{"line":512,"column":53}},"type":"binary-expr","locations":[{"start":{"line":512,"column":14},"end":{"line":512,"column":31}},{"start":{"line":512,"column":35},"end":{"line":512,"column":53}}],"line":512},"55":{"loc":{"start":{"line":553,"column":6},"end":{"line":553,"column":54}},"type":"if","locations":[{"start":{"line":553,"column":6},"end":{"line":553,"column":54}},{"start":{},"end":{}}],"line":553},"56":{"loc":{"start":{"line":567,"column":19},"end":{"line":567,"column":31}},"type":"default-arg","locations":[{"start":{"line":567,"column":29},"end":{"line":567,"column":31}}],"line":567},"57":{"loc":{"start":{"line":570,"column":6},"end":{"line":570,"column":54}},"type":"if","locations":[{"start":{"line":570,"column":6},"end":{"line":570,"column":54}},{"start":{},"end":{}}],"line":570},"58":{"loc":{"start":{"line":577,"column":6},"end":{"line":579,"column":7}},"type":"if","locations":[{"start":{"line":577,"column":6},"end":{"line":579,"column":7}},{"start":{},"end":{}}],"line":577},"59":{"loc":{"start":{"line":581,"column":6},"end":{"line":583,"column":7}},"type":"if","locations":[{"start":{"line":581,"column":6},"end":{"line":583,"column":7}},{"start":{},"end":{}}],"line":581},"60":{"loc":{"start":{"line":605,"column":19},"end":{"line":605,"column":31}},"type":"default-arg","locations":[{"start":{"line":605,"column":29},"end":{"line":605,"column":31}}],"line":605},"61":{"loc":{"start":{"line":609,"column":6},"end":{"line":611,"column":7}},"type":"if","locations":[{"start":{"line":609,"column":6},"end":{"line":611,"column":7}},{"start":{},"end":{}}],"line":609},"62":{"loc":{"start":{"line":613,"column":6},"end":{"line":615,"column":7}},"type":"if","locations":[{"start":{"line":613,"column":6},"end":{"line":615,"column":7}},{"start":{},"end":{}}],"line":613},"63":{"loc":{"start":{"line":617,"column":16},"end":{"line":619,"column":25}},"type":"cond-expr","locations":[{"start":{"line":618,"column":10},"end":{"line":618,"column":41}},{"start":{"line":619,"column":10},"end":{"line":619,"column":25}}],"line":617},"64":{"loc":{"start":{"line":639,"column":6},"end":{"line":641,"column":7}},"type":"if","locations":[{"start":{"line":639,"column":6},"end":{"line":641,"column":7}},{"start":{},"end":{}}],"line":639},"65":{"loc":{"start":{"line":661,"column":8},"end":{"line":665,"column":9}},"type":"if","locations":[{"start":{"line":661,"column":8},"end":{"line":665,"column":9}},{"start":{},"end":{}}],"line":661},"66":{"loc":{"start":{"line":662,"column":27},"end":{"line":662,"column":72}},"type":"binary-expr","locations":[{"start":{"line":662,"column":27},"end":{"line":662,"column":45}},{"start":{"line":662,"column":49},"end":{"line":662,"column":72}}],"line":662},"67":{"loc":{"start":{"line":680,"column":6},"end":{"line":680,"column":54}},"type":"if","locations":[{"start":{"line":680,"column":6},"end":{"line":680,"column":54}},{"start":{},"end":{}}],"line":680},"68":{"loc":{"start":{"line":688,"column":16},"end":{"line":688,"column":40}},"type":"binary-expr","locations":[{"start":{"line":688,"column":16},"end":{"line":688,"column":27}},{"start":{"line":688,"column":31},"end":{"line":688,"column":40}}],"line":688},"69":{"loc":{"start":{"line":694,"column":19},"end":{"line":694,"column":31}},"type":"default-arg","locations":[{"start":{"line":694,"column":29},"end":{"line":694,"column":31}}],"line":694},"70":{"loc":{"start":{"line":698,"column":6},"end":{"line":700,"column":7}},"type":"if","locations":[{"start":{"line":698,"column":6},"end":{"line":700,"column":7}},{"start":{},"end":{}}],"line":698},"71":{"loc":{"start":{"line":702,"column":6},"end":{"line":704,"column":7}},"type":"if","locations":[{"start":{"line":702,"column":6},"end":{"line":704,"column":7}},{"start":{},"end":{}}],"line":702},"72":{"loc":{"start":{"line":706,"column":16},"end":{"line":708,"column":28}},"type":"cond-expr","locations":[{"start":{"line":707,"column":10},"end":{"line":707,"column":44}},{"start":{"line":708,"column":10},"end":{"line":708,"column":28}}],"line":706},"73":{"loc":{"start":{"line":732,"column":16},"end":{"line":732,"column":39}},"type":"binary-expr","locations":[{"start":{"line":732,"column":16},"end":{"line":732,"column":27}},{"start":{"line":732,"column":31},"end":{"line":732,"column":39}}],"line":732},"74":{"loc":{"start":{"line":738,"column":19},"end":{"line":738,"column":31}},"type":"default-arg","locations":[{"start":{"line":738,"column":29},"end":{"line":738,"column":31}}],"line":738},"75":{"loc":{"start":{"line":742,"column":6},"end":{"line":744,"column":7}},"type":"if","locations":[{"start":{"line":742,"column":6},"end":{"line":744,"column":7}},{"start":{},"end":{}}],"line":742},"76":{"loc":{"start":{"line":746,"column":16},"end":{"line":748,"column":59}},"type":"cond-expr","locations":[{"start":{"line":747,"column":10},"end":{"line":747,"column":75}},{"start":{"line":748,"column":10},"end":{"line":748,"column":59}}],"line":746},"77":{"loc":{"start":{"line":776,"column":47},"end":{"line":776,"column":92}},"type":"cond-expr","locations":[{"start":{"line":776,"column":66},"end":{"line":776,"column":80}},{"start":{"line":776,"column":83},"end":{"line":776,"column":92}}],"line":776},"78":{"loc":{"start":{"line":777,"column":15},"end":{"line":777,"column":76}},"type":"cond-expr","locations":[{"start":{"line":777,"column":34},"end":{"line":777,"column":71}},{"start":{"line":777,"column":74},"end":{"line":777,"column":76}}],"line":777},"79":{"loc":{"start":{"line":832,"column":6},"end":{"line":835,"column":7}},"type":"if","locations":[{"start":{"line":832,"column":6},"end":{"line":835,"column":7}},{"start":{},"end":{}}],"line":832},"80":{"loc":{"start":{"line":834,"column":24},"end":{"line":834,"column":74}},"type":"binary-expr","locations":[{"start":{"line":834,"column":24},"end":{"line":834,"column":39}},{"start":{"line":834,"column":43},"end":{"line":834,"column":74}}],"line":834},"81":{"loc":{"start":{"line":850,"column":4},"end":{"line":852,"column":5}},"type":"if","locations":[{"start":{"line":850,"column":4},"end":{"line":852,"column":5}},{"start":{},"end":{}}],"line":850},"82":{"loc":{"start":{"line":878,"column":28},"end":{"line":878,"column":40}},"type":"default-arg","locations":[{"start":{"line":878,"column":38},"end":{"line":878,"column":40}}],"line":878},"83":{"loc":{"start":{"line":899,"column":22},"end":{"line":899,"column":41}},"type":"default-arg","locations":[{"start":{"line":899,"column":37},"end":{"line":899,"column":41}}],"line":899},"84":{"loc":{"start":{"line":899,"column":43},"end":{"line":899,"column":65}},"type":"default-arg","locations":[{"start":{"line":899,"column":60},"end":{"line":899,"column":65}}],"line":899},"85":{"loc":{"start":{"line":903,"column":10},"end":{"line":907,"column":11}},"type":"if","locations":[{"start":{"line":903,"column":10},"end":{"line":907,"column":11}},{"start":{"line":905,"column":17},"end":{"line":907,"column":11}}],"line":903},"86":{"loc":{"start":{"line":1217,"column":2},"end":{"line":1217,"column":37}},"type":"if","locations":[{"start":{"line":1217,"column":2},"end":{"line":1217,"column":37}},{"start":{},"end":{}}],"line":1217},"87":{"loc":{"start":{"line":1223,"column":2},"end":{"line":1226,"column":3}},"type":"if","locations":[{"start":{"line":1223,"column":2},"end":{"line":1226,"column":3}},{"start":{},"end":{}}],"line":1223},"88":{"loc":{"start":{"line":1242,"column":4},"end":{"line":1252,"column":5}},"type":"if","locations":[{"start":{"line":1242,"column":4},"end":{"line":1252,"column":5}},{"start":{},"end":{}}],"line":1242},"89":{"loc":{"start":{"line":1244,"column":6},"end":{"line":1251,"column":7}},"type":"if","locations":[{"start":{"line":1244,"column":6},"end":{"line":1251,"column":7}},{"start":{},"end":{}}],"line":1244},"90":{"loc":{"start":{"line":1244,"column":10},"end":{"line":1244,"column":69}},"type":"binary-expr","locations":[{"start":{"line":1244,"column":10},"end":{"line":1244,"column":37}},{"start":{"line":1244,"column":41},"end":{"line":1244,"column":69}}],"line":1244},"91":{"loc":{"start":{"line":1249,"column":16},"end":{"line":1249,"column":45}},"type":"binary-expr","locations":[{"start":{"line":1249,"column":16},"end":{"line":1249,"column":25}},{"start":{"line":1249,"column":29},"end":{"line":1249,"column":45}}],"line":1249},"92":{"loc":{"start":{"line":1262,"column":0},"end":{"line":1264,"column":1}},"type":"if","locations":[{"start":{"line":1262,"column":0},"end":{"line":1264,"column":1}},{"start":{},"end":{}}],"line":1262}},"s":{"0":0,"1":0,"2":0,"3":0,"4":0,"5":0,"6":0,"7":0,"8":0,"9":0,"10":0,"11":0,"12":0,"13":0,"14":0,"15":0,"16":0,"17":0,"18":0,"19":0,"20":0,"21":0,"22":0,"23":0,"24":0,"25":0,"26":0,"27":0,"28":0,"29":0,"30":0,"31":0,"32":0,"33":0,"34":0,"35":0,"36":0,"37":0,"38":0,"39":0,"40":0,"41":0,"42":0,"43":0,"44":0,"45":0,"46":0,"47":0,"48":0,"49":0,"50":0,"51":0,"52":0,"53":0,"54":0,"55":0,"56":0,"57":0,"58":0,"59":0,"60":0,"61":0,"62":0,"63":0,"64":0,"65":0,"66":0,"67":0,"68":0,"69":0,"70":0,"71":0,"72":0,"73":0,"74":0,"75":0,"76":0,"77":0,"78":0,"79":0,"80":0,"81":0,"82":0,"83":0,"84":0,"85":0,"86":0,"87":0,"88":0,"89":0,"90":0,"91":0,"92":0,"93":0,"94":0,"95":0,"96":0,"97":0,"98":0,"99":0,"100":0,"101":0,"102":0,"103":0,"104":0,"105":0,"106":0,"107":0,"108":0,"109":0,"110":0,"111":0,"112":0,"113":0,"114":0,"115":0,"116":0,"117":0,"118":0,"119":0,"120":0,"121":0,"122":0,"123":0,"124":0,"125":0,"126":0,"127":0,"128":0,"129":0,"130":0,"131":0,"132":0,"133":0,"134":0,"135":0,"136":0,"137":0,"138":0,"139":0,"140":0,"141":0,"142":0,"143":0,"144":0,"145":0,"146":0,"147":0,"148":0,"149":0,"150":0,"151":0,"152":0,"153":0,"154":0,"155":0,"156":0,"157":0,"158":0,"159":0,"160":0,"161":0,"162":0,"163":0,"164":0,"165":0,"166":0,"167":0,"168":0,"169":0,"170":0,"171":0,"172":0,"173":0,"174":0,"175":0,"176":0,"177":0,"178":0,"179":0,"180":0,"181":0,"182":0,"183":0,"184":0,"185":0,"186":0,"187":0,"188":0,"189":0,"190":0,"191":0,"192":0,"193":0,"194":0,"195":0,"196":0,"197":0,"198":0,"199":0,"200":0,"201":0,"202":0,"203":0,"204":0,"205":0,"206":0,"207":0,"208":0,"209":0,"210":0,"211":0,"212":0,"213":0,"214":0,"215":0,"216":0,"217":0,"218":0,"219":0,"220":0,"221":0,"222":0,"223":0,"224":0,"225":0,"226":0,"227":0,"228":0,"229":0,"230":0,"231":0,"232":0,"233":0,"234":0,"235":0,"236":0,"237":0,"238":0,"239":0,"240":0,"241":0,"242":0,"243":0,"244":0,"245":0,"246":0,"247":0,"248":0,"249":0,"250":0,"251":0,"252":0,"253":0,"254":0,"255":0,"256":0,"257":0,"258":0,"259":0,"260":0,"261":0,"262":0,"263":0,"264":0,"265":0,"266":0,"267":0,"268":0,"269":0,"270":0,"271":0,"272":0,"273":0,"274":0,"275":0,"276":0,"277":0,"278":0,"279":0,"280":0,"281":0,"282":0,"283":0,"284":0,"285":0,"286":0,"287":0,"288":0,"289":0,"290":0,"291":0,"292":0,"293":0,"294":0,"295":0,"296":0,"297":0,"298":0,"299":0,"300":0,"301":0,"302":0,"303":0,"304":0,"305":0,"306":0,"307":0,"308":0,"309":0,"310":0,"311":0,"312":0,"313":0,"314":0,"315":0,"316":0,"317":0,"318":0,"319":0,"320":0,"321":0,"322":0,"323":0,"324":0,"325":0,"326":0,"327":0,"328":0,"329":0,"330":0,"331":0,"332":0,"333":0,"334":0,"335":0,"336":0,"337":0,"338":0,"339":0,"340":0,"341":0,"342":0,"343":0,"344":0,"345":0,"346":0,"347":0,"348":0,"349":0,"350":0,"351":0,"352":0,"353":0,"354":0,"355":0,"356":0,"357":0,"358":0,"359":0,"360":0,"361":0,"362":0,"363":0,"364":0,"365":0,"366":0,"367":0,"368":0,"369":0,"370":0,"371":0,"372":0,"373":0,"374":0,"375":0,"376":0,"377":0,"378":0,"379":0,"380":0,"381":0,"382":0,"383":0,"384":0,"385":0,"386":0,"387":0,"388":0,"389":0,"390":0,"391":0,"392":0,"393":0,"394":0,"395":0,"396":0,"397":0,"398":0,"399":0,"400":0,"401":0,"402":0,"403":0,"404":0,"405":0,"406":0,"407":0,"408":0,"409":0,"410":0,"411":0,"412":0,"413":0,"414":0,"415":0,"416":0,"417":0,"418":0,"419":0,"420":0,"421":0,"422":0,"423":0,"424":0,"425":0,"426":0,"427":0,"428":0,"429":0,"430":0,"431":0,"432":0,"433":0,"434":0,"435":0,"436":0,"437":0,"438":0,"439":0,"440":0,"441":0,"442":0,"443":0,"444":0,"445":0},"f":{"0":0,"1":0,"2":0,"3":0,"4":0,"5":0,"6":0,"7":0,"8":0,"9":0,"10":0,"11":0,"12":0,"13":0,"14":0,"15":0,"16":0,"17":0,"18":0,"19":0,"20":0,"21":0,"22":0,"23":0,"24":0,"25":0,"26":0,"27":0,"28":0,"29":0,"30":0,"31":0,"32":0,"33":0,"34":0,"35":0,"36":0,"37":0,"38":0,"39":0,"40":0,"41":0,"42":0,"43":0,"44":0,"45":0,"46":0,"47":0,"48":0,"49":0,"50":0,"51":0,"52":0,"53":0,"54":0,"55":0,"56":0,"57":0,"58":0,"59":0,"60":0,"61":0},"b":{"0":[0,0],"1":[0,0],"2":[0,0],"3":[0,0],"4":[0,0],"5":[0,0],"6":[0,0],"7":[0,0],"8":[0,0],"9":[0,0],"10":[0,0],"11":[0,0],"12":[0,0],"13":[0,0],"14":[0,0],"15":[0,0],"16":[0,0],"17":[0,0],"18":[0,0],"19":[0,0],"20":[0,0],"21":[0,0],"22":[0,0],"23":[0,0],"24":[0,0],"25":[0,0],"26":[0,0],"27":[0,0],"28":[0,0],"29":[0,0],"30":[0,0],"31":[0,0],"32":[0,0],"33":[0,0],"34":[0,0],"35":[0,0],"36":[0,0],"37":[0,0],"38":[0],"39":[0,0],"40":[0,0],"41":[0,0],"42":[0,0],"43":[0,0],"44":[0,0],"45":[0,0],"46":[0,0],"47":[0,0],"48":[0,0],"49":[0,0],"50":[0,0],"51":[0,0,0],"52":[0,0],"53":[0,0],"54":[0,0],"55":[0,0],"56":[0],"57":[0,0],"58":[0,0],"59":[0,0],"60":[0],"61":[0,0],"62":[0,0],"63":[0,0],"64":[0,0],"65":[0,0],"66":[0,0],"67":[0,0],"68":[0,0],"69":[0],"70":[0,0],"71":[0,0],"72":[0,0],"73":[0,0],"74":[0],"75":[0,0],"76":[0,0],"77":[0,0],"78":[0,0],"79":[0,0],"80":[0,0],"81":[0,0],"82":[0],"83":[0],"84":[0],"85":[0,0],"86":[0,0],"87":[0,0],"88":[0,0],"89":[0,0],"90":[0,0],"91":[0,0],"92":[0,0]}}
[...]
,"40":{"start":{"line":93,"column":48},"end":{"line":93,"column":80}},"41":{"start":{"line":94,"column":12},"end":{"line":94,"column":65}},"42":{"start":{"line":95,"column":12},"end":{"line":95,"column":25}},"43":{"start":{"line":100,"column":12},"end":{"line":102,"column":13}},"44":{"start":{"line":100,"column":34},"end":{"line":100,"column":50}},"45":{"start":{"line":101,"column":16},"end":{"line":101,"column":34}},"46":{"start":{"line":103,"column":12},"end":{"line":103,"column":26}},"47":{"start":{"line":106,"column":4},"end":{"line":106,"column":68}},"48":{"start":{"line":108,"column":27},"end":{"line":116,"column":6}},"49":{"start":{"line":110,"column":12},"end":{"line":110,"column":65}},"50":{"start":{"line":113,"column":12},"end":{"line":113,"column":75}},"51":{"start":{"line":114,"column":12},"end":{"line":114,"column":53}},"52":{"start":{"line":118,"column":32},"end":{"line":126,"column":5}},"53":{"start":{"line":119,"column":8},"end":{"line":125,"column":9}},"54":{"start":{"line":120,"column":24},"end":{"line":120,"column":111}},"55":{"start":{"line":121,"column":12},"end":{"line":121,"column":39}},"56":{"start":{"line":122,"column":15},"end":{"line":125,"column":9}},"57":{"start":{"line":123,"column":24},"end":{"line":123,"column":112}},"58":{"start":{"line":124,"column":12},"end":{"line":124,"column":39}},"59":{"start":{"line":128,"column":27},"end":{"line":145,"column":5}},"60":{"start":{"line":129,"column":27},"end":{"line":129,"column":76}},"61":{"start":{"line":129,"column":50},"end":{"line":129,"column":75}},"62":{"start":{"line":131,"column":8},"end":{"line":131,"column":44}},"63":{"start":{"line":131,"column":37},"end":{"line":131,"column":44}},"64":{"start":{"line":133,"column":18},"end":{"line":133,"column":58}},"65":{"start":{"line":135,"column":8},"end":{"line":143,"column":9}},"66":{"start":{"line":136,"column":12},"end":{"line":136,"column":87}},"67":{"start":{"line":138,"column":32},"end":{"line":138,"column":65}},"68":{"start":{"line":139,"column":30},"end":{"line":139,"column":104}},"69":{"start":{"line":139,"column":63},"end":{"line":139,"column":93}},"70":{"start":{"line":141,"column":12},"end":{"line":141,"column":83}},"71":{"start":{"line":142,"column":12},"end":{"line":142,"column":45}},"72":{"start":{"line":144,"column":8},"end":{"line":144,"column":35}},"73":{"start":{"line":147,"column":25},"end":{"line":152,"column":5}},"74":{"start":{"line":148,"column":26},"end":{"line":148,"column":51}},"75":{"start":{"line":149,"column":8},"end":{"line":149,"column":47}},"76":{"start":{"line":149,"column":32},"end":{"line":149,"column":47}},"77":{"start":{"line":150,"column":8},"end":{"line":150,"column":53}},"78":{"start":{"line":150,"column":35},"end":{"line":150,"column":53}},"79":{"start":{"line":151,"column":8},"end":{"line":151,"column":47}},"80":{"start":{"line":154,"column":4},"end":{"line":160,"column":5}},"81":{"start":{"line":155,"column":8},"end":{"line":159,"column":10}},"82":{"start":{"line":162,"column":4},"end":{"line":354,"column":6}},"83":{"start":{"line":248,"column":48},"end":{"line":248,"column":101}},"84":{"start":{"line":248,"column":72},"end":{"line":248,"column":100}},"85":{"start":{"line":250,"column":28},"end":{"line":347,"column":30}},"86":{"start":{"line":308,"column":79},"end":{"line":308,"column":116}},"87":{"start":{"line":337,"column":67},"end":{"line":337,"column":92}}},"fnMap":{"0":{"name":"SavedListings","decl":{"start":{"line":25,"column":24},"end":{"line":25,"column":37}},"loc":{"start":{"line":25,"column":40},"end":{"line":355,"column":1}},"line":25},"1":{"name":"(anonymous_1)","decl":{"start":{"line":33,"column":17},"end":{"line":33,"column":18}},"loc":{"start":{"line":33,"column":29},"end":{"line":40,"column":9}},"line":33},"2":{"name":"(anonymous_2)","decl":{"start":{"line":45,"column":14},"end":{"line":45,"column":15}},"loc":{"start":{"line":45,"column":20},"end":{"line":51,"column":5}},"line":45},"3":{"name":"(anonymous_3)","decl":{"start":{"line":47,"column":37},"end":{"line":47,"column":38}},"loc":{"start":{"line":47,"column":43},"end":{"line":49,"column":9}},"line":47},"4":{"name":"(anonymous_4)","decl":{"start":{"line":48,"column":26},"end":{"line":48,"column":27}},"loc":{"start":{"line":48,"column":41},"end":{"line":48,"column":79}},"line":48},"5":{"name":"(anonymous_5)","decl":{"start":{"line":50,"column":15},"end":{"line":50,"column":16}},"loc":{"start":{"line":50,"column":21},"end":{"line":50,"column":44}},"line":50},"6":{"name":"(anonymous_6)","decl":{"start":{"line":53,"column":14},"end":{"line":53,"column":15}},"loc":{"start":{"line":53,"column":20},"end":{"line":65,"column":5}},"line":53},"7":{"name":"(anonymous_7)","decl":{"start":{"line":54,"column":21},"end":{"line":54,"column":22}},"loc":{"start":{"line":54,"column":33},"end":{"line":63,"column":9}},"line":54},"8":{"name":"(anonymous_8)","decl":{"start":{"line":69,"column":17},"end":{"line":69,"column":18}},"loc":{"start":{"line":69,"column":29},"end":{"line":76,"column":9}},"line":69},"9":{"name":"(anonymous_9)","decl":{"start":{"line":72,"column":28},"end":{"line":72,"column":29}},"loc":{"start":{"line":72,"column":34},"end":{"line":74,"column":13}},"line":72},"10":{"name":"(anonymous_10)","decl":{"start":{"line":82,"column":17},"end":{"line":82,"column":18}},"loc":{"start":{"line":82,"column":29},"end":{"line":86,"column":9}},"line":82},"11":{"name":"(anonymous_11)","decl":{"start":{"line":91,"column":13},"end":{"line":91,"column":14}},"loc":{"start":{"line":91,"column":22},"end":{"line":96,"column":9}},"line":91},"12":{"name":"(anonymous_12)","decl":{"start":{"line":93,"column":40},"end":{"line":93,"column":41}},"loc":{"start":{"line":93,"column":48},"end":{"line":93,"column":80}},"line":93},"13":{"name":"(anonymous_13)","decl":{"start":{"line":99,"column":16},"end":{"line":99,"column":17}},"loc":{"start":{"line":99,"column":34},"end":{"line":104,"column":9}},"line":99},"14":{"name":"(anonymous_14)","decl":{"start":{"line":100,"column":29},"end":{"line":100,"column":30}},"loc":{"start":{"line":100,"column":34},"end":{"line":100,"column":50}},"line":100},"15":{"name":"(anonymous_15)","decl":{"start":{"line":109,"column":20},"end":{"line":109,"column":21}},"loc":{"start":{"line":109,"column":39},"end":{"line":111,"column":9}},"line":109},"16":{"name":"(anonymous_16)","decl":{"start":{"line":112,"column":19},"end":{"line":112,"column":20}},"loc":{"start":{"line":112,"column":25},"end":{"line":115,"column":9}},"line":112},"17":{"name":"(anonymous_17)","decl":{"start":{"line":118,"column":32},"end":{"line":118,"column":33}},"loc":{"start":{"line":118,"column":42},"end":{"line":126,"column":5}},"line":118},"18":{"name":"(anonymous_18)","decl":{"start":{"line":128,"column":27},"end":{"line":128,"column":28}},"loc":{"start":{"line":128,"column":33},"end":{"line":145,"column":5}},"line":128},"19":{"name":"(anonymous_19)","decl":{"start":{"line":129,"column":45},"end":{"line":129,"column":46}},"loc":{"start":{"line":129,"column":50},"end":{"line":129,"column":75}},"line":129},"20":{"name":"(anonymous_20)","decl":{"start":{"line":139,"column":58},"end":{"line":139,"column":59}},"loc":{"start":{"line":139,"column":63},"end":{"line":139,"column":93}},"line":139},"21":{"name":"(anonymous_21)","decl":{"start":{"line":147,"column":25},"end":{"line":147,"column":26}},"loc":{"start":{"line":147,"column":35},"end":{"line":152,"column":5}},"line":147},"22":{"name":"(anonymous_22)","decl":{"start":{"line":247,"column":40},"end":{"line":247,"column":41}},"loc":{"start":{"line":247,"column":50},"end":{"line":348,"column":25}},"line":247},"23":{"name":"(anonymous_23)","decl":{"start":{"line":248,"column":67},"end":{"line":248,"column":68}},"loc":{"start":{"line":248,"column":72},"end":{"line":248,"column":100}},"line":248},"24":{"name":"(anonymous_24)","decl":{"start":{"line":308,"column":73},"end":{"line":308,"column":74}},"loc":{"start":{"line":308,"column":79},"end":{"line":308,"column":116}},"line":308},"25":{"name":"(anonymous_25)","decl":{"start":{"line":337,"column":61},"end":{"line":337,"column":62}},"loc":{"start":{"line":337,"column":67},"end":{"line":337,"column":92}},"line":337}},"branchMap":{"0":{"loc":{"start":{"line":31,"column":18},"end":{"line":31,"column":36}},"type":"default-arg","locations":[{"start":{"line":31,"column":34},"end":{"line":31,"column":36}}],"line":31},"1":{"loc":{"start":{"line":46,"column":8},"end":{"line":46,"column":47}},"type":"if","locations":[{"start":{"line":46,"column":8},"end":{"line":46,"column":47}},{"start":{},"end":{}}],"line":46},"2":{"loc":{"start":{"line":56,"column":12},"end":{"line":59,"column":13}},"type":"if","locations":[{"start":{"line":56,"column":12},"end":{"line":59,"column":13}},{"start":{},"end":{}}],"line":56},"3":{"loc":{"start":{"line":67,"column":18},"end":{"line":67,"column":36}},"type":"default-arg","locations":[{"start":{"line":67,"column":34},"end":{"line":67,"column":36}}],"line":67},"4":{"loc":{"start":{"line":80,"column":18},"end":{"line":80,"column":31}},"type":"default-arg","locations":[{"start":{"line":80,"column":29},"end":{"line":80,"column":31}}],"line":80},"5":{"loc":{"start":{"line":100,"column":12},"end":{"line":102,"column":13}},"type":"if","locations":[{"start":{"line":100,"column":12},"end":{"line":102,"column":13}},{"start":{},"end":{}}],"line":100},"6":{"loc":{"start":{"line":119,"column":8},"end":{"line":125,"column":9}},"type":"if","locations":[{"start":{"line":119,"column":8},"end":{"line":125,"column":9}},{"start":{"line":122,"column":15},"end":{"line":125,"column":9}}],"line":119},"7":{"loc":{"start":{"line":119,"column":12},"end":{"line":119,"column":45}},"type":"binary-expr","locations":[{"start":{"line":119,"column":12},"end":{"line":119,"column":26}},{"start":{"line":119,"column":30},"end":{"line":119,"column":45}}],"line":119},"8":{"loc":{"start":{"line":122,"column":15},"end":{"line":125,"column":9}},"type":"if","locations":[{"start":{"line":122,"column":15},"end":{"line":125,"column":9}},{"start":{},"end":{}}],"line":122},"9":{"loc":{"start":{"line":129,"column":50},"end":{"line":129,"column":75}},"type":"binary-expr","locations":[{"start":{"line":129,"column":50},"end":{"line":129,"column":60}},{"start":{"line":129,"column":64},"end":{"line":129,"column":75}}],"line":129},"10":{"loc":{"start":{"line":131,"column":8},"end":{"line":131,"column":44}},"type":"if","locations":[{"start":{"line":131,"column":8},"end":{"line":131,"column":44}},{"start":{},"end":{}}],"line":131},"11":{"loc":{"start":{"line":135,"column":8},"end":{"line":143,"column":9}},"type":"if","locations":[{"start":{"line":135,"column":8},"end":{"line":143,"column":9}},{"start":{"line":137,"column":15},"end":{"line":143,"column":9}}],"line":135},"12":{"loc":{"start":{"line":149,"column":8},"end":{"line":149,"column":47}},"type":"if","locations":[{"start":{"line":149,"column":8},"end":{"line":149,"column":47}},{"start":{},"end":{}}],"line":149},"13":{"loc":{"start":{"line":150,"column":8},"end":{"line":150,"column":53}},"type":"if","locations":[{"start":{"line":150,"column":8},"end":{"line":150,"column":53}},{"start":{},"end":{}}],"line":150},"14":{"loc":{"start":{"line":154,"column":4},"end":{"line":160,"column":5}},"type":"if","locations":[{"start":{"line":154,"column":4},"end":{"line":160,"column":5}},{"start":{},"end":{}}],"line":154},"15":{"loc":{"start":{"line":154,"column":8},"end":{"line":154,"column":31}},"type":"binary-expr","locations":[{"start":{"line":154,"column":8},"end":{"line":154,"column":15}},{"start":{"line":154,"column":19},"end":{"line":154,"column":31}}],"line":154},"16":{"loc":{"start":{"line":188,"column":13},"end":{"line":194,"column":13}},"type":"binary-expr","locations":[{"start":{"line":188,"column":13},"end":{"line":188,"column":37}},{"start":{"line":189,"column":16},"end":{"line":193,"column":22}}],"line":188},"17":{"loc":{"start":{"line":207,"column":53},"end":{"line":207,"column":95}},"type":"cond-expr","locations":[{"start":{"line":207,"column":79},"end":{"line":207,"column":85}},{"start":{"line":207,"column":88},"end":{"line":207,"column":95}}],"line":207},"18":{"loc":{"start":{"line":212,"column":21},"end":{"line":220,"column":21}},"type":"binary-expr","locations":[{"start":{"line":212,"column":21},"end":{"line":212,"column":42}},{"start":{"line":213,"column":24},"end":{"line":219,"column":33}}],"line":212},"19":{"loc":{"start":{"line":228,"column":17},"end":{"line":350,"column":17}},"type":"cond-expr","locations":[{"start":{"line":229,"column":20},"end":{"line":244,"column":26}},{"start":{"line":246,"column":20},"end":{"line":349,"column":26}}],"line":228},"20":{"loc":{"start":{"line":252,"column":41},"end":{"line":252,"column":67}},"type":"binary-expr","locations":[{"start":{"line":252,"column":41},"end":{"line":252,"column":56}},{"start":{"line":252,"column":60},"end":{"line":252,"column":67}}],"line":252},"21":{"loc":{"start":{"line":261,"column":45},"end":{"line":271,"column":45}},"type":"cond-expr","locations":[{"start":{"line":262,"column":48},"end":{"line":266,"column":50}},{"start":{"line":268,"column":48},"end":{"line":270,"column":54}}],"line":261},"22":{"loc":{"start":{"line":261,"column":45},"end":{"line":261,"column":82}},"type":"binary-expr","locations":[{"start":{"line":261,"column":45},"end":{"line":261,"column":56}},{"start":{"line":261,"column":60},"end":{"line":261,"column":82}}],"line":261}},"s":{"0":0,"1":0,"2":0,"3":0,"4":0,"5":0,"6":0,"7":0,"8":0,"9":0,"10":0,"11":0,"12":0,"13":0,"14":0,"15":0,"16":0,"17":0,"18":0,"19":0,"20":0,"21":0,"22":0,"23":0,"24":0,"25":0,"26":0,"27":0,"28":0,"29":0,"30":0,"31":0,"32":0,"33":0,"34":0,"35":0,"36":0,"37":0,"38":0,"39":0,"40":0,"41":0,"42":0,"43":0,"44":0,"45":0,"46":0,"47":0,"48":0,"49":0,"50":0,"51":0,"52":0,"53":0,"54":0,"55":0,"56":0,"57":0,"58":0,"59":0,"60":0,"61":0,"62":0,"63":0,"64":0,"65":0,"66":0,"67":0,"68":0,"69":0,"70":0,"71":0,"72":0,"73":0,"74":0,"75":0,"76":0,"77":0,"78":0,"79":0,"80":0,"81":0,"82":0,"83":0,"84":0,"85":0,"86":0,"87":0},"f":{"0":0,"1":0,"2":0,"3":0,"4":0,"5":0,"6":0,"7":0,"8":0,"9":0,"10":0,"11":0,"12":0,"13":0,"14":0,"15":0,"16":0,"17":0,"18":0,"19":0,"20":0,"21":0,"22":0,"23":0,"24":0,"25":0},"b":{"0":[0],"1":[0,0],"2":[0,0],"3":[0],"4":[0],"5":[0,0],"6":[0,0],"7":[0,0],"8":[0,0],"9":[0,0],"10":[0,0],"11":[0,0],"12":[0,0],"13":[0,0],"14":[0,0],"15":[0,0],"16":[0,0],"17":[0,0],"18":[0,0],"19":[0,0],"20":[0,0],"21":[0,0],"22":[0,0]}}
,"C:\\Users\\servi\\UrbanGarageSale\\web-app\\src\\pages\\TabTest.jsx": {"path":"C:\\Users\\servi\\UrbanGarageSale\\web-app\\src\\pages\\TabTest.jsx","statementMap":{"0":{"start":{"line":6,"column":38},"end":{"line":6,"column":54}},"1":{"start":{"line":8,"column":4},"end":{"line":8,"column":63}},"2":{"start":{"line":10,"column":4},"end":{"line":46,"column":6}},"3":{"start":{"line":21,"column":28},"end":{"line":21,"column":80}},"4":{"start":{"line":22,"column":28},"end":{"line":22,"column":51}}},"fnMap":{"0":{"name":"TabTest","decl":{"start":{"line":5,"column":24},"end":{"line":5,"column":31}},"loc":{"start":{"line":5,"column":34},"end":{"line":47,"column":1}},"line":5},"1":{"name":"(anonymous_1)","decl":{"start":{"line":20,"column":63},"end":{"line":20,"column":64}},"loc":{"start":{"line":20,"column":77},"end":{"line":23,"column":25}},"line":20}},"branchMap":{},"s":{"0":0,"1":0,"2":0,"3":0,"4":0},"f":{"0":0,"1":0},"b":{}}
,"C:\\Users\\servi\\UrbanGarageSale\\web-app\\src\\pages\\Terms.jsx": {"path":"C:\\Users\\servi\\UrbanGarageSale\\web-app\\src\\pages\\Terms.jsx","statementMap":{"0":{"start":{"line":6,"column":40},"end":{"line":6,"column":51}},"1":{"start":{"line":8,"column":4},"end":{"line":10,"column":11}},"2":{"start":{"line":9,"column":8},"end":{"line":9,"column":30}},"3":{"start":{"line":12,"column":41},"end":{"line":27,"column":6}},"4":{"start":{"line":15,"column":12},"end":{"line":24,"column":13}},"5":{"start":{"line":16,"column":33},"end":{"line":16,"column":92}},"6":{"start":{"line":17,"column":16},"end":{"line":20,"column":19}},"7":{"start":{"line":18,"column":33},"end":{"line":18,"column":43}},"8":{"start":{"line":19,"column":20},"end":{"line":19,"column":80}},"9":{"start":{"line":22,"column":16},"end":{"line":22,"column":67}},"10":{"start":{"line":23,"column":16},"end":{"line":23,"column":26}},"11":{"start":{"line":30,"column":4},"end":{"line":38,"column":31}},"12":{"start":{"line":31,"column":8},"end":{"line":31,"column":47}},"13":{"start":{"line":31,"column":40},"end":{"line":31,"column":47}},"14":{"start":{"line":33,"column":25},"end":{"line":35,"column":16}},"15":{"start":{"line":34,"column":12},"end":{"line":34,"column":81}},"16":{"start":{"line":34,"column":41},"end":{"line":34,"column":79}},"17":{"start":{"line":37,"column":8},"end":{"line":37,"column":45}},"18":{"start":{"line":37,"column":21},"end":{"line":37,"column":44}},"19":{"start":{"line":40,"column":4},"end":{"line":176,"column":6}}},"fnMap":{"0":{"name":"Terms","decl":{"start":{"line":5,"column":24},"end":{"line":5,"column":29}},"loc":{"start":{"line":5,"column":32},"end":{"line":177,"column":1}},"line":5},"1":{"name":"(anonymous_1)","decl":{"start":{"line":8,"column":14},"end":{"line":8,"column":15}},"loc":{"start":{"line":8,"column":20},"end":{"line":10,"column":5}},"line":8},"2":{"name":"(anonymous_2)","decl":{"start":{"line":14,"column":17},"end":{"line":14,"column":18}},"loc":{"start":{"line":14,"column":29},"end":{"line":25,"column":9}},"line":14},"3":{"name":"(anonymous_3)","decl":{"start":{"line":17,"column":41},"end":{"line":17,"column":42}},"loc":{"start":{"line":17,"column":50},"end":{"line":20,"column":17}},"line":17},"4":{"name":"(anonymous_4)","decl":{"start":{"line":30,"column":14},"end":{"line":30,"column":15}},"loc":{"start":{"line":30,"column":20},"end":{"line":38,"column":5}},"line":30},"5":{"name":"(anonymous_5)","decl":{"start":{"line":33,"column":37},"end":{"line":33,"column":38}},"loc":{"start":{"line":33,"column":43},"end":{"line":35,"column":9}},"line":33},"6":{"name":"(anonymous_6)","decl":{"start":{"line":34,"column":26},"end":{"line":34,"column":27}},"loc":{"start":{"line":34,"column":41},"end":{"line":34,"column":79}},"line":34},"7":{"name":"(anonymous_7)","decl":{"start":{"line":37,"column":15},"end":{"line":37,"column":16}},"loc":{"start":{"line":37,"column":21},"end":{"line":37,"column":44}},"line":37}},"branchMap":{"0":{"loc":{"start":{"line":12,"column":18},"end":{"line":12,"column":36}},"type":"default-arg","locations":[{"start":{"line":12,"column":34},"end":{"line":12,"column":36}}],"line":12},"1":{"loc":{"start":{"line":19,"column":50},"end":{"line":19,"column":68}},"type":"binary-expr","locations":[{"start":{"line":19,"column":50},"end":{"line":19,"column":62}},{"start":{"line":19,"column":66},"end":{"line":19,"column":68}}],"line":19},"2":{"loc":{"start":{"line":31,"column":8},"end":{"line":31,"column":47}},"type":"if","locations":[{"start":{"line":31,"column":8},"end":{"line":31,"column":47}},{"start":{},"end":{}}],"line":31},"3":{"loc":{"start":{"line":45,"column":13},"end":{"line":49,"column":13}},"type":"binary-expr","locations":[{"start":{"line":45,"column":13},"end":{"line":45,"column":37}},{"start":{"line":46,"column":16},"end":{"line":48,"column":22}}],"line":45}},"s":{"0":0,"1":0,"2":0,"3":0,"4":0,"5":0,"6":0,"7":0,"8":0,"9":0,"10":0,"11":0,"12":0,"13":0,"14":0,"15":0,"16":0,"17":0,"18":0,"19":0},"f":{"0":0,"1":0,"2":0,"3":0,"4":0,"5":0,"6":0,"7":0},"b":{"0":[0],"1":[0,0],"2":[0,0],"3":[0,0]}}
,"C:\\Users\\servi\\UrbanGarageSale\\web-app\\src\\utils\\index.ts": {"path":"C:\\Users\\servi\\UrbanGarageSale\\web-app\\src\\utils\\index.ts","statementMap":{"0":{"start":{"line":2,"column":4},"end":{"line":2,"column":45}}},"fnMap":{"0":{"name":"createPageUrl","decl":{"start":{"line":1,"column":16},"end":{"line":1,"column":29}},"loc":{"start":{"line":1,"column":48},"end":{"line":3,"column":1}},"line":1}},"branchMap":{},"s":{"0":14},"f":{"0":14},"b":{},"_coverageSchema":"1a1c01bbd47fc00a2c39e90264f33305004495a9","hash":"999b14b179f2734cbdca976eb093d610e0c0ff69"}
}
