TN:
SF:src\App.jsx
FN:15,(anonymous_0)
FN:18,(anonymous_1)
FN:38,(anonymous_2)
FN:55,App
FNF:4
FNH:0
FNDA:0,(anonymous_0)
FNDA:0,(anonymous_1)
FNDA:0,(anonymous_2)
FNDA:0,App
DA:11,0
DA:12,0
DA:13,0
DA:15,0
DA:18,0
DA:19,0
DA:22,0
DA:23,0
DA:31,0
DA:39,0
DA:56,0
LF:11
LH:0
BRDA:12,0,0,0
BRDA:12,0,1,0
BRDA:13,1,0,0
BRDA:13,1,1,0
BRDA:15,2,0,0
BRDA:15,2,1,0
BRDA:22,3,0,0
BRDA:22,3,1,0
BRDA:22,4,0,0
BRDA:22,4,1,0
BRF:10
BRH:0
end_of_record
TN:
SF:src\Layout.jsx
FN:8,Layout
FN:12,(anonymous_1)
FN:13,(anonymous_2)
FN:24,(anonymous_3)
FN:71,(anonymous_4)
FN:110,(anonymous_5)
FN:130,(anonymous_6)
FN:167,(anonymous_7)
FNF:8
FNH:0
FNDA:0,Layout
FNDA:0,(anonymous_1)
FNDA:0,(anonymous_2)
FNDA:0,(anonymous_3)
FNDA:0,(anonymous_4)
FNDA:0,(anonymous_5)
FNDA:0,(anonymous_6)
FNDA:0,(anonymous_7)
DA:9,0
DA:10,0
DA:12,0
DA:13,0
DA:14,0
DA:15,0
DA:16,0
DA:17,0
DA:18,0
DA:21,0
DA:24,0
DA:25,0
DA:26,0
DA:27,0
DA:28,0
DA:30,0
DA:32,0
DA:36,0
DA:44,0
DA:72,0
DA:76,0
DA:110,0
DA:130,0
DA:168,0
DA:169,0
DA:173,0
DA:175,0
LF:27
LH:0
BRDA:16,0,0,0
BRDA:16,0,1,0
BRDA:72,1,0,0
BRDA:72,1,1,0
BRDA:72,1,2,0
BRDA:72,1,3,0
BRDA:72,1,4,0
BRDA:79,2,0,0
BRDA:79,2,1,0
BRDA:84,3,0,0
BRDA:84,3,1,0
BRDA:98,4,0,0
BRDA:98,4,1,0
BRDA:120,5,0,0
BRDA:120,5,1,0
BRDA:169,6,0,0
BRDA:169,6,1,0
BRDA:169,6,2,0
BRDA:169,6,3,0
BRDA:169,6,4,0
BRDA:173,7,0,0
BRDA:173,7,1,0
BRDA:180,8,0,0
BRDA:180,8,1,0
BRF:24
BRH:0
end_of_record
TN:
SF:src\ci-test.js
FNF:0
FNH:0
DA:3,0
DA:4,0
LF:2
LH:0
BRF:0
BRH:0
end_of_record
TN:
SF:src\pages.config.js
FNF:0
FNH:0
DA:18,0
DA:35,0
LF:2
LH:0
BRF:0
BRH:0
end_of_record
TN:
SF:src\test-utils.jsx
FN:13,renderWithProviders
FN:14,(anonymous_1)
FNF:2
FNH:2
FNDA:38,renderWithProviders
FNDA:38,(anonymous_1)
DA:14,38
DA:15,38
DA:26,38
LF:3
LH:3
BRDA:13,0,0,38
BRF:1
BRH:1
end_of_record
TN:
SF:src\api\firebaseClient.js
FN:72,(anonymous_0)
FN:82,(anonymous_1)
FN:108,(anonymous_2)
FN:117,(anonymous_3)
FN:122,(anonymous_4)
FN:123,(anonymous_5)
FN:124,(anonymous_6)
FN:132,(anonymous_7)
FN:162,(anonymous_8)
FN:167,(anonymous_9)
FN:191,(anonymous_10)
FN:200,(anonymous_11)
FN:222,(anonymous_12)
FN:223,(anonymous_13)
FN:249,(anonymous_14)
FN:265,(anonymous_15)
FN:268,(anonymous_16)
FN:271,(anonymous_17)
FN:289,(anonymous_18)
FN:371,(anonymous_19)
FN:395,(anonymous_20)
FN:425,(anonymous_21)
FN:441,(anonymous_22)
FN:471,(anonymous_23)
FN:480,(anonymous_24)
FN:511,(anonymous_25)
FN:532,(anonymous_26)
FN:539,(anonymous_27)
FN:550,(anonymous_28)
FN:567,(anonymous_29)
FN:587,(anonymous_30)
FN:595,(anonymous_31)
FN:605,(anonymous_32)
FN:622,(anonymous_33)
FN:628,(anonymous_34)
FN:635,(anonymous_35)
FN:678,(anonymous_36)
FN:694,(anonymous_37)
FN:711,(anonymous_38)
FN:717,(anonymous_39)
FN:727,(anonymous_40)
FN:738,(anonymous_41)
FN:751,(anonymous_42)
FN:757,(anonymous_43)
FN:764,(anonymous_44)
FN:772,(anonymous_45)
FN:784,(anonymous_46)
FN:802,(anonymous_47)
FN:816,(anonymous_48)
FN:847,(anonymous_49)
FN:861,(anonymous_50)
FN:863,(anonymous_51)
FN:865,(anonymous_52)
FN:871,(anonymous_53)
FN:878,(anonymous_54)
FN:887,(anonymous_55)
FN:899,(anonymous_56)
FN:909,(anonymous_57)
FN:919,(anonymous_58)
FN:947,(anonymous_59)
FN:1176,calculateDistance
FN:1216,getSuburbCoordinates
FNF:62
FNH:0
FNDA:0,(anonymous_0)
FNDA:0,(anonymous_1)
FNDA:0,(anonymous_2)
FNDA:0,(anonymous_3)
FNDA:0,(anonymous_4)
FNDA:0,(anonymous_5)
FNDA:0,(anonymous_6)
FNDA:0,(anonymous_7)
FNDA:0,(anonymous_8)
FNDA:0,(anonymous_9)
FNDA:0,(anonymous_10)
FNDA:0,(anonymous_11)
FNDA:0,(anonymous_12)
FNDA:0,(anonymous_13)
FNDA:0,(anonymous_14)
FNDA:0,(anonymous_15)
FNDA:0,(anonymous_16)
FNDA:0,(anonymous_17)
FNDA:0,(anonymous_18)
FNDA:0,(anonymous_19)
FNDA:0,(anonymous_20)
FNDA:0,(anonymous_21)
FNDA:0,(anonymous_22)
FNDA:0,(anonymous_23)
FNDA:0,(anonymous_24)
FNDA:0,(anonymous_25)
FNDA:0,(anonymous_26)
FNDA:0,(anonymous_27)
FNDA:0,(anonymous_28)
FNDA:0,(anonymous_29)
FNDA:0,(anonymous_30)
FNDA:0,(anonymous_31)
FNDA:0,(anonymous_32)
FNDA:0,(anonymous_33)
FNDA:0,(anonymous_34)
FNDA:0,(anonymous_35)
FNDA:0,(anonymous_36)
FNDA:0,(anonymous_37)
FNDA:0,(anonymous_38)
FNDA:0,(anonymous_39)
FNDA:0,(anonymous_40)
FNDA:0,(anonymous_41)
FNDA:0,(anonymous_42)
FNDA:0,(anonymous_43)
FNDA:0,(anonymous_44)
FNDA:0,(anonymous_45)
FNDA:0,(anonymous_46)
FNDA:0,(anonymous_47)
FNDA:0,(anonymous_48)
FNDA:0,(anonymous_49)
FNDA:0,(anonymous_50)
FNDA:0,(anonymous_51)
FNDA:0,(anonymous_52)
FNDA:0,(anonymous_53)
FNDA:0,(anonymous_54)
FNDA:0,(anonymous_55)
FNDA:0,(anonymous_56)
FNDA:0,(anonymous_57)
FNDA:0,(anonymous_58)
FNDA:0,(anonymous_59)
FNDA:0,calculateDistance
FNDA:0,getSuburbCoordinates
DA:42,0
DA:52,0
DA:53,0
DA:54,0
DA:55,0
DA:60,0
DA:61,0
DA:62,0
DA:63,0
DA:65,0
DA:66,0
DA:70,0
DA:73,0
DA:74,0
DA:75,0
DA:77,0
DA:83,0
DA:84,0
DA:85,0
DA:86,0
DA:87,0
DA:89,0
DA:90,0
DA:93,0
DA:94,0
DA:95,0
DA:96,0
DA:97,0
DA:98,0
DA:99,0
DA:100,0
DA:102,0
DA:109,0
DA:110,0
DA:112,0
DA:118,0
DA:123,0
DA:124,0
DA:125,0
DA:126,0
DA:133,0
DA:134,0
DA:135,0
DA:139,0
DA:140,0
DA:142,0
DA:143,0
DA:152,0
DA:163,0
DA:168,0
DA:169,0
DA:170,0
DA:173,0
DA:174,0
DA:175,0
DA:178,0
DA:179,0
DA:180,0
DA:182,0
DA:183,0
DA:185,0
DA:186,0
DA:192,0
DA:193,0
DA:195,0
DA:201,0
DA:202,0
DA:203,0
DA:206,0
DA:208,0
DA:209,0
DA:212,0
DA:214,0
DA:215,0
DA:217,0
DA:223,0
DA:225,0
DA:226,0
DA:227,0
DA:228,0
DA:232,0
DA:233,0
DA:235,0
DA:236,0
DA:239,0
DA:240,0
DA:241,0
DA:243,0
DA:245,0
DA:249,0
DA:250,0
DA:251,0
DA:252,0
DA:253,0
DA:254,0
DA:255,0
DA:258,0
DA:263,0
DA:266,0
DA:269,0
DA:272,0
DA:276,0
DA:277,0
DA:278,0
DA:280,0
DA:281,0
DA:282,0
DA:290,0
DA:292,0
DA:293,0
DA:294,0
DA:297,0
DA:300,0
DA:304,0
DA:305,0
DA:309,0
DA:310,0
DA:313,0
DA:317,0
DA:318,0
DA:321,0
DA:327,0
DA:330,0
DA:331,0
DA:333,0
DA:334,0
DA:337,0
DA:338,0
DA:342,0
DA:345,0
DA:346,0
DA:347,0
DA:349,0
DA:350,0
DA:351,0
DA:354,0
DA:355,0
DA:357,0
DA:358,0
DA:360,0
DA:361,0
DA:363,0
DA:364,0
DA:366,0
DA:372,0
DA:373,0
DA:374,0
DA:375,0
DA:378,0
DA:379,0
DA:380,0
DA:384,0
DA:387,0
DA:389,0
DA:390,0
DA:397,0
DA:398,0
DA:400,0
DA:401,0
DA:403,0
DA:404,0
DA:408,0
DA:409,0
DA:410,0
DA:412,0
DA:414,0
DA:417,0
DA:422,0
DA:426,0
DA:427,0
DA:429,0
DA:430,0
DA:438,0
DA:442,0
DA:443,0
DA:446,0
DA:448,0
DA:449,0
DA:450,0
DA:451,0
DA:454,0
DA:455,0
DA:458,0
DA:459,0
DA:462,0
DA:463,0
DA:466,0
DA:467,0
DA:470,0
DA:471,0
DA:477,0
DA:478,0
DA:479,0
DA:480,0
DA:481,0
DA:482,0
DA:483,0
DA:487,0
DA:488,0
DA:489,0
DA:490,0
DA:492,0
DA:495,0
DA:496,0
DA:498,0
DA:499,0
DA:501,0
DA:506,0
DA:507,0
DA:508,0
DA:511,0
DA:512,0
DA:513,0
DA:514,0
DA:517,0
DA:524,0
DA:525,0
DA:529,0
DA:533,0
DA:534,0
DA:535,0
DA:536,0
DA:540,0
DA:541,0
DA:542,0
DA:543,0
DA:544,0
DA:551,0
DA:552,0
DA:553,0
DA:555,0
DA:556,0
DA:563,0
DA:564,0
DA:568,0
DA:569,0
DA:570,0
DA:572,0
DA:575,0
DA:577,0
DA:578,0
DA:581,0
DA:582,0
DA:585,0
DA:586,0
DA:587,0
DA:591,0
DA:592,0
DA:596,0
DA:597,0
DA:598,0
DA:599,0
DA:606,0
DA:607,0
DA:609,0
DA:610,0
DA:613,0
DA:614,0
DA:617,0
DA:621,0
DA:622,0
DA:629,0
DA:630,0
DA:631,0
DA:632,0
DA:638,0
DA:639,0
DA:640,0
DA:643,0
DA:644,0
DA:645,0
DA:646,0
DA:648,0
DA:657,0
DA:658,0
DA:659,0
DA:661,0
DA:662,0
DA:663,0
DA:664,0
DA:667,0
DA:668,0
DA:670,0
DA:671,0
DA:679,0
DA:680,0
DA:682,0
DA:683,0
DA:691,0
DA:695,0
DA:696,0
DA:698,0
DA:699,0
DA:702,0
DA:703,0
DA:706,0
DA:710,0
DA:711,0
DA:718,0
DA:719,0
DA:720,0
DA:721,0
DA:728,0
DA:729,0
DA:735,0
DA:739,0
DA:740,0
DA:742,0
DA:743,0
DA:746,0
DA:750,0
DA:751,0
DA:758,0
DA:759,0
DA:760,0
DA:761,0
DA:765,0
DA:766,0
DA:773,0
DA:774,0
DA:775,0
DA:776,0
DA:777,0
DA:779,0
DA:780,0
DA:785,0
DA:786,0
DA:787,0
DA:788,0
DA:789,0
DA:790,0
DA:791,0
DA:793,0
DA:794,0
DA:801,0
DA:803,0
DA:804,0
DA:805,0
DA:806,0
DA:807,0
DA:809,0
DA:815,0
DA:817,0
DA:819,0
DA:821,0
DA:823,0
DA:832,0
DA:833,0
DA:834,0
DA:837,0
DA:838,0
DA:840,0
DA:841,0
DA:847,0
DA:848,0
DA:849,0
DA:850,0
DA:851,0
DA:854,0
DA:856,0
DA:860,0
DA:862,0
DA:864,0
DA:866,0
DA:867,0
DA:868,0
DA:869,0
DA:871,0
DA:874,0
DA:875,0
DA:879,0
DA:880,0
DA:881,0
DA:883,0
DA:884,0
DA:888,0
DA:889,0
DA:890,0
DA:892,0
DA:893,0
DA:900,0
DA:901,0
DA:903,0
DA:904,0
DA:906,0
DA:908,0
DA:909,0
DA:914,0
DA:915,0
DA:920,0
DA:921,0
DA:922,0
DA:926,0
DA:928,0
DA:929,0
DA:937,0
DA:948,0
DA:1151,0
DA:1152,0
DA:1153,0
DA:1154,0
DA:1156,0
DA:1157,0
DA:1161,0
DA:1163,0
DA:1166,0
DA:1167,0
DA:1169,0
DA:1170,0
DA:1177,0
DA:1178,0
DA:1179,0
DA:1181,0
DA:1184,0
DA:1185,0
DA:1189,0
DA:1217,0
DA:1219,0
DA:1222,0
DA:1223,0
DA:1224,0
DA:1225,0
DA:1229,0
DA:1230,0
DA:1231,0
DA:1242,0
DA:1243,0
DA:1244,0
DA:1245,0
DA:1246,0
DA:1254,0
DA:1257,0
DA:1258,0
DA:1262,0
DA:1263,0
LF:435
LH:0
BRDA:60,0,0,0
BRDA:60,0,1,0
BRDA:61,1,0,0
BRDA:61,1,1,0
BRDA:93,2,0,0
BRDA:93,2,1,0
BRDA:95,3,0,0
BRDA:95,3,1,0
BRDA:97,4,0,0
BRDA:97,4,1,0
BRDA:99,5,0,0
BRDA:99,5,1,0
BRDA:134,6,0,0
BRDA:134,6,1,0
BRDA:142,7,0,0
BRDA:142,7,1,0
BRDA:169,8,0,0
BRDA:169,8,1,0
BRDA:173,9,0,0
BRDA:173,9,1,0
BRDA:173,10,0,0
BRDA:173,10,1,0
BRDA:202,11,0,0
BRDA:202,11,1,0
BRDA:202,12,0,0
BRDA:202,12,1,0
BRDA:214,13,0,0
BRDA:214,13,1,0
BRDA:226,14,0,0
BRDA:226,14,1,0
BRDA:239,15,0,0
BRDA:239,15,1,0
BRDA:252,16,0,0
BRDA:252,16,1,0
BRDA:258,17,0,0
BRDA:258,17,1,0
BRDA:266,18,0,0
BRDA:266,18,1,0
BRDA:293,19,0,0
BRDA:293,19,1,0
BRDA:304,20,0,0
BRDA:304,20,1,0
BRDA:309,21,0,0
BRDA:309,21,1,0
BRDA:318,22,0,0
BRDA:318,22,1,0
BRDA:330,23,0,0
BRDA:330,23,1,0
BRDA:330,24,0,0
BRDA:330,24,1,0
BRDA:333,25,0,0
BRDA:333,25,1,0
BRDA:337,26,0,0
BRDA:337,26,1,0
BRDA:354,27,0,0
BRDA:354,27,1,0
BRDA:354,28,0,0
BRDA:354,28,1,0
BRDA:357,29,0,0
BRDA:357,29,1,0
BRDA:357,30,0,0
BRDA:357,30,1,0
BRDA:360,31,0,0
BRDA:360,31,1,0
BRDA:363,32,0,0
BRDA:363,32,1,0
BRDA:374,33,0,0
BRDA:374,33,1,0
BRDA:379,34,0,0
BRDA:379,34,1,0
BRDA:398,35,0,0
BRDA:398,35,1,0
BRDA:408,36,0,0
BRDA:408,36,1,0
BRDA:427,37,0,0
BRDA:427,37,1,0
BRDA:441,38,0,0
BRDA:448,39,0,0
BRDA:448,39,1,0
BRDA:451,40,0,0
BRDA:451,40,1,0
BRDA:454,41,0,0
BRDA:454,41,1,0
BRDA:458,42,0,0
BRDA:458,42,1,0
BRDA:462,43,0,0
BRDA:462,43,1,0
BRDA:466,44,0,0
BRDA:466,44,1,0
BRDA:477,45,0,0
BRDA:477,45,1,0
BRDA:481,46,0,0
BRDA:481,46,1,0
BRDA:488,47,0,0
BRDA:488,47,1,0
BRDA:490,48,0,0
BRDA:490,48,1,0
BRDA:498,49,0,0
BRDA:498,49,1,0
BRDA:506,50,0,0
BRDA:506,50,1,0
BRDA:506,51,0,0
BRDA:506,51,1,0
BRDA:506,51,2,0
BRDA:507,52,0,0
BRDA:507,52,1,0
BRDA:512,53,0,0
BRDA:512,53,1,0
BRDA:512,54,0,0
BRDA:512,54,1,0
BRDA:553,55,0,0
BRDA:553,55,1,0
BRDA:567,56,0,0
BRDA:570,57,0,0
BRDA:570,57,1,0
BRDA:577,58,0,0
BRDA:577,58,1,0
BRDA:581,59,0,0
BRDA:581,59,1,0
BRDA:605,60,0,0
BRDA:609,61,0,0
BRDA:609,61,1,0
BRDA:613,62,0,0
BRDA:613,62,1,0
BRDA:617,63,0,0
BRDA:617,63,1,0
BRDA:639,64,0,0
BRDA:639,64,1,0
BRDA:661,65,0,0
BRDA:661,65,1,0
BRDA:662,66,0,0
BRDA:662,66,1,0
BRDA:680,67,0,0
BRDA:680,67,1,0
BRDA:688,68,0,0
BRDA:688,68,1,0
BRDA:694,69,0,0
BRDA:698,70,0,0
BRDA:698,70,1,0
BRDA:702,71,0,0
BRDA:702,71,1,0
BRDA:706,72,0,0
BRDA:706,72,1,0
BRDA:732,73,0,0
BRDA:732,73,1,0
BRDA:738,74,0,0
BRDA:742,75,0,0
BRDA:742,75,1,0
BRDA:746,76,0,0
BRDA:746,76,1,0
BRDA:776,77,0,0
BRDA:776,77,1,0
BRDA:777,78,0,0
BRDA:777,78,1,0
BRDA:832,79,0,0
BRDA:832,79,1,0
BRDA:834,80,0,0
BRDA:834,80,1,0
BRDA:850,81,0,0
BRDA:850,81,1,0
BRDA:878,82,0,0
BRDA:899,83,0,0
BRDA:899,84,0,0
BRDA:903,85,0,0
BRDA:903,85,1,0
BRDA:1217,86,0,0
BRDA:1217,86,1,0
BRDA:1223,87,0,0
BRDA:1223,87,1,0
BRDA:1242,88,0,0
BRDA:1242,88,1,0
BRDA:1244,89,0,0
BRDA:1244,89,1,0
BRDA:1244,90,0,0
BRDA:1244,90,1,0
BRDA:1249,91,0,0
BRDA:1249,91,1,0
BRDA:1262,92,0,0
BRDA:1262,92,1,0
BRF:179
BRH:0
end_of_record
TN:
SF:src\api\googlePlacesService.js
FN:13,(anonymous_0)
FN:49,(anonymous_1)
FN:82,(anonymous_2)
FN:93,(anonymous_3)
FN:113,(anonymous_4)
FNF:5
FNH:0
FNDA:0,(anonymous_0)
FNDA:0,(anonymous_1)
FNDA:0,(anonymous_2)
FNDA:0,(anonymous_3)
FNDA:0,(anonymous_4)
DA:9,0
DA:14,0
DA:15,0
DA:26,0
DA:27,0
DA:30,0
DA:32,0
DA:33,0
DA:34,0
DA:35,0
DA:36,0
DA:38,0
DA:41,0
DA:42,0
DA:50,0
DA:51,0
DA:62,0
DA:63,0
DA:66,0
DA:68,0
DA:69,0
DA:71,0
DA:74,0
DA:75,0
DA:83,0
DA:84,0
DA:93,0
DA:94,0
DA:96,0
DA:97,0
DA:99,0
DA:100,0
DA:102,0
DA:103,0
DA:107,0
DA:114,0
LF:36
LH:0
BRDA:26,0,0,0
BRDA:26,0,1,0
BRDA:32,1,0,0
BRDA:32,1,1,0
BRDA:32,2,0,0
BRDA:32,2,1,0
BRDA:33,3,0,0
BRDA:33,3,1,0
BRDA:34,4,0,0
BRDA:34,4,1,0
BRDA:62,5,0,0
BRDA:62,5,1,0
BRDA:68,6,0,0
BRDA:68,6,1,0
BRDA:83,7,0,0
BRDA:83,7,1,0
BRDA:85,8,0,0
BRDA:85,8,1,0
BRDA:94,9,0,0
BRDA:94,9,1,0
BRDA:96,10,0,0
BRDA:96,10,1,0
BRDA:99,11,0,0
BRDA:99,11,1,0
BRDA:102,12,0,0
BRDA:102,12,1,0
BRF:26
BRH:0
end_of_record
TN:
SF:src\api\handyApiService.js
FN:4,(anonymous_0)
FN:23,(anonymous_1)
FN:36,(anonymous_2)
FN:59,(anonymous_3)
FN:68,(anonymous_4)
FN:87,(anonymous_5)
FN:102,(anonymous_6)
FNF:7
FNH:5
FNDA:6,(anonymous_0)
FNDA:27,(anonymous_1)
FNDA:4,(anonymous_2)
FNDA:5,(anonymous_3)
FNDA:4,(anonymous_4)
FNDA:0,(anonymous_5)
FNDA:0,(anonymous_6)
DA:1,1
DA:3,1
DA:5,6
DA:6,6
DA:13,5
DA:14,1
DA:15,1
DA:18,4
DA:19,4
DA:22,4
DA:23,4
DA:24,27
DA:25,27
DA:26,27
DA:29,4
DA:31,2
DA:32,2
DA:37,4
DA:38,4
DA:45,4
DA:46,1
DA:49,3
DA:50,3
DA:53,3
DA:54,3
DA:58,3
DA:59,3
DA:60,5
DA:62,3
DA:63,3
DA:64,3
DA:68,3
DA:69,4
DA:70,4
DA:71,4
DA:72,4
DA:74,4
DA:76,4
DA:79,3
DA:80,3
DA:82,1
DA:83,1
DA:88,0
DA:89,0
DA:96,0
DA:97,0
DA:100,0
DA:101,0
DA:102,0
DA:103,0
DA:106,0
DA:107,0
DA:114,0
DA:115,0
DA:120,0
DA:121,0
LF:56
LH:42
BRDA:13,0,0,1
BRDA:13,0,1,4
BRDA:23,1,0,4
BRDA:23,1,1,0
BRDA:24,2,0,27
BRDA:24,2,1,0
BRDA:24,2,2,0
BRDA:25,3,0,27
BRDA:25,3,1,0
BRDA:26,4,0,27
BRDA:26,4,1,5
BRDA:45,5,0,1
BRDA:45,5,1,3
BRDA:50,6,0,3
BRDA:50,6,1,0
BRDA:53,7,0,3
BRDA:53,7,1,0
BRDA:53,8,0,3
BRDA:53,8,1,3
BRDA:58,9,0,3
BRDA:58,9,1,0
BRDA:60,10,0,5
BRDA:60,10,1,0
BRDA:60,10,2,0
BRDA:63,11,0,3
BRDA:63,11,1,0
BRDA:68,12,0,3
BRDA:68,12,1,0
BRDA:69,13,0,4
BRDA:69,13,1,0
BRDA:69,13,2,0
BRDA:76,14,0,4
BRDA:76,14,1,3
BRDA:96,15,0,0
BRDA:96,15,1,0
BRDA:102,16,0,0
BRDA:102,16,1,0
BRDA:103,17,0,0
BRDA:103,17,1,0
BRDA:106,18,0,0
BRDA:106,18,1,0
BRDA:106,19,0,0
BRDA:106,19,1,0
BRDA:106,19,2,0
BRF:44
BRH:20
end_of_record
TN:
SF:src\components\GooglePlacesAutocomplete.jsx
FN:3,GooglePlacesAutocomplete
FN:16,(anonymous_1)
FN:20,(anonymous_2)
FN:24,(anonymous_3)
FN:52,(anonymous_4)
FN:78,(anonymous_5)
FN:89,(anonymous_6)
FN:105,(anonymous_7)
FN:115,(anonymous_8)
FN:209,(anonymous_9)
FN:212,(anonymous_10)
FN:219,(anonymous_11)
FN:222,(anonymous_12)
FNF:13
FNH:0
FNDA:0,GooglePlacesAutocomplete
FNDA:0,(anonymous_1)
FNDA:0,(anonymous_2)
FNDA:0,(anonymous_3)
FNDA:0,(anonymous_4)
FNDA:0,(anonymous_5)
FNDA:0,(anonymous_6)
FNDA:0,(anonymous_7)
FNDA:0,(anonymous_8)
FNDA:0,(anonymous_9)
FNDA:0,(anonymous_10)
FNDA:0,(anonymous_11)
FNDA:0,(anonymous_12)
DA:10,0
DA:11,0
DA:12,0
DA:13,0
DA:14,0
DA:16,0
DA:17,0
DA:20,0
DA:22,0
DA:23,0
DA:24,0
DA:25,0
DA:29,0
DA:30,0
DA:31,0
DA:34,0
DA:35,0
DA:38,0
DA:42,0
DA:44,0
DA:46,0
DA:48,0
DA:52,0
DA:53,0
DA:54,0
DA:56,0
DA:57,0
DA:58,0
DA:61,0
DA:63,0
DA:65,0
DA:71,0
DA:72,0
DA:74,0
DA:78,0
DA:79,0
DA:81,0
DA:84,0
DA:91,0
DA:92,0
DA:93,0
DA:94,0
DA:95,0
DA:96,0
DA:99,0
DA:105,0
DA:106,0
DA:107,0
DA:108,0
DA:109,0
DA:110,0
DA:112,0
DA:113,0
DA:115,0
DA:116,0
DA:117,0
DA:118,0
DA:120,0
DA:121,0
DA:123,0
DA:124,0
DA:126,0
DA:127,0
DA:129,0
DA:130,0
DA:132,0
DA:133,0
DA:139,0
DA:140,0
DA:141,0
DA:145,0
DA:146,0
DA:147,0
DA:148,0
DA:149,0
DA:150,0
DA:155,0
DA:157,0
DA:167,0
DA:169,0
DA:170,0
DA:173,0
DA:210,0
DA:212,0
DA:220,0
DA:223,0
LF:86
LH:0
BRDA:7,0,0,0
BRDA:8,1,0,0
BRDA:23,2,0,0
BRDA:23,2,1,0
BRDA:29,3,0,0
BRDA:29,3,1,0
BRDA:56,4,0,0
BRDA:56,4,1,0
BRDA:56,5,0,0
BRDA:56,5,1,0
BRDA:61,6,0,0
BRDA:61,6,1,0
BRDA:72,7,0,0
BRDA:72,7,1,0
BRDA:79,8,0,0
BRDA:79,8,1,0
BRDA:91,9,0,0
BRDA:91,9,1,0
BRDA:91,10,0,0
BRDA:91,10,1,0
BRDA:95,11,0,0
BRDA:95,11,1,0
BRDA:96,12,0,0
BRDA:96,12,1,0
BRDA:112,13,0,0
BRDA:112,13,1,0
BRDA:116,14,0,0
BRDA:116,14,1,0
BRDA:117,15,0,0
BRDA:117,15,1,0
BRDA:118,16,0,0
BRDA:118,16,1,0
BRDA:120,17,0,0
BRDA:120,17,1,0
BRDA:123,18,0,0
BRDA:123,18,1,0
BRDA:126,19,0,0
BRDA:126,19,1,0
BRDA:129,20,0,0
BRDA:129,20,1,0
BRDA:132,21,0,0
BRDA:132,21,1,0
BRDA:139,22,0,0
BRDA:139,22,1,0
BRDA:139,23,0,0
BRDA:139,23,1,0
BRDA:139,23,2,0
BRDA:145,24,0,0
BRDA:145,24,1,0
BRDA:145,25,0,0
BRDA:145,25,1,0
BRDA:147,26,0,0
BRDA:147,26,1,0
BRDA:155,27,0,0
BRDA:155,27,1,0
BRDA:192,28,0,0
BRDA:192,28,1,0
BRF:57
BRH:0
end_of_record
TN:
SF:src\components\SuburbAutocomplete.jsx
FN:5,SuburbAutocomplete
FN:13,(anonymous_1)
FN:21,(anonymous_2)
FN:28,(anonymous_3)
FN:35,(anonymous_4)
FN:38,(anonymous_5)
FN:39,(anonymous_6)
FN:65,(anonymous_7)
FN:85,(anonymous_8)
FN:89,(anonymous_9)
FN:100,(anonymous_10)
FN:113,(anonymous_11)
FN:118,(anonymous_12)
FN:118,(anonymous_13)
FN:132,(anonymous_14)
FN:135,(anonymous_15)
FNF:16
FNH:0
FNDA:0,SuburbAutocomplete
FNDA:0,(anonymous_1)
FNDA:0,(anonymous_2)
FNDA:0,(anonymous_3)
FNDA:0,(anonymous_4)
FNDA:0,(anonymous_5)
FNDA:0,(anonymous_6)
FNDA:0,(anonymous_7)
FNDA:0,(anonymous_8)
FNDA:0,(anonymous_9)
FNDA:0,(anonymous_10)
FNDA:0,(anonymous_11)
FNDA:0,(anonymous_12)
FNDA:0,(anonymous_13)
FNDA:0,(anonymous_14)
FNDA:0,(anonymous_15)
DA:6,0
DA:7,0
DA:8,0
DA:9,0
DA:10,0
DA:11,0
DA:13,0
DA:15,0
DA:16,0
DA:17,0
DA:21,0
DA:23,0
DA:24,0
DA:28,0
DA:30,0
DA:31,0
DA:35,0
DA:38,0
DA:39,0
DA:40,0
DA:41,0
DA:42,0
DA:43,0
DA:46,0
DA:47,0
DA:49,0
DA:50,0
DA:51,0
DA:52,0
DA:53,0
DA:54,0
DA:58,0
DA:59,0
DA:65,0
DA:73,0
DA:74,0
DA:76,0
DA:77,0
DA:78,0
DA:80,0
DA:84,0
DA:85,0
DA:89,0
DA:90,0
DA:91,0
DA:92,0
DA:93,0
DA:95,0
DA:96,0
DA:100,0
DA:101,0
DA:102,0
DA:103,0
DA:104,0
DA:107,0
DA:114,0
DA:115,0
DA:118,0
DA:133,0
DA:135,0
LF:60
LH:0
BRDA:5,0,0,0
BRDA:6,1,0,0
BRDA:6,1,1,0
BRDA:15,2,0,0
BRDA:15,2,1,0
BRDA:23,3,0,0
BRDA:23,3,1,0
BRDA:30,4,0,0
BRDA:30,4,1,0
BRDA:40,5,0,0
BRDA:40,5,1,0
BRDA:49,6,0,0
BRDA:49,6,1,0
BRDA:65,7,0,0
BRDA:65,7,1,0
BRDA:95,8,0,0
BRDA:95,8,1,0
BRDA:102,9,0,0
BRDA:102,9,1,0
BRDA:114,10,0,0
BRDA:114,10,1,0
BRDA:119,11,0,0
BRDA:119,11,1,0
BRDA:123,12,0,0
BRDA:123,12,1,0
BRDA:130,13,0,0
BRDA:130,13,1,0
BRDA:130,13,2,0
BRF:28
BRH:0
end_of_record
TN:
SF:src\components\UserNotRegisteredError.jsx
FN:3,(anonymous_0)
FNF:1
FNH:0
FNDA:0,(anonymous_0)
DA:3,0
DA:4,0
LF:2
LH:0
BRF:0
BRH:0
end_of_record
TN:
SF:src\components\listings\SaleCard.jsx
FN:19,SaleCard
FN:20,(anonymous_1)
FNF:2
FNH:0
FNDA:0,SaleCard
FNDA:0,(anonymous_1)
DA:8,0
DA:20,0
DA:21,0
DA:22,0
DA:23,0
DA:24,0
DA:27,0
LF:7
LH:0
BRDA:22,0,0,0
BRDA:22,0,1,0
BRDA:23,1,0,0
BRDA:23,1,1,0
BRDA:32,2,0,0
BRDA:32,2,1,0
BRDA:32,3,0,0
BRDA:32,3,1,0
BRDA:52,4,0,0
BRDA:52,4,1,0
BRF:10
BRH:0
end_of_record
TN:
SF:src\components\listings\SearchFilters.jsx
FN:11,SearchFilters
FN:36,(anonymous_1)
FN:37,(anonymous_2)
FN:38,(anonymous_3)
FN:41,(anonymous_4)
FN:47,(anonymous_5)
FN:52,(anonymous_6)
FN:57,(anonymous_7)
FN:83,(anonymous_8)
FN:121,(anonymous_9)
FN:127,(anonymous_10)
FN:141,(anonymous_11)
FN:147,(anonymous_12)
FN:160,(anonymous_13)
FN:165,(anonymous_14)
FN:174,(anonymous_15)
FN:195,(anonymous_16)
FN:198,(anonymous_17)
FN:210,(anonymous_18)
FNF:19
FNH:0
FNDA:0,SearchFilters
FNDA:0,(anonymous_1)
FNDA:0,(anonymous_2)
FNDA:0,(anonymous_3)
FNDA:0,(anonymous_4)
FNDA:0,(anonymous_5)
FNDA:0,(anonymous_6)
FNDA:0,(anonymous_7)
FNDA:0,(anonymous_8)
FNDA:0,(anonymous_9)
FNDA:0,(anonymous_10)
FNDA:0,(anonymous_11)
FNDA:0,(anonymous_12)
FNDA:0,(anonymous_13)
FNDA:0,(anonymous_14)
FNDA:0,(anonymous_15)
FNDA:0,(anonymous_16)
FNDA:0,(anonymous_17)
FNDA:0,(anonymous_18)
DA:12,0
DA:13,0
DA:15,0
DA:27,0
DA:35,0
DA:36,0
DA:37,0
DA:38,0
DA:41,0
DA:42,0
DA:43,0
DA:44,0
DA:47,0
DA:48,0
DA:49,0
DA:52,0
DA:53,0
DA:54,0
DA:57,0
DA:58,0
DA:64,0
DA:65,0
DA:68,0
DA:74,0
DA:83,0
DA:121,0
DA:128,0
DA:141,0
DA:148,0
DA:161,0
DA:165,0
DA:174,0
DA:195,0
DA:199,0
DA:200,0
DA:211,0
DA:212,0
LF:37
LH:0
BRDA:82,0,0,0
BRDA:82,0,1,0
BRDA:95,1,0,0
BRDA:95,1,1,0
BRDA:120,2,0,0
BRDA:120,2,1,0
BRDA:140,3,0,0
BRDA:140,3,1,0
BRDA:191,4,0,0
BRDA:191,4,1,0
BRDA:193,5,0,0
BRDA:193,5,1,0
BRDA:193,5,2,0
BRDA:205,6,0,0
BRDA:205,6,1,0
BRF:15
BRH:0
end_of_record
TN:
SF:src\components\map\SaleMap.jsx
FN:45,MapUpdater
FN:47,(anonymous_1)
FN:55,SaleMap
FN:72,(anonymous_3)
FNF:4
FNH:0
FNDA:0,MapUpdater
FNDA:0,(anonymous_1)
FNDA:0,SaleMap
FNDA:0,(anonymous_3)
DA:12,0
DA:13,0
DA:19,0
DA:46,0
DA:47,0
DA:48,0
DA:49,0
DA:52,0
DA:56,0
DA:58,0
DA:73,0
LF:11
LH:0
BRDA:48,0,0,0
BRDA:48,0,1,0
BRDA:55,1,0,0
BRDA:56,2,0,0
BRDA:56,2,1,0
BRDA:73,3,0,0
BRDA:73,3,1,0
BRDA:73,3,2,0
BRF:8
BRH:0
end_of_record
TN:
SF:src\components\ui\accordion.jsx
FN:9,(anonymous_0)
FN:14,(anonymous_1)
FN:31,(anonymous_2)
FNF:3
FNH:0
FNDA:0,(anonymous_0)
FNDA:0,(anonymous_1)
FNDA:0,(anonymous_2)
DA:7,0
DA:9,0
DA:10,0
DA:12,0
DA:14,0
DA:15,0
DA:29,0
DA:31,0
DA:32,0
DA:39,0
LF:10
LH:0
BRF:0
BRH:0
end_of_record
TN:
SF:src\components\ui\alert-dialog.jsx
FN:13,(anonymous_0)
FN:24,(anonymous_1)
FN:38,(anonymous_2)
FN:48,(anonymous_3)
FN:58,(anonymous_4)
FN:63,(anonymous_5)
FN:72,(anonymous_6)
FN:77,(anonymous_7)
FNF:8
FNH:0
FNDA:0,(anonymous_0)
FNDA:0,(anonymous_1)
FNDA:0,(anonymous_2)
FNDA:0,(anonymous_3)
FNDA:0,(anonymous_4)
FNDA:0,(anonymous_5)
FNDA:0,(anonymous_6)
FNDA:0,(anonymous_7)
DA:7,0
DA:9,0
DA:11,0
DA:13,0
DA:14,0
DA:22,0
DA:24,0
DA:25,0
DA:36,0
DA:38,0
DA:42,0
DA:46,0
DA:48,0
DA:52,0
DA:56,0
DA:58,0
DA:59,0
DA:61,0
DA:63,0
DA:64,0
DA:69,0
DA:72,0
DA:73,0
DA:75,0
DA:77,0
DA:78,0
DA:83,0
LF:27
LH:0
BRF:0
BRH:0
end_of_record
TN:
SF:src\components\ui\alert.jsx
FN:22,(anonymous_0)
FN:31,(anonymous_1)
FN:39,(anonymous_2)
FNF:3
FNH:0
FNDA:0,(anonymous_0)
FNDA:0,(anonymous_1)
FNDA:0,(anonymous_2)
DA:6,1
DA:22,1
DA:23,0
DA:29,1
DA:31,1
DA:32,0
DA:37,1
DA:39,1
DA:40,0
DA:45,1
LF:10
LH:7
BRF:0
BRH:0
end_of_record
TN:
SF:src\components\ui\aspect-ratio.jsx
FNF:0
FNH:0
DA:3,0
LF:1
LH:0
BRF:0
BRH:0
end_of_record
TN:
SF:src\components\ui\avatar.jsx
FN:8,(anonymous_0)
FN:16,(anonymous_1)
FN:24,(anonymous_2)
FNF:3
FNH:0
FNDA:0,(anonymous_0)
FNDA:0,(anonymous_1)
FNDA:0,(anonymous_2)
DA:8,0
DA:9,0
DA:14,0
DA:16,0
DA:17,0
DA:22,0
DA:24,0
DA:25,0
DA:33,0
LF:9
LH:0
BRF:0
BRH:0
end_of_record
TN:
SF:src\components\ui\badge.jsx
FN:26,Badge
FNF:1
FNH:0
FNDA:0,Badge
DA:6,0
DA:31,0
LF:2
LH:0
BRF:0
BRH:0
end_of_record
TN:
SF:src\components\ui\breadcrumb.jsx
FN:8,(anonymous_0)
FN:12,(anonymous_1)
FN:23,(anonymous_2)
FN:31,(anonymous_3)
FN:43,(anonymous_4)
FN:54,(anonymous_5)
FN:69,(anonymous_6)
FNF:7
FNH:0
FNDA:0,(anonymous_0)
FNDA:0,(anonymous_1)
FNDA:0,(anonymous_2)
FNDA:0,(anonymous_3)
FNDA:0,(anonymous_4)
FNDA:0,(anonymous_5)
FNDA:0,(anonymous_6)
DA:7,0
DA:8,0
DA:10,0
DA:12,0
DA:13,0
DA:21,0
DA:23,0
DA:24,0
DA:29,0
DA:31,0
DA:32,0
DA:34,0
DA:41,0
DA:43,0
DA:44,0
DA:52,0
DA:54,0
DA:59,0
DA:67,0
DA:69,0
DA:73,0
DA:82,0
LF:22
LH:0
BRDA:32,0,0,0
BRDA:32,0,1,0
BRDA:64,1,0,0
BRDA:64,1,1,0
BRF:4
BRH:0
end_of_record
TN:
SF:src\components\ui\button.jsx
FN:37,(anonymous_0)
FNF:1
FNH:0
FNDA:0,(anonymous_0)
DA:7,1
DA:37,1
DA:38,0
DA:39,0
DA:45,1
LF:5
LH:3
BRDA:37,0,0,0
BRDA:38,1,0,0
BRDA:38,1,1,0
BRF:3
BRH:0
end_of_record
TN:
SF:src\components\ui\calendar.jsx
FN:8,Calendar
FN:59,(anonymous_1)
FN:62,(anonymous_2)
FNF:3
FNH:0
FNDA:0,Calendar
FNDA:0,(anonymous_1)
FNDA:0,(anonymous_2)
DA:14,0
DA:60,0
DA:63,0
DA:69,0
LF:4
LH:0
BRDA:11,0,0,0
BRDA:37,1,0,0
BRDA:37,1,1,0
BRF:3
BRH:0
end_of_record
TN:
SF:src\components\ui\card.jsx
FN:5,(anonymous_0)
FN:13,(anonymous_1)
FN:21,(anonymous_2)
FN:29,(anonymous_3)
FN:37,(anonymous_4)
FN:42,(anonymous_5)
FNF:6
FNH:0
FNDA:0,(anonymous_0)
FNDA:0,(anonymous_1)
FNDA:0,(anonymous_2)
FNDA:0,(anonymous_3)
FNDA:0,(anonymous_4)
FNDA:0,(anonymous_5)
DA:5,0
DA:6,0
DA:11,0
DA:13,0
DA:14,0
DA:19,0
DA:21,0
DA:22,0
DA:27,0
DA:29,0
DA:30,0
DA:35,0
DA:37,0
DA:38,0
DA:40,0
DA:42,0
DA:43,0
DA:48,0
LF:18
LH:0
BRF:0
BRH:0
end_of_record
TN:
SF:src\components\ui\carousel.jsx
FN:10,useCarousel
FN:20,(anonymous_1)
FN:39,(anonymous_2)
FN:48,(anonymous_3)
FN:52,(anonymous_4)
FN:56,(anonymous_5)
FN:66,(anonymous_6)
FN:74,(anonymous_7)
FN:83,(anonymous_8)
FN:115,(anonymous_9)
FN:133,(anonymous_10)
FN:151,(anonymous_11)
FN:172,(anonymous_12)
FNF:13
FNH:0
FNDA:0,useCarousel
FNDA:0,(anonymous_1)
FNDA:0,(anonymous_2)
FNDA:0,(anonymous_3)
FNDA:0,(anonymous_4)
FNDA:0,(anonymous_5)
FNDA:0,(anonymous_6)
FNDA:0,(anonymous_7)
FNDA:0,(anonymous_8)
FNDA:0,(anonymous_9)
FNDA:0,(anonymous_10)
FNDA:0,(anonymous_11)
FNDA:0,(anonymous_12)
DA:8,0
DA:11,0
DA:13,0
DA:14,0
DA:17,0
DA:20,0
DA:32,0
DA:36,0
DA:37,0
DA:39,0
DA:40,0
DA:41,0
DA:44,0
DA:45,0
DA:48,0
DA:49,0
DA:52,0
DA:53,0
DA:56,0
DA:57,0
DA:58,0
DA:59,0
DA:60,0
DA:61,0
DA:62,0
DA:66,0
DA:67,0
DA:68,0
DA:71,0
DA:74,0
DA:75,0
DA:76,0
DA:79,0
DA:80,0
DA:81,0
DA:83,0
DA:84,0
DA:88,0
DA:113,0
DA:115,0
DA:116,0
DA:118,0
DA:131,0
DA:133,0
DA:134,0
DA:136,0
DA:149,0
DA:151,0
DA:152,0
DA:154,0
DA:170,0
DA:172,0
DA:173,0
DA:175,0
DA:191,0
LF:55
LH:0
BRDA:13,0,0,0
BRDA:13,0,1,0
BRDA:22,1,0,0
BRDA:34,2,0,0
BRDA:34,2,1,0
BRDA:40,3,0,0
BRDA:40,3,1,0
BRDA:57,4,0,0
BRDA:57,4,1,0
BRDA:60,5,0,0
BRDA:60,5,1,0
BRDA:67,6,0,0
BRDA:67,6,1,0
BRDA:67,7,0,0
BRDA:67,7,1,0
BRDA:75,8,0,0
BRDA:75,8,1,0
BRDA:95,9,0,0
BRDA:95,9,1,0
BRDA:95,10,0,0
BRDA:95,10,1,0
BRDA:124,11,0,0
BRDA:124,11,1,0
BRDA:143,12,0,0
BRDA:143,12,1,0
BRDA:151,13,0,0
BRDA:151,14,0,0
BRDA:159,15,0,0
BRDA:159,15,1,0
BRDA:172,16,0,0
BRDA:172,17,0,0
BRDA:180,18,0,0
BRDA:180,18,1,0
BRF:33
BRH:0
end_of_record
TN:
SF:src\components\ui\chart.jsx
FN:15,useChart
FN:25,(anonymous_1)
FN:49,(anonymous_2)
FN:53,(anonymous_3)
FN:63,(anonymous_4)
FN:66,(anonymous_5)
FN:82,(anonymous_6)
FN:102,(anonymous_7)
FN:153,(anonymous_8)
FN:219,(anonymous_9)
FN:237,(anonymous_10)
FN:266,getPayloadConfigFromPayload
FNF:12
FNH:0
FNDA:0,useChart
FNDA:0,(anonymous_1)
FNDA:0,(anonymous_2)
FNDA:0,(anonymous_3)
FNDA:0,(anonymous_4)
FNDA:0,(anonymous_5)
FNDA:0,(anonymous_6)
FNDA:0,(anonymous_7)
FNDA:0,(anonymous_8)
FNDA:0,(anonymous_9)
FNDA:0,(anonymous_10)
FNDA:0,getPayloadConfigFromPayload
DA:8,0
DA:13,0
DA:16,0
DA:18,0
DA:19,0
DA:22,0
DA:25,0
DA:26,0
DA:27,0
DA:29,0
DA:47,0
DA:49,0
DA:53,0
DA:55,0
DA:56,0
DA:59,0
DA:63,0
DA:68,0
DA:70,0
DA:80,0
DA:82,0
DA:100,0
DA:102,0
DA:103,0
DA:104,0
DA:107,0
DA:108,0
DA:109,0
DA:111,0
DA:115,0
DA:116,0
DA:123,0
DA:124,0
DA:127,0
DA:138,0
DA:139,0
DA:142,0
DA:144,0
DA:154,0
DA:155,0
DA:156,0
DA:158,0
DA:215,0
DA:217,0
DA:219,0
DA:223,0
DA:225,0
DA:226,0
DA:229,0
DA:238,0
DA:239,0
DA:241,0
DA:263,0
DA:271,0
DA:272,0
DA:276,0
DA:282,0
DA:284,0
DA:288,0
DA:289,0
DA:294,0
DA:297,0
LF:62
LH:0
BRDA:18,0,0,0
BRDA:18,0,1,0
BRDA:27,1,0,0
BRDA:27,1,1,0
BRDA:53,2,0,0
BRDA:53,2,1,0
BRDA:55,3,0,0
BRDA:55,3,1,0
BRDA:68,4,0,0
BRDA:68,4,1,0
BRDA:70,5,0,0
BRDA:70,5,1,0
BRDA:87,6,0,0
BRDA:88,7,0,0
BRDA:89,8,0,0
BRDA:103,9,0,0
BRDA:103,9,1,0
BRDA:103,10,0,0
BRDA:103,10,1,0
BRDA:108,11,0,0
BRDA:108,11,1,0
BRDA:108,11,2,0
BRDA:108,11,3,0
BRDA:111,12,0,0
BRDA:111,12,1,0
BRDA:111,13,0,0
BRDA:111,13,1,0
BRDA:112,14,0,0
BRDA:112,14,1,0
BRDA:115,15,0,0
BRDA:115,15,1,0
BRDA:123,16,0,0
BRDA:123,16,1,0
BRDA:138,17,0,0
BRDA:138,17,1,0
BRDA:138,18,0,0
BRDA:138,18,1,0
BRDA:142,19,0,0
BRDA:142,19,1,0
BRDA:151,20,0,0
BRDA:151,20,1,0
BRDA:154,21,0,0
BRDA:154,21,1,0
BRDA:154,21,2,0
BRDA:154,21,3,0
BRDA:156,22,0,0
BRDA:156,22,1,0
BRDA:156,22,2,0
BRDA:163,23,0,0
BRDA:163,23,1,0
BRDA:165,24,0,0
BRDA:165,24,1,0
BRDA:165,25,0,0
BRDA:165,25,1,0
BRDA:165,25,2,0
BRDA:169,26,0,0
BRDA:169,26,1,0
BRDA:172,27,0,0
BRDA:172,27,1,0
BRDA:179,28,0,0
BRDA:179,28,1,0
BRDA:192,29,0,0
BRDA:192,29,1,0
BRDA:195,30,0,0
BRDA:195,30,1,0
BRDA:197,31,0,0
BRDA:197,31,1,0
BRDA:200,32,0,0
BRDA:200,32,1,0
BRDA:220,33,0,0
BRDA:220,34,0,0
BRDA:225,35,0,0
BRDA:225,35,1,0
BRDA:234,36,0,0
BRDA:234,36,1,0
BRDA:238,37,0,0
BRDA:238,37,1,0
BRDA:238,37,2,0
BRDA:247,38,0,0
BRDA:247,38,1,0
BRDA:247,39,0,0
BRDA:247,39,1,0
BRDA:271,40,0,0
BRDA:271,40,1,0
BRDA:271,41,0,0
BRDA:271,41,1,0
BRDA:276,42,0,0
BRDA:276,42,1,0
BRDA:276,43,0,0
BRDA:276,43,1,0
BRDA:276,43,2,0
BRDA:284,44,0,0
BRDA:284,44,1,0
BRDA:285,45,0,0
BRDA:285,45,1,0
BRDA:289,46,0,0
BRDA:289,46,1,0
BRDA:290,47,0,0
BRDA:290,47,1,0
BRDA:290,47,2,0
BRDA:297,48,0,0
BRDA:297,48,1,0
BRF:102
BRH:0
end_of_record
TN:
SF:src\components\ui\checkbox.jsx
FN:7,(anonymous_0)
FNF:1
FNH:0
FNDA:0,(anonymous_0)
DA:7,0
DA:8,0
DA:20,0
LF:3
LH:0
BRF:0
BRH:0
end_of_record
TN:
SF:src\components\ui\collapsible.jsx
FNF:0
FNH:0
DA:5,0
DA:7,0
DA:9,0
LF:3
LH:0
BRF:0
BRH:0
end_of_record
TN:
SF:src\components\ui\command.jsx
FN:8,(anonymous_0)
FN:19,(anonymous_1)
FN:35,(anonymous_2)
FN:50,(anonymous_3)
FN:59,(anonymous_4)
FN:65,(anonymous_5)
FN:77,(anonymous_6)
FN:82,(anonymous_7)
FN:94,(anonymous_8)
FNF:9
FNH:0
FNDA:0,(anonymous_0)
FNDA:0,(anonymous_1)
FNDA:0,(anonymous_2)
FNDA:0,(anonymous_3)
FNDA:0,(anonymous_4)
FNDA:0,(anonymous_5)
FNDA:0,(anonymous_6)
FNDA:0,(anonymous_7)
FNDA:0,(anonymous_8)
DA:8,0
DA:9,0
DA:17,0
DA:19,0
DA:23,0
DA:35,0
DA:36,0
DA:48,0
DA:50,0
DA:51,0
DA:57,0
DA:59,0
DA:60,0
DA:63,0
DA:65,0
DA:66,0
DA:75,0
DA:77,0
DA:78,0
DA:80,0
DA:82,0
DA:83,0
DA:92,0
DA:94,0
DA:98,0
DA:104,0
LF:26
LH:0
BRF:0
BRH:0
end_of_record
TN:
SF:src\components\ui\context-menu.jsx
FN:19,(anonymous_0)
FN:34,(anonymous_1)
FN:45,(anonymous_2)
FN:58,(anonymous_3)
FN:70,(anonymous_4)
FN:90,(anonymous_5)
FN:108,(anonymous_6)
FN:120,(anonymous_7)
FN:128,(anonymous_8)
FNF:9
FNH:0
FNDA:0,(anonymous_0)
FNDA:0,(anonymous_1)
FNDA:0,(anonymous_2)
FNDA:0,(anonymous_3)
FNDA:0,(anonymous_4)
FNDA:0,(anonymous_5)
FNDA:0,(anonymous_6)
FNDA:0,(anonymous_7)
FNDA:0,(anonymous_8)
DA:7,0
DA:9,0
DA:11,0
DA:13,0
DA:15,0
DA:17,0
DA:19,0
DA:20,0
DA:32,0
DA:34,0
DA:35,0
DA:43,0
DA:45,0
DA:46,0
DA:56,0
DA:58,0
DA:59,0
DA:68,0
DA:70,0
DA:71,0
DA:87,0
DA:90,0
DA:91,0
DA:106,0
DA:108,0
DA:109,0
DA:118,0
DA:120,0
DA:121,0
DA:126,0
DA:128,0
DA:132,0
DA:138,0
LF:33
LH:0
BRDA:24,0,0,0
BRDA:24,0,1,0
BRDA:63,1,0,0
BRDA:63,1,1,0
BRDA:113,2,0,0
BRDA:113,2,1,0
BRF:6
BRH:0
end_of_record
TN:
SF:src\components\ui\dialog.jsx
FN:17,(anonymous_0)
FN:28,(anonymous_1)
FN:50,(anonymous_2)
FN:60,(anonymous_3)
FN:70,(anonymous_4)
FN:78,(anonymous_5)
FNF:6
FNH:0
FNDA:0,(anonymous_0)
FNDA:0,(anonymous_1)
FNDA:0,(anonymous_2)
FNDA:0,(anonymous_3)
FNDA:0,(anonymous_4)
FNDA:0,(anonymous_5)
DA:9,0
DA:11,0
DA:13,0
DA:15,0
DA:17,0
DA:18,0
DA:26,0
DA:28,0
DA:29,0
DA:48,0
DA:50,0
DA:54,0
DA:58,0
DA:60,0
DA:64,0
DA:68,0
DA:70,0
DA:71,0
DA:76,0
DA:78,0
DA:79,0
DA:84,0
LF:22
LH:0
BRF:0
BRH:0
end_of_record
TN:
SF:src\components\ui\drawer.jsx
FN:8,(anonymous_0)
FN:22,(anonymous_1)
FN:30,(anonymous_2)
FN:47,(anonymous_3)
FN:57,(anonymous_4)
FN:65,(anonymous_5)
FN:73,(anonymous_6)
FNF:7
FNH:0
FNDA:0,(anonymous_0)
FNDA:0,(anonymous_1)
FNDA:0,(anonymous_2)
FNDA:0,(anonymous_3)
FNDA:0,(anonymous_4)
FNDA:0,(anonymous_5)
FNDA:0,(anonymous_6)
DA:8,0
DA:12,0
DA:14,0
DA:16,0
DA:18,0
DA:20,0
DA:22,0
DA:23,0
DA:28,0
DA:30,0
DA:31,0
DA:45,0
DA:47,0
DA:51,0
DA:55,0
DA:57,0
DA:61,0
DA:63,0
DA:65,0
DA:66,0
DA:71,0
DA:73,0
DA:74,0
DA:79,0
LF:24
LH:0
BRDA:9,0,0,0
BRF:1
BRH:0
end_of_record
TN:
SF:src\components\ui\dropdown-menu.jsx
FN:19,(anonymous_0)
FN:35,(anonymous_1)
FN:47,(anonymous_2)
FN:62,(anonymous_3)
FN:74,(anonymous_4)
FN:94,(anonymous_5)
FN:112,(anonymous_6)
FN:120,(anonymous_7)
FN:128,(anonymous_8)
FNF:9
FNH:0
FNDA:0,(anonymous_0)
FNDA:0,(anonymous_1)
FNDA:0,(anonymous_2)
FNDA:0,(anonymous_3)
FNDA:0,(anonymous_4)
FNDA:0,(anonymous_5)
FNDA:0,(anonymous_6)
FNDA:0,(anonymous_7)
FNDA:0,(anonymous_8)
DA:7,0
DA:9,0
DA:11,0
DA:13,0
DA:15,0
DA:17,0
DA:19,0
DA:20,0
DA:32,0
DA:35,0
DA:36,0
DA:44,0
DA:47,0
DA:48,0
DA:60,0
DA:62,0
DA:63,0
DA:72,0
DA:74,0
DA:75,0
DA:91,0
DA:94,0
DA:95,0
DA:110,0
DA:112,0
DA:113,0
DA:118,0
DA:120,0
DA:121,0
DA:126,0
DA:128,0
DA:132,0
DA:138,0
LF:33
LH:0
BRDA:24,0,0,0
BRDA:24,0,1,0
BRDA:47,1,0,0
BRDA:67,2,0,0
BRDA:67,2,1,0
BRDA:115,3,0,0
BRDA:115,3,1,0
BRF:7
BRH:0
end_of_record
TN:
SF:src\components\ui\form.jsx
FN:13,(anonymous_0)
FN:25,(anonymous_1)
FN:50,(anonymous_2)
FN:61,(anonymous_3)
FN:74,(anonymous_4)
FN:92,(anonymous_5)
FN:105,(anonymous_6)
FNF:7
FNH:0
FNDA:0,(anonymous_0)
FNDA:0,(anonymous_1)
FNDA:0,(anonymous_2)
FNDA:0,(anonymous_3)
FNDA:0,(anonymous_4)
FNDA:0,(anonymous_5)
FNDA:0,(anonymous_6)
DA:9,0
DA:11,0
DA:13,0
DA:18,0
DA:25,0
DA:26,0
DA:27,0
DA:28,0
DA:30,0
DA:32,0
DA:33,0
DA:36,0
DA:38,0
DA:48,0
DA:50,0
DA:51,0
DA:53,0
DA:59,0
DA:61,0
DA:62,0
DA:64,0
DA:72,0
DA:74,0
DA:75,0
DA:77,0
DA:90,0
DA:92,0
DA:93,0
DA:95,0
DA:103,0
DA:105,0
DA:106,0
DA:107,0
DA:109,0
DA:110,0
DA:113,0
DA:123,0
LF:37
LH:0
BRDA:32,0,0,0
BRDA:32,0,1,0
BRDA:67,1,0,0
BRDA:67,1,1,0
BRDA:82,2,0,0
BRDA:82,2,1,0
BRDA:107,3,0,0
BRDA:107,3,1,0
BRDA:109,4,0,0
BRDA:109,4,1,0
BRF:10
BRH:0
end_of_record
TN:
SF:src\components\ui\hover-card.jsx
FN:12,(anonymous_0)
FNF:1
FNH:0
FNDA:0,(anonymous_0)
DA:8,0
DA:10,0
DA:12,0
DA:13,0
DA:23,0
LF:5
LH:0
BRDA:12,0,0,0
BRDA:12,1,0,0
BRF:2
BRH:0
end_of_record
TN:
SF:src\components\ui\input-otp.jsx
FN:7,(anonymous_0)
FN:16,(anonymous_1)
FN:21,(anonymous_2)
FN:46,(anonymous_3)
FNF:4
FNH:0
FNDA:0,(anonymous_0)
FNDA:0,(anonymous_1)
FNDA:0,(anonymous_2)
FNDA:0,(anonymous_3)
DA:7,0
DA:8,0
DA:14,0
DA:16,0
DA:17,0
DA:19,0
DA:21,0
DA:22,0
DA:23,0
DA:25,0
DA:44,0
DA:46,0
DA:47,0
DA:51,0
LF:14
LH:0
BRDA:30,0,0,0
BRDA:30,0,1,0
BRDA:35,1,0,0
BRDA:35,1,1,0
BRF:4
BRH:0
end_of_record
TN:
SF:src\components\ui\input.jsx
FN:5,(anonymous_0)
FNF:1
FNH:0
FNDA:0,(anonymous_0)
DA:5,1
DA:6,0
DA:17,1
LF:3
LH:2
BRF:0
BRH:0
end_of_record
TN:
SF:src\components\ui\label.jsx
FN:11,(anonymous_0)
FNF:1
FNH:0
FNDA:0,(anonymous_0)
DA:7,1
DA:11,1
DA:12,0
DA:14,1
LF:4
LH:3
BRF:0
BRH:0
end_of_record
TN:
SF:src\components\ui\menubar.jsx
FN:9,MenubarMenu
FN:15,MenubarGroup
FN:21,MenubarPortal
FN:27,MenubarRadioGroup
FN:33,MenubarSub
FN:39,(anonymous_5)
FN:50,(anonymous_6)
FN:61,(anonymous_7)
FN:76,(anonymous_8)
FN:87,(anonymous_9)
FN:106,(anonymous_10)
FN:118,(anonymous_11)
FN:137,(anonymous_12)
FN:155,(anonymous_13)
FN:163,(anonymous_14)
FN:171,(anonymous_15)
FNF:16
FNH:0
FNDA:0,MenubarMenu
FNDA:0,MenubarGroup
FNDA:0,MenubarPortal
FNDA:0,MenubarRadioGroup
FNDA:0,MenubarSub
FNDA:0,(anonymous_5)
FNDA:0,(anonymous_6)
FNDA:0,(anonymous_7)
FNDA:0,(anonymous_8)
FNDA:0,(anonymous_9)
FNDA:0,(anonymous_10)
FNDA:0,(anonymous_11)
FNDA:0,(anonymous_12)
FNDA:0,(anonymous_13)
FNDA:0,(anonymous_14)
FNDA:0,(anonymous_15)
DA:12,0
DA:18,0
DA:24,0
DA:30,0
DA:36,0
DA:39,0
DA:40,0
DA:48,0
DA:50,0
DA:51,0
DA:59,0
DA:61,0
DA:62,0
DA:74,0
DA:76,0
DA:77,0
DA:85,0
DA:87,0
DA:91,0
DA:104,0
DA:106,0
DA:107,0
DA:116,0
DA:118,0
DA:119,0
DA:135,0
DA:137,0
DA:138,0
DA:153,0
DA:155,0
DA:156,0
DA:161,0
DA:163,0
DA:164,0
DA:169,0
DA:171,0
DA:175,0
DA:181,0
LF:38
LH:0
BRDA:66,0,0,0
BRDA:66,0,1,0
BRDA:88,1,0,0
BRDA:88,2,0,0
BRDA:88,3,0,0
BRDA:111,4,0,0
BRDA:111,4,1,0
BRDA:158,5,0,0
BRDA:158,5,1,0
BRF:9
BRH:0
end_of_record
TN:
SF:src\components\ui\navigation-menu.jsx
FN:8,(anonymous_0)
FN:22,(anonymous_1)
FN:39,(anonymous_2)
FN:52,(anonymous_3)
FN:65,(anonymous_4)
FN:79,(anonymous_5)
FNF:6
FNH:0
FNDA:0,(anonymous_0)
FNDA:0,(anonymous_1)
FNDA:0,(anonymous_2)
FNDA:0,(anonymous_3)
FNDA:0,(anonymous_4)
FNDA:0,(anonymous_5)
DA:8,0
DA:9,0
DA:20,0
DA:22,0
DA:23,0
DA:31,0
DA:33,0
DA:35,0
DA:39,0
DA:40,0
DA:50,0
DA:52,0
DA:53,0
DA:61,0
DA:63,0
DA:65,0
DA:66,0
DA:76,0
DA:79,0
DA:80,0
DA:91,0
LF:21
LH:0
BRF:0
BRH:0
end_of_record
TN:
SF:src\components\ui\pagination.jsx
FN:7,(anonymous_0)
FN:19,(anonymous_1)
FN:27,(anonymous_2)
FN:32,(anonymous_3)
FN:48,(anonymous_4)
FN:63,(anonymous_5)
FN:78,(anonymous_6)
FNF:7
FNH:0
FNDA:0,(anonymous_0)
FNDA:0,(anonymous_1)
FNDA:0,(anonymous_2)
FNDA:0,(anonymous_3)
FNDA:0,(anonymous_4)
FNDA:0,(anonymous_5)
FNDA:0,(anonymous_6)
DA:7,0
DA:11,0
DA:17,0
DA:19,0
DA:20,0
DA:25,0
DA:27,0
DA:28,0
DA:30,0
DA:32,0
DA:38,0
DA:46,0
DA:48,0
DA:52,0
DA:61,0
DA:63,0
DA:67,0
DA:76,0
DA:78,0
DA:82,0
DA:90,0
LF:21
LH:0
BRDA:35,0,0,0
BRDA:39,1,0,0
BRDA:39,1,1,0
BRDA:41,2,0,0
BRDA:41,2,1,0
BRF:5
BRH:0
end_of_record
TN:
SF:src\components\ui\popover.jsx
FN:12,(anonymous_0)
FNF:1
FNH:0
FNDA:0,(anonymous_0)
DA:6,0
DA:8,0
DA:10,0
DA:12,0
DA:13,0
DA:25,0
LF:6
LH:0
BRDA:12,0,0,0
BRDA:12,1,0,0
BRF:2
BRH:0
end_of_record
TN:
SF:src\components\ui\progress.jsx
FN:8,(anonymous_0)
FNF:1
FNH:0
FNDA:0,(anonymous_0)
DA:8,0
DA:9,0
DA:21,0
LF:3
LH:0
BRDA:18,0,0,0
BRDA:18,0,1,0
BRF:2
BRH:0
end_of_record
TN:
SF:src\components\ui\radio-group.jsx
FN:7,(anonymous_0)
FN:12,(anonymous_1)
FNF:2
FNH:0
FNDA:0,(anonymous_0)
FNDA:0,(anonymous_1)
DA:7,0
DA:8,0
DA:10,0
DA:12,0
DA:13,0
DA:27,0
LF:6
LH:0
BRF:0
BRH:0
end_of_record
TN:
SF:src\components\ui\resizable.jsx
FN:8,(anonymous_0)
FN:22,(anonymous_1)
FNF:2
FNH:0
FNDA:0,(anonymous_0)
FNDA:0,(anonymous_1)
DA:8,0
DA:12,0
DA:20,0
DA:22,0
DA:27,0
LF:5
LH:0
BRDA:33,0,0,0
BRDA:33,0,1,0
BRF:2
BRH:0
end_of_record
TN:
SF:src\components\ui\scroll-area.jsx
FN:6,(anonymous_0)
FN:20,(anonymous_1)
FNF:2
FNH:0
FNDA:0,(anonymous_0)
FNDA:0,(anonymous_1)
DA:6,0
DA:7,0
DA:18,0
DA:20,0
DA:21,0
DA:36,0
LF:6
LH:0
BRDA:20,0,0,0
BRDA:26,1,0,0
BRDA:26,1,1,0
BRDA:28,2,0,0
BRDA:28,2,1,0
BRF:5
BRH:0
end_of_record
TN:
SF:src\components\ui\select.jsx
FN:15,(anonymous_0)
FN:31,(anonymous_1)
FN:41,(anonymous_2)
FN:52,(anonymous_3)
FN:76,(anonymous_4)
FN:84,(anonymous_5)
FN:102,(anonymous_6)
FNF:7
FNH:0
FNDA:0,(anonymous_0)
FNDA:0,(anonymous_1)
FNDA:0,(anonymous_2)
FNDA:0,(anonymous_3)
FNDA:0,(anonymous_4)
FNDA:0,(anonymous_5)
FNDA:0,(anonymous_6)
DA:9,1
DA:11,1
DA:13,1
DA:15,1
DA:16,0
DA:29,1
DA:31,1
DA:32,0
DA:39,1
DA:41,1
DA:42,0
DA:49,1
DA:52,1
DA:53,0
DA:74,1
DA:76,1
DA:77,0
DA:82,1
DA:84,1
DA:85,0
DA:100,1
DA:102,1
DA:103,0
DA:108,1
LF:24
LH:17
BRDA:52,0,0,0
BRDA:58,1,0,0
BRDA:58,1,1,0
BRDA:66,2,0,0
BRDA:66,2,1,0
BRF:5
BRH:0
end_of_record
TN:
SF:src\components\ui\separator.jsx
FN:6,(anonymous_0)
FNF:1
FNH:0
FNDA:0,(anonymous_0)
DA:6,0
DA:10,0
DA:21,0
LF:3
LH:0
BRDA:7,0,0,0
BRDA:7,1,0,0
BRDA:16,2,0,0
BRDA:16,2,1,0
BRF:4
BRH:0
end_of_record
TN:
SF:src\components\ui\sheet.jsx
FN:17,(anonymous_0)
FN:47,(anonymous_1)
FN:62,(anonymous_2)
FN:72,(anonymous_3)
FN:82,(anonymous_4)
FN:90,(anonymous_5)
FNF:6
FNH:0
FNDA:0,(anonymous_0)
FNDA:0,(anonymous_1)
FNDA:0,(anonymous_2)
FNDA:0,(anonymous_3)
FNDA:0,(anonymous_4)
FNDA:0,(anonymous_5)
DA:9,0
DA:11,0
DA:13,0
DA:15,0
DA:17,0
DA:18,0
DA:26,0
DA:28,0
DA:47,0
DA:48,0
DA:60,0
DA:62,0
DA:66,0
DA:70,0
DA:72,0
DA:76,0
DA:80,0
DA:82,0
DA:83,0
DA:88,0
DA:90,0
DA:91,0
DA:96,0
LF:23
LH:0
BRDA:47,0,0,0
BRF:1
BRH:0
end_of_record
TN:
SF:src\components\ui\sidebar.jsx
FN:29,useSidebar
FN:38,(anonymous_1)
FN:57,(anonymous_2)
FN:70,(anonymous_3)
FN:72,(anonymous_4)
FN:73,(anonymous_5)
FN:77,(anonymous_6)
FN:78,(anonymous_7)
FN:89,(anonymous_8)
FN:96,(anonymous_9)
FN:131,(anonymous_10)
FN:219,(anonymous_11)
FN:229,(anonymous_12)
FN:248,(anonymous_13)
FN:273,(anonymous_14)
FN:287,(anonymous_15)
FN:301,(anonymous_16)
FN:312,(anonymous_17)
FN:323,(anonymous_18)
FN:334,(anonymous_19)
FN:348,(anonymous_20)
FN:359,(anonymous_21)
FN:376,(anonymous_22)
FN:395,(anonymous_23)
FN:404,(anonymous_24)
FN:413,(anonymous_25)
FN:444,(anonymous_26)
FN:492,(anonymous_27)
FN:516,(anonymous_28)
FN:533,(anonymous_29)
FN:535,(anonymous_30)
FN:561,(anonymous_31)
FN:574,(anonymous_32)
FN:578,(anonymous_33)
FNF:34
FNH:0
FNDA:0,useSidebar
FNDA:0,(anonymous_1)
FNDA:0,(anonymous_2)
FNDA:0,(anonymous_3)
FNDA:0,(anonymous_4)
FNDA:0,(anonymous_5)
FNDA:0,(anonymous_6)
FNDA:0,(anonymous_7)
FNDA:0,(anonymous_8)
FNDA:0,(anonymous_9)
FNDA:0,(anonymous_10)
FNDA:0,(anonymous_11)
FNDA:0,(anonymous_12)
FNDA:0,(anonymous_13)
FNDA:0,(anonymous_14)
FNDA:0,(anonymous_15)
FNDA:0,(anonymous_16)
FNDA:0,(anonymous_17)
FNDA:0,(anonymous_18)
FNDA:0,(anonymous_19)
FNDA:0,(anonymous_20)
FNDA:0,(anonymous_21)
FNDA:0,(anonymous_22)
FNDA:0,(anonymous_23)
FNDA:0,(anonymous_24)
FNDA:0,(anonymous_25)
FNDA:0,(anonymous_26)
FNDA:0,(anonymous_27)
FNDA:0,(anonymous_28)
FNDA:0,(anonymous_29)
FNDA:0,(anonymous_30)
FNDA:0,(anonymous_31)
FNDA:0,(anonymous_32)
FNDA:0,(anonymous_33)
DA:20,0
DA:21,0
DA:22,0
DA:23,0
DA:24,0
DA:25,0
DA:27,0
DA:30,0
DA:31,0
DA:32,0
DA:35,0
DA:38,0
DA:50,0
DA:51,0
DA:55,0
DA:56,0
DA:57,0
DA:58,0
DA:59,0
DA:60,0
DA:62,0
DA:66,0
DA:70,0
DA:71,0
DA:72,0
DA:73,0
DA:77,0
DA:78,0
DA:79,0
DA:83,0
DA:84,0
DA:88,0
DA:89,0
DA:94,0
DA:96,0
DA:106,0
DA:129,0
DA:131,0
DA:142,0
DA:144,0
DA:145,0
DA:158,0
DA:159,0
DA:177,0
DA:217,0
DA:219,0
DA:220,0
DA:222,0
DA:230,0
DA:231,0
DA:246,0
DA:248,0
DA:249,0
DA:251,0
DA:271,0
DA:273,0
DA:274,0
DA:285,0
DA:287,0
DA:288,0
DA:299,0
DA:301,0
DA:302,0
DA:310,0
DA:312,0
DA:313,0
DA:321,0
DA:323,0
DA:324,0
DA:332,0
DA:334,0
DA:335,0
DA:346,0
DA:348,0
DA:349,0
DA:357,0
DA:359,0
DA:360,0
DA:362,0
DA:374,0
DA:376,0
DA:377,0
DA:379,0
DA:393,0
DA:395,0
DA:396,0
DA:402,0
DA:404,0
DA:405,0
DA:411,0
DA:413,0
DA:414,0
DA:420,0
DA:422,0
DA:444,0
DA:456,0
DA:457,0
DA:460,0
DA:469,0
DA:470,0
DA:473,0
DA:474,0
DA:479,0
DA:490,0
DA:492,0
DA:493,0
DA:495,0
DA:514,0
DA:516,0
DA:517,0
DA:531,0
DA:533,0
DA:535,0
DA:536,0
DA:539,0
DA:559,0
DA:561,0
DA:562,0
DA:572,0
DA:574,0
DA:575,0
DA:577,0
DA:579,0
DA:581,0
DA:599,0
LF:125
LH:0
BRDA:31,0,0,0
BRDA:31,0,1,0
BRDA:40,1,0,0
BRDA:56,2,0,0
BRDA:56,2,1,0
BRDA:58,3,0,0
BRDA:58,3,1,0
BRDA:59,4,0,0
BRDA:59,4,1,0
BRDA:71,5,0,0
BRDA:71,5,1,0
BRDA:79,6,0,0
BRDA:79,6,1,0
BRDA:80,7,0,0
BRDA:80,7,1,0
BRDA:80,7,2,0
BRDA:94,8,0,0
BRDA:94,8,1,0
BRDA:133,9,0,0
BRDA:134,10,0,0
BRDA:135,11,0,0
BRDA:144,12,0,0
BRDA:144,12,1,0
BRDA:158,13,0,0
BRDA:158,13,1,0
BRDA:182,14,0,0
BRDA:182,14,1,0
BRDA:191,15,0,0
BRDA:191,15,1,0
BRDA:191,16,0,0
BRDA:191,16,1,0
BRDA:198,17,0,0
BRDA:198,17,1,0
BRDA:202,18,0,0
BRDA:202,18,1,0
BRDA:202,19,0,0
BRDA:202,19,1,0
BRDA:219,20,0,0
BRDA:235,21,0,0
BRDA:235,21,1,0
BRDA:359,22,0,0
BRDA:360,23,0,0
BRDA:360,23,1,0
BRDA:376,24,0,0
BRDA:377,25,0,0
BRDA:377,25,1,0
BRDA:446,26,0,0
BRDA:447,27,0,0
BRDA:448,28,0,0
BRDA:449,29,0,0
BRDA:456,30,0,0
BRDA:456,30,1,0
BRDA:469,31,0,0
BRDA:469,31,1,0
BRDA:473,32,0,0
BRDA:473,32,1,0
BRDA:485,33,0,0
BRDA:485,33,1,0
BRDA:492,34,0,0
BRDA:492,35,0,0
BRDA:493,36,0,0
BRDA:493,36,1,0
BRDA:507,37,0,0
BRDA:507,37,1,0
BRDA:533,38,0,0
BRDA:545,39,0,0
BRDA:545,39,1,0
BRDA:578,40,0,0
BRDA:578,41,0,0
BRDA:579,42,0,0
BRDA:579,42,1,0
BRDA:590,43,0,0
BRDA:590,43,1,0
BRDA:591,44,0,0
BRDA:591,44,1,0
BRF:75
BRH:0
end_of_record
TN:
SF:src\components\ui\skeleton.jsx
FN:3,Skeleton
FNF:1
FNH:0
FNDA:0,Skeleton
DA:7,0
LF:1
LH:0
BRF:0
BRH:0
end_of_record
TN:
SF:src\components\ui\slider.jsx
FN:6,(anonymous_0)
FNF:1
FNH:0
FNDA:0,(anonymous_0)
DA:6,0
DA:7,0
DA:19,0
LF:3
LH:0
BRF:0
BRH:0
end_of_record
TN:
SF:src\components\ui\sonner.jsx
FN:5,(anonymous_0)
FNF:1
FNH:0
FNDA:0,(anonymous_0)
DA:5,0
DA:8,0
DA:10,0
LF:3
LH:0
BRDA:8,0,0,0
BRF:1
BRH:0
end_of_record
TN:
SF:src\components\ui\switch.jsx
FN:6,(anonymous_0)
FNF:1
FNH:0
FNDA:0,(anonymous_0)
DA:6,0
DA:7,0
DA:20,0
LF:3
LH:0
BRF:0
BRH:0
end_of_record
TN:
SF:src\components\ui\table.jsx
FN:5,(anonymous_0)
FN:15,(anonymous_1)
FN:20,(anonymous_2)
FN:28,(anonymous_3)
FN:36,(anonymous_4)
FN:47,(anonymous_5)
FN:58,(anonymous_6)
FN:69,(anonymous_7)
FNF:8
FNH:0
FNDA:0,(anonymous_0)
FNDA:0,(anonymous_1)
FNDA:0,(anonymous_2)
FNDA:0,(anonymous_3)
FNDA:0,(anonymous_4)
FNDA:0,(anonymous_5)
FNDA:0,(anonymous_6)
FNDA:0,(anonymous_7)
DA:5,0
DA:6,0
DA:13,0
DA:15,0
DA:16,0
DA:18,0
DA:20,0
DA:21,0
DA:26,0
DA:28,0
DA:29,0
DA:34,0
DA:36,0
DA:37,0
DA:45,0
DA:47,0
DA:48,0
DA:56,0
DA:58,0
DA:59,0
DA:67,0
DA:69,0
DA:70,0
DA:75,0
LF:24
LH:0
BRF:0
BRH:0
end_of_record
TN:
SF:src\components\ui\tabs.jsx
FN:8,(anonymous_0)
FN:19,(anonymous_1)
FN:30,(anonymous_2)
FNF:3
FNH:0
FNDA:0,(anonymous_0)
FNDA:0,(anonymous_1)
FNDA:0,(anonymous_2)
DA:6,0
DA:8,0
DA:9,0
DA:17,0
DA:19,0
DA:20,0
DA:28,0
DA:30,0
DA:31,0
DA:39,0
LF:10
LH:0
BRF:0
BRH:0
end_of_record
TN:
SF:src\components\ui\textarea.jsx
FN:5,(anonymous_0)
FNF:1
FNH:0
FNDA:0,(anonymous_0)
DA:5,1
DA:6,0
DA:16,1
LF:3
LH:2
BRF:0
BRH:0
end_of_record
TN:
SF:src\components\ui\toast.jsx
FN:6,(anonymous_0)
FN:15,(anonymous_1)
FN:40,(anonymous_2)
FN:51,(anonymous_3)
FN:63,(anonymous_4)
FN:78,(anonymous_5)
FN:87,(anonymous_6)
FNF:7
FNH:0
FNDA:0,(anonymous_0)
FNDA:0,(anonymous_1)
FNDA:0,(anonymous_2)
FNDA:0,(anonymous_3)
FNDA:0,(anonymous_4)
FNDA:0,(anonymous_5)
FNDA:0,(anonymous_6)
DA:6,0
DA:7,0
DA:13,0
DA:15,0
DA:16,0
DA:22,0
DA:24,0
DA:40,0
DA:41,0
DA:49,0
DA:51,0
DA:52,0
DA:61,0
DA:63,0
DA:64,0
DA:76,0
DA:78,0
DA:79,0
DA:85,0
DA:87,0
DA:88,0
DA:94,0
LF:22
LH:0
BRF:0
BRH:0
end_of_record
TN:
SF:src\components\ui\toaster.jsx
FN:11,Toaster
FN:16,(anonymous_1)
FNF:2
FNH:0
FNDA:0,Toaster
FNDA:0,(anonymous_1)
DA:12,0
DA:14,0
DA:17,0
LF:3
LH:0
BRDA:20,0,0,0
BRDA:20,0,1,0
BRDA:21,1,0,0
BRDA:21,1,1,0
BRF:4
BRH:0
end_of_record
TN:
SF:src\components\ui\toggle-group.jsx
FN:13,(anonymous_0)
FN:26,(anonymous_1)
FNF:2
FNH:0
FNDA:0,(anonymous_0)
FNDA:0,(anonymous_1)
DA:8,0
DA:13,0
DA:14,0
DA:24,0
DA:26,0
DA:27,0
DA:29,0
DA:42,0
LF:8
LH:0
BRDA:33,0,0,0
BRDA:33,0,1,0
BRDA:34,1,0,0
BRDA:34,1,1,0
BRF:4
BRH:0
end_of_record
TN:
SF:src\components\ui\toggle.jsx
FN:29,(anonymous_0)
FNF:1
FNH:0
FNDA:0,(anonymous_0)
DA:7,0
DA:29,0
DA:30,0
DA:36,0
LF:4
LH:0
BRF:0
BRH:0
end_of_record
TN:
SF:src\components\ui\tooltip.jsx
FN:14,(anonymous_0)
FNF:1
FNH:0
FNDA:0,(anonymous_0)
DA:8,0
DA:10,0
DA:12,0
DA:14,0
DA:15,0
DA:26,0
LF:6
LH:0
BRDA:14,0,0,0
BRF:1
BRH:0
end_of_record
TN:
SF:src\components\ui\use-toast.jsx
FN:16,genId
FN:23,(anonymous_1)
FN:28,(anonymous_2)
FN:39,(anonymous_3)
FN:47,(anonymous_4)
FN:58,(anonymous_5)
FN:71,(anonymous_6)
FN:78,(anonymous_7)
FN:97,(anonymous_8)
FN:106,dispatch
FN:108,(anonymous_10)
FN:113,toast
FN:116,(anonymous_12)
FN:122,(anonymous_13)
FN:131,(anonymous_14)
FN:144,useToast
FN:147,(anonymous_16)
FN:149,(anonymous_17)
FN:160,(anonymous_18)
FNF:19
FNH:0
FNDA:0,genId
FNDA:0,(anonymous_1)
FNDA:0,(anonymous_2)
FNDA:0,(anonymous_3)
FNDA:0,(anonymous_4)
FNDA:0,(anonymous_5)
FNDA:0,(anonymous_6)
FNDA:0,(anonymous_7)
FNDA:0,(anonymous_8)
FNDA:0,dispatch
FNDA:0,(anonymous_10)
FNDA:0,toast
FNDA:0,(anonymous_12)
FNDA:0,(anonymous_13)
FNDA:0,(anonymous_14)
FNDA:0,useToast
FNDA:0,(anonymous_16)
FNDA:0,(anonymous_17)
FNDA:0,(anonymous_18)
DA:4,0
DA:5,0
DA:7,0
DA:14,0
DA:17,0
DA:18,0
DA:21,0
DA:23,0
DA:24,0
DA:25,0
DA:28,0
DA:29,0
DA:30,0
DA:36,0
DA:39,0
DA:40,0
DA:41,0
DA:42,0
DA:43,0
DA:47,0
DA:48,0
DA:50,0
DA:56,0
DA:59,0
DA:64,0
DA:68,0
DA:69,0
DA:71,0
DA:72,0
DA:76,0
DA:79,0
DA:89,0
DA:90,0
DA:95,0
DA:97,0
DA:102,0
DA:104,0
DA:107,0
DA:108,0
DA:109,0
DA:114,0
DA:116,0
DA:117,0
DA:122,0
DA:123,0
DA:125,0
DA:132,0
DA:137,0
DA:145,0
DA:147,0
DA:148,0
DA:149,0
DA:150,0
DA:151,0
DA:152,0
DA:157,0
DA:160,0
LF:57
LH:0
BRDA:24,0,0,0
BRDA:24,0,1,0
BRDA:41,1,0,0
BRDA:41,1,1,0
BRDA:48,2,0,0
BRDA:48,2,1,0
BRDA:48,2,2,0
BRDA:48,2,3,0
BRDA:59,3,0,0
BRDA:59,3,1,0
BRDA:68,4,0,0
BRDA:68,4,1,0
BRDA:79,5,0,0
BRDA:79,5,1,0
BRDA:79,6,0,0
BRDA:79,6,1,0
BRDA:89,7,0,0
BRDA:89,7,1,0
BRDA:132,8,0,0
BRDA:132,8,1,0
BRDA:151,9,0,0
BRDA:151,9,1,0
BRF:22
BRH:0
end_of_record
TN:
SF:src\hooks\use-mobile.jsx
FN:5,useIsMobile
FN:8,(anonymous_1)
FN:10,(anonymous_2)
FN:15,(anonymous_3)
FNF:4
FNH:0
FNDA:0,useIsMobile
FNDA:0,(anonymous_1)
FNDA:0,(anonymous_2)
FNDA:0,(anonymous_3)
DA:3,0
DA:6,0
DA:8,0
DA:9,0
DA:10,0
DA:11,0
DA:13,0
DA:14,0
DA:15,0
DA:18,0
LF:10
LH:0
BRF:0
BRH:0
end_of_record
TN:
SF:src\lib\AuthContext.jsx
FN:6,(anonymous_0)
FN:13,(anonymous_1)
FN:17,(anonymous_2)
FN:38,(anonymous_3)
FN:74,(anonymous_4)
FN:84,(anonymous_5)
FN:104,(anonymous_6)
FNF:7
FNH:0
FNDA:0,(anonymous_0)
FNDA:0,(anonymous_1)
FNDA:0,(anonymous_2)
FNDA:0,(anonymous_3)
FNDA:0,(anonymous_4)
FNDA:0,(anonymous_5)
FNDA:0,(anonymous_6)
DA:4,0
DA:6,0
DA:7,0
DA:8,0
DA:9,0
DA:10,0
DA:11,0
DA:13,0
DA:14,0
DA:17,0
DA:18,0
DA:19,0
DA:20,0
DA:21,0
DA:22,0
DA:24,0
DA:25,0
DA:26,0
DA:29,0
DA:30,0
DA:32,0
DA:35,0
DA:38,0
DA:39,0
DA:40,0
DA:41,0
DA:44,0
DA:46,0
DA:47,0
DA:48,0
DA:49,0
DA:50,0
DA:52,0
DA:53,0
DA:54,0
DA:57,0
DA:58,0
DA:61,0
DA:62,0
DA:64,0
DA:65,0
DA:69,0
DA:70,0
DA:74,0
DA:75,0
DA:76,0
DA:77,0
DA:78,0
DA:80,0
DA:84,0
DA:85,0
DA:88,0
DA:104,0
DA:105,0
DA:106,0
DA:107,0
DA:109,0
LF:57
LH:0
BRDA:18,0,0,0
BRDA:18,0,1,0
BRDA:46,1,0,0
BRDA:46,1,1,0
BRDA:67,2,0,0
BRDA:67,2,1,0
BRDA:106,3,0,0
BRDA:106,3,1,0
BRF:8
BRH:0
end_of_record
TN:
SF:src\lib\ErrorBoundary.jsx
FN:10,(anonymous_0)
FN:19,(anonymous_1)
FN:23,(anonymous_2)
FN:31,(anonymous_3)
FN:41,(anonymous_4)
FNF:5
FNH:0
FNDA:0,(anonymous_0)
FNDA:0,(anonymous_1)
FNDA:0,(anonymous_2)
FNDA:0,(anonymous_3)
FNDA:0,(anonymous_4)
DA:11,0
DA:12,0
DA:20,0
DA:24,0
DA:25,0
DA:31,0
DA:32,0
DA:38,0
DA:42,0
DA:43,0
DA:72,0
LF:11
LH:0
BRDA:42,0,0,0
BRDA:42,0,1,0
BRDA:55,1,0,0
BRDA:55,1,1,0
BRDA:55,1,2,0
BRF:5
BRH:0
end_of_record
TN:
SF:src\lib\NavigationTracker.jsx
FN:7,NavigationTracker
FN:14,(anonymous_1)
FN:28,(anonymous_2)
FNF:3
FNH:0
FNDA:0,NavigationTracker
FNDA:0,(anonymous_1)
FNDA:0,(anonymous_2)
DA:8,0
DA:9,0
DA:10,0
DA:11,0
DA:14,0
DA:16,0
DA:19,0
DA:20,0
DA:23,0
DA:26,0
DA:27,0
DA:28,0
DA:31,0
DA:34,0
DA:42,0
LF:15
LH:0
BRDA:11,0,0,0
BRDA:11,0,1,0
BRDA:19,1,0,0
BRDA:19,1,1,0
BRDA:19,2,0,0
BRDA:19,2,1,0
BRDA:31,3,0,0
BRDA:31,3,1,0
BRDA:34,4,0,0
BRDA:34,4,1,0
BRDA:34,5,0,0
BRDA:34,5,1,0
BRF:12
BRH:0
end_of_record
TN:
SF:src\lib\PageNotFound.jsx
FN:6,PageNotFound
FN:12,(anonymous_1)
FN:62,(anonymous_2)
FNF:3
FNH:0
FNDA:0,PageNotFound
FNDA:0,(anonymous_1)
FNDA:0,(anonymous_2)
DA:7,0
DA:8,0
DA:10,0
DA:13,0
DA:14,0
DA:15,0
DA:17,0
DA:22,0
DA:62,0
LF:9
LH:0
BRDA:43,0,0,0
BRDA:43,0,1,0
BRDA:43,0,2,0
BRDA:43,0,3,0
BRF:4
BRH:0
end_of_record
TN:
SF:src\lib\PrivateRoute.jsx
FN:10,PrivateRoute
FNF:1
FNH:0
FNDA:0,PrivateRoute
DA:11,0
DA:13,0
DA:14,0
DA:21,0
DA:22,0
DA:23,0
DA:26,0
LF:7
LH:0
BRDA:13,0,0,0
BRDA:13,0,1,0
BRDA:21,1,0,0
BRDA:21,1,1,0
BRF:4
BRH:0
end_of_record
TN:
SF:src\lib\app-params.js
FN:5,(anonymous_0)
FN:9,(anonymous_1)
FN:37,(anonymous_2)
FNF:3
FNH:0
FNDA:0,(anonymous_0)
FNDA:0,(anonymous_1)
FNDA:0,(anonymous_2)
DA:1,0
DA:2,0
DA:3,0
DA:5,0
DA:6,0
DA:9,0
DA:10,0
DA:11,0
DA:13,0
DA:14,0
DA:15,0
DA:16,0
DA:17,0
DA:18,0
DA:20,0
DA:22,0
DA:23,0
DA:24,0
DA:26,0
DA:27,0
DA:28,0
DA:30,0
DA:31,0
DA:32,0
DA:34,0
DA:37,0
DA:38,0
DA:39,0
DA:40,0
DA:42,0
DA:52,0
LF:31
LH:0
BRDA:2,0,0,0
BRDA:2,0,1,0
BRDA:9,1,0,0
BRDA:9,2,0,0
BRDA:9,3,0,0
BRDA:10,4,0,0
BRDA:10,4,1,0
BRDA:16,5,0,0
BRDA:16,5,1,0
BRDA:18,6,0,0
BRDA:18,6,1,0
BRDA:22,7,0,0
BRDA:22,7,1,0
BRDA:26,8,0,0
BRDA:26,8,1,0
BRDA:31,9,0,0
BRDA:31,9,1,0
BRDA:38,10,0,0
BRDA:38,10,1,0
BRF:19
BRH:0
end_of_record
TN:
SF:src\lib\imageOptimization.js
FN:6,compressImage
FN:7,(anonymous_1)
FN:10,(anonymous_2)
FN:12,(anonymous_3)
FN:39,(anonymous_4)
FN:50,(anonymous_5)
FN:53,(anonymous_6)
FN:61,getFileSizeDisplay
FNF:8
FNH:0
FNDA:0,compressImage
FNDA:0,(anonymous_1)
FNDA:0,(anonymous_2)
FNDA:0,(anonymous_3)
FNDA:0,(anonymous_4)
FNDA:0,(anonymous_5)
FNDA:0,(anonymous_6)
FNDA:0,getFileSizeDisplay
DA:7,0
DA:8,0
DA:10,0
DA:11,0
DA:12,0
DA:13,0
DA:14,0
DA:15,0
DA:18,0
DA:19,0
DA:20,0
DA:21,0
DA:24,0
DA:25,0
DA:26,0
DA:30,0
DA:31,0
DA:33,0
DA:34,0
DA:35,0
DA:36,0
DA:38,0
DA:40,0
DA:44,0
DA:50,0
DA:51,0
DA:53,0
DA:54,0
DA:62,0
DA:63,0
DA:64,0
DA:65,0
DA:66,0
LF:33
LH:0
BRDA:6,0,0,0
BRDA:6,1,0,0
BRDA:6,2,0,0
BRDA:18,3,0,0
BRDA:18,3,1,0
BRDA:19,4,0,0
BRDA:19,4,1,0
BRDA:24,5,0,0
BRDA:24,5,1,0
BRDA:62,6,0,0
BRDA:62,6,1,0
BRF:11
BRH:0
end_of_record
TN:
SF:src\lib\localApi.js
FN:11,(anonymous_0)
FN:325,(anonymous_1)
FN:330,(anonymous_2)
FN:333,(anonymous_3)
FN:336,(anonymous_4)
FN:339,(anonymous_5)
FN:343,(anonymous_6)
FN:346,(anonymous_7)
FN:349,(anonymous_8)
FN:373,(anonymous_9)
FN:378,(anonymous_10)
FN:387,(anonymous_11)
FN:392,(anonymous_12)
FN:404,(anonymous_13)
FN:409,(anonymous_14)
FN:424,(anonymous_15)
FN:443,(anonymous_16)
FN:446,(anonymous_17)
FN:454,(anonymous_18)
FN:457,(anonymous_19)
FN:463,(anonymous_20)
FN:467,(anonymous_21)
FN:480,(anonymous_22)
FN:501,(anonymous_23)
FNF:24
FNH:0
FNDA:0,(anonymous_0)
FNDA:0,(anonymous_1)
FNDA:0,(anonymous_2)
FNDA:0,(anonymous_3)
FNDA:0,(anonymous_4)
FNDA:0,(anonymous_5)
FNDA:0,(anonymous_6)
FNDA:0,(anonymous_7)
FNDA:0,(anonymous_8)
FNDA:0,(anonymous_9)
FNDA:0,(anonymous_10)
FNDA:0,(anonymous_11)
FNDA:0,(anonymous_12)
FNDA:0,(anonymous_13)
FNDA:0,(anonymous_14)
FNDA:0,(anonymous_15)
FNDA:0,(anonymous_16)
FNDA:0,(anonymous_17)
FNDA:0,(anonymous_18)
FNDA:0,(anonymous_19)
FNDA:0,(anonymous_20)
FNDA:0,(anonymous_21)
FNDA:0,(anonymous_22)
FNDA:0,(anonymous_23)
DA:5,0
DA:6,0
DA:7,0
DA:8,0
DA:11,0
DA:12,0
DA:13,0
DA:16,0
DA:17,0
DA:18,0
DA:19,0
DA:315,0
DA:316,0
DA:320,0
DA:322,0
DA:326,0
DA:327,0
DA:331,0
DA:332,0
DA:333,0
DA:337,0
DA:338,0
DA:339,0
DA:340,0
DA:344,0
DA:345,0
DA:346,0
DA:350,0
DA:351,0
DA:353,0
DA:354,0
DA:356,0
DA:367,0
DA:368,0
DA:370,0
DA:374,0
DA:375,0
DA:378,0
DA:379,0
DA:381,0
DA:382,0
DA:384,0
DA:388,0
DA:389,0
DA:392,0
DA:393,0
DA:395,0
DA:396,0
DA:398,0
DA:405,0
DA:406,0
DA:410,0
DA:411,0
DA:413,0
DA:414,0
DA:416,0
DA:417,0
DA:418,0
DA:421,0
DA:425,0
DA:426,0
DA:428,0
DA:429,0
DA:431,0
DA:432,0
DA:433,0
DA:434,0
DA:437,0
DA:444,0
DA:445,0
DA:446,0
DA:447,0
DA:448,0
DA:449,0
DA:451,0
DA:455,0
DA:456,0
DA:457,0
DA:458,0
DA:459,0
DA:464,0
DA:465,0
DA:467,0
DA:468,0
DA:470,0
DA:471,0
DA:473,0
DA:474,0
DA:481,0
DA:482,0
DA:483,0
DA:485,0
DA:492,0
DA:493,0
DA:495,0
DA:496,0
DA:498,0
DA:502,0
DA:503,0
DA:504,0
DA:505,0
LF:101
LH:0
BRDA:16,0,0,0
BRDA:16,0,1,0
BRDA:16,1,0,0
BRDA:16,1,1,0
BRDA:327,2,0,0
BRDA:327,2,1,0
BRDA:332,3,0,0
BRDA:332,3,1,0
BRDA:338,4,0,0
BRDA:338,4,1,0
BRDA:345,5,0,0
BRDA:345,5,1,0
BRDA:351,6,0,0
BRDA:351,6,1,0
BRDA:354,7,0,0
BRDA:354,7,1,0
BRDA:361,8,0,0
BRDA:361,8,1,0
BRDA:363,9,0,0
BRDA:363,9,1,0
BRDA:375,10,0,0
BRDA:375,10,1,0
BRDA:379,11,0,0
BRDA:379,11,1,0
BRDA:389,12,0,0
BRDA:389,12,1,0
BRDA:393,13,0,0
BRDA:393,13,1,0
BRDA:406,14,0,0
BRDA:406,14,1,0
BRDA:411,15,0,0
BRDA:411,15,1,0
BRDA:414,16,0,0
BRDA:414,16,1,0
BRDA:416,17,0,0
BRDA:416,17,1,0
BRDA:426,18,0,0
BRDA:426,18,1,0
BRDA:429,19,0,0
BRDA:429,19,1,0
BRDA:432,20,0,0
BRDA:432,20,1,0
BRDA:445,21,0,0
BRDA:445,21,1,0
BRDA:447,22,0,0
BRDA:447,22,1,0
BRDA:456,23,0,0
BRDA:456,23,1,0
BRDA:465,24,0,0
BRDA:465,24,1,0
BRDA:468,25,0,0
BRDA:468,25,1,0
BRDA:483,26,0,0
BRDA:483,26,1,0
BRDA:503,27,0,0
BRDA:503,27,1,0
BRF:56
BRH:0
end_of_record
TN:
SF:src\lib\localAuth.js
FN:6,(anonymous_0)
FN:40,(anonymous_1)
FN:45,(anonymous_2)
FN:51,(anonymous_3)
FN:55,(anonymous_4)
FN:64,(anonymous_5)
FN:69,(anonymous_6)
FN:73,(anonymous_7)
FN:93,(anonymous_8)
FN:96,(anonymous_9)
FNF:10
FNH:0
FNDA:0,(anonymous_0)
FNDA:0,(anonymous_1)
FNDA:0,(anonymous_2)
FNDA:0,(anonymous_3)
FNDA:0,(anonymous_4)
FNDA:0,(anonymous_5)
FNDA:0,(anonymous_6)
FNDA:0,(anonymous_7)
FNDA:0,(anonymous_8)
FNDA:0,(anonymous_9)
DA:2,0
DA:3,0
DA:6,0
DA:7,0
DA:8,0
DA:9,0
DA:32,0
DA:36,0
DA:38,0
DA:41,0
DA:46,0
DA:47,0
DA:52,0
DA:53,0
DA:55,0
DA:56,0
DA:57,0
DA:58,0
DA:60,0
DA:65,0
DA:70,0
DA:71,0
DA:73,0
DA:74,0
DA:77,0
DA:85,0
DA:86,0
DA:87,0
DA:89,0
DA:94,0
DA:95,0
DA:96,0
LF:32
LH:0
BRDA:8,0,0,0
BRDA:8,0,1,0
BRDA:47,1,0,0
BRDA:47,1,1,0
BRDA:53,2,0,0
BRDA:53,2,1,0
BRDA:55,3,0,0
BRDA:55,3,1,0
BRDA:56,4,0,0
BRDA:56,4,1,0
BRDA:71,5,0,0
BRDA:71,5,1,0
BRDA:73,6,0,0
BRDA:73,6,1,0
BRDA:95,7,0,0
BRDA:95,7,1,0
BRF:16
BRH:0
end_of_record
TN:
SF:src\lib\query-client.js
FNF:0
FNH:0
DA:4,0
LF:1
LH:0
BRF:0
BRH:0
end_of_record
TN:
SF:src\lib\queryOptimization.js
FN:11,useFilteredListings
FN:12,(anonymous_1)
FN:17,(anonymous_2)
FN:47,useIsListingSaved
FN:48,(anonymous_4)
FN:49,(anonymous_5)
FN:56,useGroupedListings
FN:57,(anonymous_7)
FN:59,(anonymous_8)
FN:73,calculateDistance
FNF:10
FNH:10
FNDA:10,useFilteredListings
FNDA:10,(anonymous_1)
FNDA:23,(anonymous_2)
FNDA:7,useIsListingSaved
FNDA:7,(anonymous_4)
FNDA:9,(anonymous_5)
FNDA:6,useGroupedListings
FNDA:6,(anonymous_7)
FNDA:15,(anonymous_8)
FNDA:6,calculateDistance
DA:12,10
DA:13,10
DA:14,2
DA:17,8
DA:19,23
DA:20,12
DA:24,17
DA:25,7
DA:29,14
DA:30,6
DA:36,6
DA:39,13
DA:48,7
DA:49,9
DA:57,6
DA:58,6
DA:59,6
DA:60,15
DA:61,15
DA:62,5
DA:64,15
DA:66,6
DA:74,6
DA:75,6
DA:76,6
DA:78,6
DA:83,6
DA:84,6
LF:28
LH:28
BRDA:13,0,0,2
BRDA:13,0,1,8
BRDA:13,1,0,10
BRDA:13,1,1,9
BRDA:19,2,0,12
BRDA:19,2,1,11
BRDA:19,3,0,23
BRDA:19,3,1,15
BRDA:20,4,0,6
BRDA:20,4,1,6
BRDA:24,5,0,7
BRDA:24,5,1,10
BRDA:25,6,0,3
BRDA:25,6,1,4
BRDA:29,7,0,6
BRDA:29,7,1,8
BRDA:29,8,0,14
BRDA:29,8,1,6
BRDA:29,8,2,6
BRDA:36,9,0,1
BRDA:36,9,1,5
BRDA:61,10,0,5
BRDA:61,10,1,10
BRF:23
BRH:23
end_of_record
TN:
SF:src\lib\utils.js
FN:4,cn
FNF:1
FNH:0
FNDA:0,cn
DA:5,0
DA:9,1
LF:2
LH:1
BRF:0
BRH:0
end_of_record
TN:
SF:src\pages\About.jsx
FN:5,About
FN:8,(anonymous_1)
FN:14,(anonymous_2)
FN:17,(anonymous_3)
FN:30,(anonymous_4)
FN:33,(anonymous_5)
FN:34,(anonymous_6)
FN:37,(anonymous_7)
FNF:8
FNH:0
FNDA:0,About
FNDA:0,(anonymous_1)
FNDA:0,(anonymous_2)
FNDA:0,(anonymous_3)
FNDA:0,(anonymous_4)
FNDA:0,(anonymous_5)
FNDA:0,(anonymous_6)
FNDA:0,(anonymous_7)
DA:6,0
DA:8,0
DA:9,0
DA:12,0
DA:15,0
DA:16,0
DA:17,0
DA:18,0
DA:19,0
DA:22,0
DA:23,0
DA:30,0
DA:31,0
DA:33,0
DA:34,0
DA:37,0
DA:40,0
LF:17
LH:0
BRDA:12,0,0,0
BRDA:19,1,0,0
BRDA:19,1,1,0
BRDA:31,2,0,0
BRDA:31,2,1,0
BRDA:45,3,0,0
BRDA:45,3,1,0
BRF:7
BRH:0
end_of_record
TN:
SF:src\pages\AdminDashboard.jsx
FN:54,AdminDashboard
FN:92,(anonymous_1)
FN:93,(anonymous_2)
FN:112,(anonymous_3)
FN:125,(anonymous_4)
FN:127,(anonymous_5)
FN:128,(anonymous_6)
FN:130,(anonymous_7)
FN:134,(anonymous_8)
FN:142,(anonymous_9)
FN:147,(anonymous_10)
FN:154,(anonymous_11)
FN:160,(anonymous_12)
FN:164,(anonymous_13)
FN:171,(anonymous_14)
FN:175,(anonymous_15)
FN:182,(anonymous_16)
FN:188,(anonymous_17)
FN:201,(anonymous_18)
FN:207,(anonymous_19)
FN:210,(anonymous_20)
FN:220,(anonymous_21)
FN:225,(anonymous_22)
FN:232,(anonymous_23)
FN:234,(anonymous_24)
FN:249,(anonymous_25)
FN:263,(anonymous_26)
FN:274,(anonymous_27)
FN:283,(anonymous_28)
FN:284,(anonymous_29)
FN:295,(anonymous_30)
FN:335,(anonymous_31)
FN:336,(anonymous_32)
FN:344,(anonymous_33)
FN:345,(anonymous_34)
FN:360,(anonymous_35)
FN:361,(anonymous_36)
FN:387,(anonymous_37)
FN:398,(anonymous_38)
FN:399,(anonymous_39)
FN:400,(anonymous_40)
FN:401,(anonymous_41)
FN:410,(anonymous_42)
FN:428,(anonymous_43)
FN:431,(anonymous_44)
FN:432,(anonymous_45)
FN:435,(anonymous_46)
FN:436,(anonymous_47)
FN:439,(anonymous_48)
FN:445,(anonymous_49)
FN:450,(anonymous_50)
FN:454,(anonymous_51)
FN:456,(anonymous_52)
FN:463,(anonymous_53)
FN:465,(anonymous_54)
FN:468,(anonymous_55)
FN:474,(anonymous_56)
FN:480,(anonymous_57)
FN:483,(anonymous_58)
FN:490,(anonymous_59)
FN:494,(anonymous_60)
FN:522,(anonymous_61)
FN:528,(anonymous_62)
FN:537,(anonymous_63)
FN:552,(anonymous_64)
FN:559,(anonymous_65)
FN:568,(anonymous_66)
FN:575,(anonymous_67)
FN:582,(anonymous_68)
FN:611,(anonymous_69)
FN:616,(anonymous_70)
FN:623,(anonymous_71)
FN:634,(anonymous_72)
FN:642,(anonymous_73)
FN:649,(anonymous_74)
FN:655,(anonymous_75)
FN:660,(anonymous_76)
FN:667,(anonymous_77)
FN:674,(anonymous_78)
FN:685,(anonymous_79)
FN:690,(anonymous_80)
FN:697,(anonymous_81)
FN:708,(anonymous_82)
FN:713,(anonymous_83)
FN:720,(anonymous_84)
FN:721,(anonymous_85)
FN:723,(anonymous_86)
FN:728,(anonymous_87)
FN:734,(anonymous_88)
FN:737,(anonymous_89)
FN:741,(anonymous_90)
FN:747,(anonymous_91)
FN:750,(anonymous_92)
FN:754,(anonymous_93)
FN:760,(anonymous_94)
FN:781,(anonymous_95)
FN:783,(anonymous_96)
FN:787,(anonymous_97)
FN:792,(anonymous_98)
FN:816,(anonymous_99)
FN:832,(anonymous_100)
FN:854,(anonymous_101)
FN:860,(anonymous_102)
FN:867,(anonymous_103)
FN:870,(anonymous_104)
FN:877,(anonymous_105)
FN:880,(anonymous_106)
FN:886,(anonymous_107)
FN:1074,(anonymous_108)
FN:1076,(anonymous_109)
FN:1111,(anonymous_110)
FN:1125,(anonymous_111)
FN:1143,(anonymous_112)
FN:1149,(anonymous_113)
FN:1153,(anonymous_114)
FN:1182,(anonymous_115)
FN:1211,(anonymous_116)
FN:1213,(anonymous_117)
FN:1213,(anonymous_118)
FN:1245,(anonymous_119)
FN:1311,(anonymous_120)
FN:1321,(anonymous_121)
FN:1327,(anonymous_122)
FN:1354,(anonymous_123)
FN:1384,(anonymous_124)
FN:1393,(anonymous_125)
FN:1402,(anonymous_126)
FN:1448,(anonymous_127)
FN:1448,(anonymous_128)
FN:1463,(anonymous_129)
FN:1463,(anonymous_130)
FN:1479,(anonymous_131)
FN:1512,(anonymous_132)
FN:1537,(anonymous_133)
FN:1550,(anonymous_134)
FN:1611,(anonymous_135)
FN:1625,(anonymous_136)
FN:1649,(anonymous_137)
FN:1672,(anonymous_138)
FN:1684,(anonymous_139)
FN:1713,(anonymous_140)
FN:1723,(anonymous_141)
FN:1723,(anonymous_142)
FN:1733,(anonymous_143)
FN:1749,(anonymous_144)
FN:1796,(anonymous_145)
FN:1813,(anonymous_146)
FN:1825,(anonymous_147)
FN:1888,(anonymous_148)
FN:1889,(anonymous_149)
FN:1905,(anonymous_150)
FN:1956,(anonymous_151)
FN:1956,(anonymous_152)
FN:1967,(anonymous_153)
FN:1983,(anonymous_154)
FN:1985,(anonymous_155)
FN:1998,(anonymous_156)
FN:2014,(anonymous_157)
FN:2023,(anonymous_158)
FN:2047,(anonymous_159)
FN:2102,(anonymous_160)
FN:2115,(anonymous_161)
FN:2131,(anonymous_162)
FN:2137,(anonymous_163)
FN:2150,(anonymous_164)
FN:2166,(anonymous_165)
FN:2172,(anonymous_166)
FN:2185,(anonymous_167)
FN:2208,(anonymous_168)
FN:2215,(anonymous_169)
FN:2224,(anonymous_170)
FN:2238,(anonymous_171)
FN:2254,(anonymous_172)
FN:2261,(anonymous_173)
FN:2267,(anonymous_174)
FNF:175
FNH:0
FNDA:0,AdminDashboard
FNDA:0,(anonymous_1)
FNDA:0,(anonymous_2)
FNDA:0,(anonymous_3)
FNDA:0,(anonymous_4)
FNDA:0,(anonymous_5)
FNDA:0,(anonymous_6)
FNDA:0,(anonymous_7)
FNDA:0,(anonymous_8)
FNDA:0,(anonymous_9)
FNDA:0,(anonymous_10)
FNDA:0,(anonymous_11)
FNDA:0,(anonymous_12)
FNDA:0,(anonymous_13)
FNDA:0,(anonymous_14)
FNDA:0,(anonymous_15)
FNDA:0,(anonymous_16)
FNDA:0,(anonymous_17)
FNDA:0,(anonymous_18)
FNDA:0,(anonymous_19)
FNDA:0,(anonymous_20)
FNDA:0,(anonymous_21)
FNDA:0,(anonymous_22)
FNDA:0,(anonymous_23)
FNDA:0,(anonymous_24)
FNDA:0,(anonymous_25)
FNDA:0,(anonymous_26)
FNDA:0,(anonymous_27)
FNDA:0,(anonymous_28)
FNDA:0,(anonymous_29)
FNDA:0,(anonymous_30)
FNDA:0,(anonymous_31)
FNDA:0,(anonymous_32)
FNDA:0,(anonymous_33)
FNDA:0,(anonymous_34)
FNDA:0,(anonymous_35)
FNDA:0,(anonymous_36)
FNDA:0,(anonymous_37)
FNDA:0,(anonymous_38)
FNDA:0,(anonymous_39)
FNDA:0,(anonymous_40)
FNDA:0,(anonymous_41)
FNDA:0,(anonymous_42)
FNDA:0,(anonymous_43)
FNDA:0,(anonymous_44)
FNDA:0,(anonymous_45)
FNDA:0,(anonymous_46)
FNDA:0,(anonymous_47)
FNDA:0,(anonymous_48)
FNDA:0,(anonymous_49)
FNDA:0,(anonymous_50)
FNDA:0,(anonymous_51)
FNDA:0,(anonymous_52)
FNDA:0,(anonymous_53)
FNDA:0,(anonymous_54)
FNDA:0,(anonymous_55)
FNDA:0,(anonymous_56)
FNDA:0,(anonymous_57)
FNDA:0,(anonymous_58)
FNDA:0,(anonymous_59)
FNDA:0,(anonymous_60)
FNDA:0,(anonymous_61)
FNDA:0,(anonymous_62)
FNDA:0,(anonymous_63)
FNDA:0,(anonymous_64)
FNDA:0,(anonymous_65)
FNDA:0,(anonymous_66)
FNDA:0,(anonymous_67)
FNDA:0,(anonymous_68)
FNDA:0,(anonymous_69)
FNDA:0,(anonymous_70)
FNDA:0,(anonymous_71)
FNDA:0,(anonymous_72)
FNDA:0,(anonymous_73)
FNDA:0,(anonymous_74)
FNDA:0,(anonymous_75)
FNDA:0,(anonymous_76)
FNDA:0,(anonymous_77)
FNDA:0,(anonymous_78)
FNDA:0,(anonymous_79)
FNDA:0,(anonymous_80)
FNDA:0,(anonymous_81)
FNDA:0,(anonymous_82)
FNDA:0,(anonymous_83)
FNDA:0,(anonymous_84)
FNDA:0,(anonymous_85)
FNDA:0,(anonymous_86)
FNDA:0,(anonymous_87)
FNDA:0,(anonymous_88)
FNDA:0,(anonymous_89)
FNDA:0,(anonymous_90)
FNDA:0,(anonymous_91)
FNDA:0,(anonymous_92)
FNDA:0,(anonymous_93)
FNDA:0,(anonymous_94)
FNDA:0,(anonymous_95)
FNDA:0,(anonymous_96)
FNDA:0,(anonymous_97)
FNDA:0,(anonymous_98)
FNDA:0,(anonymous_99)
FNDA:0,(anonymous_100)
FNDA:0,(anonymous_101)
FNDA:0,(anonymous_102)
FNDA:0,(anonymous_103)
FNDA:0,(anonymous_104)
FNDA:0,(anonymous_105)
FNDA:0,(anonymous_106)
FNDA:0,(anonymous_107)
FNDA:0,(anonymous_108)
FNDA:0,(anonymous_109)
FNDA:0,(anonymous_110)
FNDA:0,(anonymous_111)
FNDA:0,(anonymous_112)
FNDA:0,(anonymous_113)
FNDA:0,(anonymous_114)
FNDA:0,(anonymous_115)
FNDA:0,(anonymous_116)
FNDA:0,(anonymous_117)
FNDA:0,(anonymous_118)
FNDA:0,(anonymous_119)
FNDA:0,(anonymous_120)
FNDA:0,(anonymous_121)
FNDA:0,(anonymous_122)
FNDA:0,(anonymous_123)
FNDA:0,(anonymous_124)
FNDA:0,(anonymous_125)
FNDA:0,(anonymous_126)
FNDA:0,(anonymous_127)
FNDA:0,(anonymous_128)
FNDA:0,(anonymous_129)
FNDA:0,(anonymous_130)
FNDA:0,(anonymous_131)
FNDA:0,(anonymous_132)
FNDA:0,(anonymous_133)
FNDA:0,(anonymous_134)
FNDA:0,(anonymous_135)
FNDA:0,(anonymous_136)
FNDA:0,(anonymous_137)
FNDA:0,(anonymous_138)
FNDA:0,(anonymous_139)
FNDA:0,(anonymous_140)
FNDA:0,(anonymous_141)
FNDA:0,(anonymous_142)
FNDA:0,(anonymous_143)
FNDA:0,(anonymous_144)
FNDA:0,(anonymous_145)
FNDA:0,(anonymous_146)
FNDA:0,(anonymous_147)
FNDA:0,(anonymous_148)
FNDA:0,(anonymous_149)
FNDA:0,(anonymous_150)
FNDA:0,(anonymous_151)
FNDA:0,(anonymous_152)
FNDA:0,(anonymous_153)
FNDA:0,(anonymous_154)
FNDA:0,(anonymous_155)
FNDA:0,(anonymous_156)
FNDA:0,(anonymous_157)
FNDA:0,(anonymous_158)
FNDA:0,(anonymous_159)
FNDA:0,(anonymous_160)
FNDA:0,(anonymous_161)
FNDA:0,(anonymous_162)
FNDA:0,(anonymous_163)
FNDA:0,(anonymous_164)
FNDA:0,(anonymous_165)
FNDA:0,(anonymous_166)
FNDA:0,(anonymous_167)
FNDA:0,(anonymous_168)
FNDA:0,(anonymous_169)
FNDA:0,(anonymous_170)
FNDA:0,(anonymous_171)
FNDA:0,(anonymous_172)
FNDA:0,(anonymous_173)
FNDA:0,(anonymous_174)
DA:44,0
DA:52,0
DA:55,0
DA:56,0
DA:57,0
DA:58,0
DA:59,0
DA:60,0
DA:61,0
DA:62,0
DA:63,0
DA:64,0
DA:65,0
DA:66,0
DA:67,0
DA:68,0
DA:69,0
DA:70,0
DA:71,0
DA:72,0
DA:75,0
DA:76,0
DA:77,0
DA:78,0
DA:79,0
DA:82,0
DA:83,0
DA:84,0
DA:87,0
DA:88,0
DA:89,0
DA:90,0
DA:92,0
DA:93,0
DA:94,0
DA:95,0
DA:96,0
DA:97,0
DA:99,0
DA:100,0
DA:101,0
DA:102,0
DA:104,0
DA:105,0
DA:107,0
DA:110,0
DA:113,0
DA:114,0
DA:116,0
DA:117,0
DA:125,0
DA:126,0
DA:127,0
DA:128,0
DA:130,0
DA:133,0
DA:135,0
DA:137,0
DA:138,0
DA:141,0
DA:142,0
DA:144,0
DA:148,0
DA:149,0
DA:150,0
DA:151,0
DA:152,0
DA:155,0
DA:159,0
DA:161,0
DA:162,0
DA:165,0
DA:166,0
DA:170,0
DA:172,0
DA:173,0
DA:176,0
DA:180,0
DA:182,0
DA:186,0
DA:189,0
DA:190,0
DA:192,0
DA:193,0
DA:199,0
DA:202,0
DA:203,0
DA:204,0
DA:207,0
DA:208,0
DA:209,0
DA:210,0
DA:211,0
DA:214,0
DA:216,0
DA:220,0
DA:221,0
DA:224,0
DA:225,0
DA:226,0
DA:227,0
DA:228,0
DA:232,0
DA:233,0
DA:234,0
DA:237,0
DA:238,0
DA:240,0
DA:241,0
DA:247,0
DA:250,0
DA:251,0
DA:252,0
DA:254,0
DA:255,0
DA:261,0
DA:264,0
DA:265,0
DA:267,0
DA:268,0
DA:274,0
DA:275,0
DA:276,0
DA:277,0
DA:278,0
DA:283,0
DA:284,0
DA:285,0
DA:286,0
DA:287,0
DA:290,0
DA:291,0
DA:292,0
DA:295,0
DA:297,0
DA:298,0
DA:300,0
DA:301,0
DA:302,0
DA:306,0
DA:309,0
DA:311,0
DA:312,0
DA:314,0
DA:320,0
DA:323,0
DA:326,0
DA:331,0
DA:335,0
DA:336,0
DA:337,0
DA:339,0
DA:340,0
DA:341,0
DA:343,0
DA:344,0
DA:345,0
DA:347,0
DA:353,0
DA:356,0
DA:360,0
DA:361,0
DA:362,0
DA:363,0
DA:364,0
DA:365,0
DA:366,0
DA:368,0
DA:369,0
DA:373,0
DA:379,0
DA:382,0
DA:383,0
DA:387,0
DA:388,0
DA:390,0
DA:392,0
DA:393,0
DA:394,0
DA:396,0
DA:398,0
DA:399,0
DA:400,0
DA:401,0
DA:402,0
DA:403,0
DA:404,0
DA:405,0
DA:407,0
DA:410,0
DA:412,0
DA:413,0
DA:414,0
DA:416,0
DA:417,0
DA:418,0
DA:420,0
DA:422,0
DA:428,0
DA:430,0
DA:431,0
DA:432,0
DA:434,0
DA:435,0
DA:436,0
DA:439,0
DA:440,0
DA:441,0
DA:442,0
DA:445,0
DA:450,0
DA:452,0
DA:454,0
DA:456,0
DA:457,0
DA:458,0
DA:459,0
DA:462,0
DA:463,0
DA:465,0
DA:468,0
DA:469,0
DA:470,0
DA:471,0
DA:474,0
DA:480,0
DA:483,0
DA:484,0
DA:485,0
DA:486,0
DA:489,0
DA:491,0
DA:492,0
DA:494,0
DA:495,0
DA:497,0
DA:498,0
DA:501,0
DA:504,0
DA:505,0
DA:506,0
DA:511,0
DA:516,0
DA:518,0
DA:519,0
DA:523,0
DA:524,0
DA:525,0
DA:526,0
DA:529,0
DA:530,0
DA:531,0
DA:532,0
DA:536,0
DA:538,0
DA:539,0
DA:540,0
DA:541,0
DA:545,0
DA:546,0
DA:548,0
DA:549,0
DA:553,0
DA:554,0
DA:555,0
DA:556,0
DA:557,0
DA:560,0
DA:561,0
DA:562,0
DA:563,0
DA:567,0
DA:569,0
DA:576,0
DA:577,0
DA:581,0
DA:583,0
DA:584,0
DA:586,0
DA:592,0
DA:594,0
DA:595,0
DA:597,0
DA:599,0
DA:606,0
DA:607,0
DA:608,0
DA:612,0
DA:613,0
DA:614,0
DA:617,0
DA:618,0
DA:622,0
DA:624,0
DA:625,0
DA:626,0
DA:627,0
DA:628,0
DA:630,0
DA:631,0
DA:635,0
DA:637,0
DA:638,0
DA:639,0
DA:640,0
DA:643,0
DA:644,0
DA:648,0
DA:650,0
DA:651,0
DA:653,0
DA:654,0
DA:655,0
DA:657,0
DA:658,0
DA:661,0
DA:662,0
DA:663,0
DA:664,0
DA:665,0
DA:668,0
DA:669,0
DA:673,0
DA:675,0
DA:676,0
DA:677,0
DA:678,0
DA:679,0
DA:681,0
DA:682,0
DA:686,0
DA:687,0
DA:688,0
DA:691,0
DA:692,0
DA:696,0
DA:698,0
DA:699,0
DA:700,0
DA:701,0
DA:702,0
DA:704,0
DA:705,0
DA:709,0
DA:710,0
DA:711,0
DA:714,0
DA:715,0
DA:719,0
DA:721,0
DA:724,0
DA:725,0
DA:726,0
DA:729,0
DA:733,0
DA:735,0
DA:738,0
DA:739,0
DA:742,0
DA:746,0
DA:748,0
DA:751,0
DA:752,0
DA:755,0
DA:759,0
DA:762,0
DA:769,0
DA:770,0
DA:777,0
DA:782,0
DA:783,0
DA:784,0
DA:785,0
DA:788,0
DA:792,0
DA:793,0
DA:794,0
DA:796,0
DA:797,0
DA:798,0
DA:801,0
DA:802,0
DA:803,0
DA:804,0
DA:805,0
DA:807,0
DA:808,0
DA:816,0
DA:817,0
DA:818,0
DA:819,0
DA:820,0
DA:821,0
DA:824,0
DA:825,0
DA:832,0
DA:833,0
DA:854,0
DA:855,0
DA:856,0
DA:857,0
DA:858,0
DA:860,0
DA:861,0
DA:862,0
DA:863,0
DA:864,0
DA:865,0
DA:866,0
DA:867,0
DA:870,0
DA:871,0
DA:872,0
DA:873,0
DA:874,0
DA:875,0
DA:876,0
DA:877,0
DA:880,0
DA:881,0
DA:882,0
DA:883,0
DA:886,0
DA:887,0
DA:888,0
DA:889,0
DA:892,0
DA:964,0
DA:965,0
DA:975,0
DA:1074,0
DA:1076,0
DA:1112,0
DA:1113,0
DA:1127,0
DA:1132,0
DA:1133,0
DA:1141,0
DA:1144,0
DA:1150,0
DA:1151,0
DA:1153,0
DA:1183,0
DA:1212,0
DA:1213,0
DA:1246,0
DA:1312,0
DA:1321,0
DA:1327,0
DA:1355,0
DA:1384,0
DA:1393,0
DA:1402,0
DA:1448,0
DA:1449,0
DA:1463,0
DA:1464,0
DA:1480,0
DA:1483,0
DA:1485,0
DA:1486,0
DA:1487,0
DA:1488,0
DA:1489,0
DA:1490,0
DA:1492,0
DA:1494,0
DA:1495,0
DA:1496,0
DA:1497,0
DA:1498,0
DA:1502,0
DA:1503,0
DA:1507,0
DA:1508,0
DA:1511,0
DA:1513,0
DA:1514,0
DA:1515,0
DA:1517,0
DA:1539,0
DA:1540,0
DA:1541,0
DA:1542,0
DA:1543,0
DA:1544,0
DA:1546,0
DA:1552,0
DA:1553,0
DA:1554,0
DA:1555,0
DA:1556,0
DA:1557,0
DA:1559,0
DA:1612,0
DA:1626,0
DA:1631,0
DA:1632,0
DA:1650,0
DA:1655,0
DA:1656,0
DA:1673,0
DA:1674,0
DA:1675,0
DA:1684,0
DA:1713,0
DA:1723,0
DA:1734,0
DA:1735,0
DA:1736,0
DA:1750,0
DA:1751,0
DA:1752,0
DA:1796,0
DA:1813,0
DA:1825,0
DA:1889,0
DA:1890,0
DA:1891,0
DA:1892,0
DA:1895,0
DA:1906,0
DA:1956,0
DA:1967,0
DA:1984,0
DA:1985,0
DA:1998,0
DA:2014,0
DA:2023,0
DA:2047,0
DA:2102,0
DA:2115,0
DA:2131,0
DA:2137,0
DA:2150,0
DA:2166,0
DA:2172,0
DA:2185,0
DA:2208,0
DA:2215,0
DA:2224,0
DA:2238,0
DA:2254,0
DA:2261,0
DA:2267,0
LF:545
LH:0
BRDA:95,0,0,0
BRDA:95,0,1,0
BRDA:100,1,0,0
BRDA:100,1,1,0
BRDA:110,2,0,0
BRDA:120,3,0,0
BRDA:120,3,1,0
BRDA:126,4,0,0
BRDA:126,4,1,0
BRDA:135,5,0,0
BRDA:135,5,1,0
BRDA:141,6,0,0
BRDA:141,6,1,0
BRDA:142,7,0,0
BRDA:142,7,1,0
BRDA:180,8,0,0
BRDA:186,9,0,0
BRDA:199,10,0,0
BRDA:207,11,0,0
BRDA:207,11,1,0
BRDA:208,12,0,0
BRDA:208,12,1,0
BRDA:211,13,0,0
BRDA:211,13,1,0
BRDA:211,14,0,0
BRDA:211,14,1,0
BRDA:220,15,0,0
BRDA:220,15,1,0
BRDA:227,16,0,0
BRDA:227,16,1,0
BRDA:228,17,0,0
BRDA:228,17,1,0
BRDA:233,18,0,0
BRDA:233,18,1,0
BRDA:244,19,0,0
BRDA:244,19,1,0
BRDA:247,20,0,0
BRDA:252,21,0,0
BRDA:252,21,1,0
BRDA:261,22,0,0
BRDA:271,23,0,0
BRDA:271,23,1,0
BRDA:275,24,0,0
BRDA:275,24,1,0
BRDA:275,25,0,0
BRDA:275,25,1,0
BRDA:276,26,0,0
BRDA:276,26,1,0
BRDA:277,27,0,0
BRDA:277,27,1,0
BRDA:278,28,0,0
BRDA:278,28,1,0
BRDA:285,29,0,0
BRDA:285,29,1,0
BRDA:285,30,0,0
BRDA:285,30,1,0
BRDA:285,30,2,0
BRDA:297,31,0,0
BRDA:297,31,1,0
BRDA:297,32,0,0
BRDA:297,32,1,0
BRDA:301,33,0,0
BRDA:301,33,1,0
BRDA:311,34,0,0
BRDA:311,34,1,0
BRDA:311,35,0,0
BRDA:311,35,1,0
BRDA:337,36,0,0
BRDA:337,36,1,0
BRDA:364,37,0,0
BRDA:364,37,1,0
BRDA:364,38,0,0
BRDA:364,38,1,0
BRDA:366,39,0,0
BRDA:366,39,1,0
BRDA:382,40,0,0
BRDA:382,40,1,0
BRDA:388,41,0,0
BRDA:388,41,1,0
BRDA:390,42,0,0
BRDA:390,42,1,0
BRDA:390,43,0,0
BRDA:390,43,1,0
BRDA:392,44,0,0
BRDA:392,44,1,0
BRDA:402,45,0,0
BRDA:402,45,1,0
BRDA:403,46,0,0
BRDA:403,46,1,0
BRDA:412,47,0,0
BRDA:412,47,1,0
BRDA:414,48,0,0
BRDA:414,48,1,0
BRDA:417,49,0,0
BRDA:417,49,1,0
BRDA:428,50,0,0
BRDA:428,50,1,0
BRDA:431,51,0,0
BRDA:431,51,1,0
BRDA:432,52,0,0
BRDA:432,52,1,0
BRDA:435,53,0,0
BRDA:435,53,1,0
BRDA:436,54,0,0
BRDA:436,54,1,0
BRDA:440,55,0,0
BRDA:440,55,1,0
BRDA:441,56,0,0
BRDA:441,56,1,0
BRDA:452,57,0,0
BRDA:452,57,1,0
BRDA:457,58,0,0
BRDA:457,58,1,0
BRDA:458,59,0,0
BRDA:458,59,1,0
BRDA:469,60,0,0
BRDA:469,60,1,0
BRDA:470,61,0,0
BRDA:470,61,1,0
BRDA:484,62,0,0
BRDA:484,62,1,0
BRDA:484,63,0,0
BRDA:484,63,1,0
BRDA:485,64,0,0
BRDA:485,64,1,0
BRDA:485,65,0,0
BRDA:485,65,1,0
BRDA:485,65,2,0
BRDA:495,66,0,0
BRDA:495,66,1,0
BRDA:504,67,0,0
BRDA:504,67,1,0
BRDA:532,68,0,0
BRDA:532,68,1,0
BRDA:532,68,2,0
BRDA:563,69,0,0
BRDA:563,69,1,0
BRDA:563,69,2,0
BRDA:614,70,0,0
BRDA:614,70,1,0
BRDA:650,71,0,0
BRDA:650,71,1,0
BRDA:796,72,0,0
BRDA:796,72,1,0
BRDA:796,73,0,0
BRDA:796,73,1,0
BRDA:796,73,2,0
BRDA:805,74,0,0
BRDA:805,74,1,0
BRDA:805,74,2,0
BRDA:817,75,0,0
BRDA:817,75,1,0
BRDA:817,76,0,0
BRDA:817,76,1,0
BRDA:817,76,2,0
BRDA:821,77,0,0
BRDA:821,77,1,0
BRDA:824,78,0,0
BRDA:824,78,1,0
BRDA:824,79,0,0
BRDA:824,79,1,0
BRDA:832,80,0,0
BRDA:839,81,0,0
BRDA:839,81,1,0
BRDA:854,82,0,0
BRDA:854,83,0,0
BRDA:854,84,0,0
BRDA:855,85,0,0
BRDA:855,85,1,0
BRDA:861,86,0,0
BRDA:861,86,1,0
BRDA:871,87,0,0
BRDA:871,87,1,0
BRDA:896,88,0,0
BRDA:896,88,1,0
BRDA:896,89,0,0
BRDA:896,89,1,0
BRDA:914,90,0,0
BRDA:914,90,1,0
BRDA:914,91,0,0
BRDA:914,91,1,0
BRDA:914,92,0,0
BRDA:914,92,1,0
BRDA:922,93,0,0
BRDA:922,93,1,0
BRDA:922,93,2,0
BRDA:944,94,0,0
BRDA:944,94,1,0
BRDA:964,95,0,0
BRDA:964,95,1,0
BRDA:1001,96,0,0
BRDA:1001,96,1,0
BRDA:1062,97,0,0
BRDA:1062,97,1,0
BRDA:1074,98,0,0
BRDA:1074,98,1,0
BRDA:1089,99,0,0
BRDA:1089,99,1,0
BRDA:1090,100,0,0
BRDA:1090,100,1,0
BRDA:1091,101,0,0
BRDA:1091,101,1,0
BRDA:1107,102,0,0
BRDA:1107,102,1,0
BRDA:1107,102,2,0
BRDA:1112,103,0,0
BRDA:1112,103,1,0
BRDA:1127,104,0,0
BRDA:1127,104,1,0
BRDA:1128,105,0,0
BRDA:1128,105,1,0
BRDA:1129,106,0,0
BRDA:1129,106,1,0
BRDA:1132,107,0,0
BRDA:1132,107,1,0
BRDA:1145,108,0,0
BRDA:1145,108,1,0
BRDA:1150,109,0,0
BRDA:1150,109,1,0
BRDA:1163,110,0,0
BRDA:1163,110,1,0
BRDA:1176,111,0,0
BRDA:1176,111,1,0
BRDA:1215,112,0,0
BRDA:1215,112,1,0
BRDA:1216,113,0,0
BRDA:1216,113,1,0
BRDA:1325,114,0,0
BRDA:1325,114,1,0
BRDA:1333,115,0,0
BRDA:1333,115,1,0
BRDA:1347,116,0,0
BRDA:1347,116,1,0
BRDA:1362,117,0,0
BRDA:1362,117,1,0
BRDA:1364,118,0,0
BRDA:1364,118,1,0
BRDA:1370,119,0,0
BRDA:1370,119,1,0
BRDA:1371,120,0,0
BRDA:1371,120,1,0
BRDA:1372,121,0,0
BRDA:1372,121,1,0
BRDA:1375,122,0,0
BRDA:1375,122,1,0
BRDA:1375,122,2,0
BRDA:1398,123,0,0
BRDA:1398,123,1,0
BRDA:1472,124,0,0
BRDA:1472,124,1,0
BRDA:1483,125,0,0
BRDA:1483,125,1,0
BRDA:1485,126,0,0
BRDA:1485,126,1,0
BRDA:1487,127,0,0
BRDA:1487,127,1,0
BRDA:1489,128,0,0
BRDA:1489,128,1,0
BRDA:1495,129,0,0
BRDA:1495,129,1,0
BRDA:1495,130,0,0
BRDA:1495,130,1,0
BRDA:1498,131,0,0
BRDA:1498,131,1,0
BRDA:1502,132,0,0
BRDA:1502,132,1,0
BRDA:1502,133,0,0
BRDA:1502,133,1,0
BRDA:1507,134,0,0
BRDA:1507,134,1,0
BRDA:1507,135,0,0
BRDA:1507,135,1,0
BRDA:1526,136,0,0
BRDA:1526,136,1,0
BRDA:1529,137,0,0
BRDA:1529,137,1,0
BRDA:1537,138,0,0
BRDA:1537,138,1,0
BRDA:1539,139,0,0
BRDA:1539,139,1,0
BRDA:1541,140,0,0
BRDA:1541,140,1,0
BRDA:1543,141,0,0
BRDA:1543,141,1,0
BRDA:1546,142,0,0
BRDA:1546,142,1,0
BRDA:1550,143,0,0
BRDA:1550,143,1,0
BRDA:1552,144,0,0
BRDA:1552,144,1,0
BRDA:1554,145,0,0
BRDA:1554,145,1,0
BRDA:1556,146,0,0
BRDA:1556,146,1,0
BRDA:1559,147,0,0
BRDA:1559,147,1,0
BRDA:1567,148,0,0
BRDA:1567,148,1,0
BRDA:1570,149,0,0
BRDA:1570,149,1,0
BRDA:1581,150,0,0
BRDA:1581,150,1,0
BRDA:1608,151,0,0
BRDA:1608,151,1,0
BRDA:1623,152,0,0
BRDA:1623,152,1,0
BRDA:1631,153,0,0
BRDA:1631,153,1,0
BRDA:1647,154,0,0
BRDA:1647,154,1,0
BRDA:1655,155,0,0
BRDA:1655,155,1,0
BRDA:1691,156,0,0
BRDA:1691,156,1,0
BRDA:1705,157,0,0
BRDA:1705,157,1,0
BRDA:1709,158,0,0
BRDA:1709,158,1,0
BRDA:1723,159,0,0
BRDA:1723,159,1,0
BRDA:1724,160,0,0
BRDA:1724,160,1,0
BRDA:1727,161,0,0
BRDA:1727,161,1,0
BRDA:1730,162,0,0
BRDA:1730,162,1,0
BRDA:1747,163,0,0
BRDA:1747,163,1,0
BRDA:1771,164,0,0
BRDA:1771,164,1,0
BRDA:1780,165,0,0
BRDA:1780,165,1,0
BRDA:1784,166,0,0
BRDA:1784,166,1,0
BRDA:1786,167,0,0
BRDA:1786,167,1,0
BRDA:1803,168,0,0
BRDA:1803,168,1,0
BRDA:1838,169,0,0
BRDA:1838,169,1,0
BRDA:1844,170,0,0
BRDA:1844,170,1,0
BRDA:1844,170,2,0
BRDA:1844,170,3,0
BRDA:1846,171,0,0
BRDA:1846,171,1,0
BRDA:1847,172,0,0
BRDA:1847,172,1,0
BRDA:1848,173,0,0
BRDA:1848,173,1,0
BRDA:1884,174,0,0
BRDA:1884,174,1,0
BRDA:1890,175,0,0
BRDA:1890,175,1,0
BRDA:1891,176,0,0
BRDA:1891,176,1,0
BRDA:1895,177,0,0
BRDA:1895,177,1,0
BRDA:1898,178,0,0
BRDA:1898,178,1,0
BRDA:1899,179,0,0
BRDA:1899,179,1,0
BRDA:1900,180,0,0
BRDA:1900,180,1,0
BRDA:1906,181,0,0
BRDA:1906,181,1,0
BRDA:1916,182,0,0
BRDA:1916,182,1,0
BRDA:1917,183,0,0
BRDA:1917,183,1,0
BRDA:1924,184,0,0
BRDA:1924,184,1,0
BRDA:1932,185,0,0
BRDA:1932,185,1,0
BRDA:1934,186,0,0
BRDA:1934,186,1,0
BRDA:1936,187,0,0
BRDA:1936,187,1,0
BRDA:1939,188,0,0
BRDA:1939,188,1,0
BRDA:1951,189,0,0
BRDA:1951,189,1,0
BRDA:1955,190,0,0
BRDA:1955,190,1,0
BRDA:1972,191,0,0
BRDA:1972,191,1,0
BRDA:1975,192,0,0
BRDA:1975,192,1,0
BRDA:2000,193,0,0
BRDA:2000,193,1,0
BRDA:2005,194,0,0
BRDA:2005,194,1,0
BRDA:2008,195,0,0
BRDA:2008,195,1,0
BRDA:2010,196,0,0
BRDA:2010,196,1,0
BRDA:2014,197,0,0
BRDA:2014,197,1,0
BRDA:2017,198,0,0
BRDA:2017,198,1,0
BRDA:2027,199,0,0
BRDA:2027,199,1,0
BRDA:2052,200,0,0
BRDA:2052,200,1,0
BRDA:2056,201,0,0
BRDA:2056,201,1,0
BRDA:2064,202,0,0
BRDA:2064,202,1,0
BRDA:2068,203,0,0
BRDA:2068,203,1,0
BRDA:2073,204,0,0
BRDA:2073,204,1,0
BRDA:2077,205,0,0
BRDA:2077,205,1,0
BRDA:2081,206,0,0
BRDA:2081,206,1,0
BRDA:2087,207,0,0
BRDA:2087,207,1,0
BRDA:2092,208,0,0
BRDA:2092,208,1,0
BRDA:2125,209,0,0
BRDA:2125,209,1,0
BRDA:2141,210,0,0
BRDA:2141,210,1,0
BRDA:2176,211,0,0
BRDA:2176,211,1,0
BRDA:2190,212,0,0
BRDA:2190,212,1,0
BRDA:2195,213,0,0
BRDA:2195,213,1,0
BRDA:2201,214,0,0
BRDA:2201,214,1,0
BRDA:2202,215,0,0
BRDA:2202,215,1,0
BRDA:2213,216,0,0
BRDA:2213,216,1,0
BRDA:2216,217,0,0
BRDA:2216,217,1,0
BRDA:2219,218,0,0
BRDA:2219,218,1,0
BRDA:2228,219,0,0
BRDA:2228,219,1,0
BRF:442
BRH:0
end_of_record
TN:
SF:src\pages\Contact.jsx
FN:14,Contact
FN:24,(anonymous_1)
FN:30,(anonymous_2)
FN:33,(anonymous_3)
FN:45,(anonymous_4)
FN:48,(anonymous_5)
FN:49,(anonymous_6)
FN:52,(anonymous_7)
FN:55,(anonymous_8)
FN:57,(anonymous_9)
FN:63,(anonymous_10)
FN:185,(anonymous_11)
FNF:12
FNH:0
FNDA:0,Contact
FNDA:0,(anonymous_1)
FNDA:0,(anonymous_2)
FNDA:0,(anonymous_3)
FNDA:0,(anonymous_4)
FNDA:0,(anonymous_5)
FNDA:0,(anonymous_6)
FNDA:0,(anonymous_7)
FNDA:0,(anonymous_8)
FNDA:0,(anonymous_9)
FNDA:0,(anonymous_10)
FNDA:0,(anonymous_11)
DA:15,0
DA:16,0
DA:21,0
DA:22,0
DA:24,0
DA:25,0
DA:28,0
DA:31,0
DA:32,0
DA:33,0
DA:34,0
DA:35,0
DA:38,0
DA:39,0
DA:45,0
DA:46,0
DA:48,0
DA:49,0
DA:52,0
DA:55,0
DA:56,0
DA:57,0
DA:63,0
DA:64,0
DA:66,0
DA:67,0
DA:68,0
DA:71,0
DA:72,0
DA:73,0
DA:79,0
DA:84,0
DA:86,0
DA:87,0
DA:89,0
DA:93,0
DA:185,0
LF:37
LH:0
BRDA:28,0,0,0
BRDA:35,1,0,0
BRDA:35,1,1,0
BRDA:46,2,0,0
BRDA:46,2,1,0
BRDA:66,3,0,0
BRDA:66,3,1,0
BRDA:66,4,0,0
BRDA:66,4,1,0
BRDA:66,4,2,0
BRDA:98,5,0,0
BRDA:98,5,1,0
BRDA:168,6,0,0
BRDA:168,6,1,0
BRF:14
BRH:0
end_of_record
TN:
SF:src\pages\CreateListing.jsx
FN:21,CreateListing
FN:51,(anonymous_1)
FN:64,(anonymous_2)
FN:94,(anonymous_3)
FN:96,(anonymous_4)
FN:97,(anonymous_5)
FN:99,(anonymous_6)
FN:102,(anonymous_7)
FN:106,(anonymous_8)
FN:111,(anonymous_9)
FN:115,(anonymous_10)
FN:116,(anonymous_11)
FN:152,(anonymous_12)
FN:154,(anonymous_13)
FN:157,(anonymous_14)
FN:158,(anonymous_15)
FN:160,(anonymous_16)
FN:170,(anonymous_17)
FN:175,(anonymous_18)
FN:206,(anonymous_19)
FN:259,(anonymous_20)
FN:261,(anonymous_21)
FN:271,(anonymous_22)
FN:272,(anonymous_23)
FN:274,(anonymous_24)
FN:278,(anonymous_25)
FN:306,(anonymous_26)
FN:317,(anonymous_27)
FN:380,(anonymous_28)
FN:409,(anonymous_29)
FN:447,(anonymous_30)
FN:455,(anonymous_31)
FN:497,(anonymous_32)
FN:534,(anonymous_33)
FN:576,(anonymous_34)
FN:676,(anonymous_35)
FN:687,(anonymous_36)
FN:696,(anonymous_37)
FN:729,(anonymous_38)
FN:730,(anonymous_39)
FN:768,(anonymous_40)
FN:805,(anonymous_41)
FN:817,(anonymous_42)
FN:838,(anonymous_43)
FN:849,(anonymous_44)
FN:867,(anonymous_45)
FN:875,(anonymous_46)
FN:924,(anonymous_47)
FN:932,(anonymous_48)
FNF:49
FNH:8
FNDA:39,CreateListing
FNDA:1,(anonymous_1)
FNDA:1,(anonymous_2)
FNDA:38,(anonymous_3)
FNDA:0,(anonymous_4)
FNDA:0,(anonymous_5)
FNDA:37,(anonymous_6)
FNDA:38,(anonymous_7)
FNDA:0,(anonymous_8)
FNDA:0,(anonymous_9)
FNDA:38,(anonymous_10)
FNDA:38,(anonymous_11)
FNDA:0,(anonymous_12)
FNDA:0,(anonymous_13)
FNDA:0,(anonymous_14)
FNDA:0,(anonymous_15)
FNDA:0,(anonymous_16)
FNDA:0,(anonymous_17)
FNDA:0,(anonymous_18)
FNDA:0,(anonymous_19)
FNDA:0,(anonymous_20)
FNDA:0,(anonymous_21)
FNDA:0,(anonymous_22)
FNDA:0,(anonymous_23)
FNDA:0,(anonymous_24)
FNDA:0,(anonymous_25)
FNDA:0,(anonymous_26)
FNDA:0,(anonymous_27)
FNDA:0,(anonymous_28)
FNDA:0,(anonymous_29)
FNDA:0,(anonymous_30)
FNDA:0,(anonymous_31)
FNDA:0,(anonymous_32)
FNDA:0,(anonymous_33)
FNDA:0,(anonymous_34)
FNDA:0,(anonymous_35)
FNDA:0,(anonymous_36)
FNDA:0,(anonymous_37)
FNDA:0,(anonymous_38)
FNDA:0,(anonymous_39)
FNDA:0,(anonymous_40)
FNDA:0,(anonymous_41)
[...]
BRH:0
end_of_record
TN:
SF:src\pages\ListingDetails.jsx
FN:27,ListingDetails
FN:37,(anonymous_1)
FN:41,(anonymous_2)
FN:42,(anonymous_3)
FN:55,(anonymous_4)
FN:67,(anonymous_5)
FN:69,(anonymous_6)
FN:70,(anonymous_7)
FN:72,(anonymous_8)
FN:77,(anonymous_9)
FN:86,(anonymous_10)
FN:90,(anonymous_11)
FN:94,(anonymous_12)
FN:97,(anonymous_13)
FN:102,(anonymous_14)
FN:116,(anonymous_15)
FN:123,(anonymous_16)
FN:129,(anonymous_17)
FN:139,(anonymous_18)
FN:241,(anonymous_19)
FN:273,(anonymous_20)
FN:276,(anonymous_21)
FNF:22
FNH:0
FNDA:0,ListingDetails
FNDA:0,(anonymous_1)
FNDA:0,(anonymous_2)
FNDA:0,(anonymous_3)
FNDA:0,(anonymous_4)
FNDA:0,(anonymous_5)
FNDA:0,(anonymous_6)
FNDA:0,(anonymous_7)
FNDA:0,(anonymous_8)
FNDA:0,(anonymous_9)
FNDA:0,(anonymous_10)
FNDA:0,(anonymous_11)
FNDA:0,(anonymous_12)
FNDA:0,(anonymous_13)
FNDA:0,(anonymous_14)
FNDA:0,(anonymous_15)
FNDA:0,(anonymous_16)
FNDA:0,(anonymous_17)
FNDA:0,(anonymous_18)
FNDA:0,(anonymous_19)
FNDA:0,(anonymous_20)
FNDA:0,(anonymous_21)
DA:16,0
DA:28,0
DA:29,0
DA:30,0
DA:32,0
DA:33,0
DA:34,0
DA:35,0
DA:37,0
DA:38,0
DA:41,0
DA:42,0
DA:43,0
DA:44,0
DA:45,0
DA:46,0
DA:47,0
DA:50,0
DA:53,0
DA:56,0
DA:57,0
DA:59,0
DA:60,0
DA:67,0
DA:68,0
DA:69,0
DA:70,0
DA:72,0
DA:75,0
DA:78,0
DA:79,0
DA:84,0
DA:86,0
DA:90,0
DA:91,0
DA:93,0
DA:96,0
DA:97,0
DA:99,0
DA:101,0
DA:102,0
DA:103,0
DA:104,0
DA:105,0
DA:106,0
DA:108,0
DA:109,0
DA:113,0
DA:117,0
DA:119,0
DA:120,0
DA:121,0
DA:124,0
DA:125,0
DA:129,0
DA:130,0
DA:131,0
DA:132,0
DA:133,0
DA:134,0
DA:135,0
DA:139,0
DA:140,0
DA:141,0
DA:142,0
DA:151,0
DA:152,0
DA:156,0
DA:157,0
DA:164,0
DA:165,0
DA:179,0
DA:180,0
DA:193,0
DA:194,0
DA:195,0
DA:197,0
DA:241,0
DA:274,0
DA:276,0
LF:80
LH:0
BRDA:45,0,0,0
BRDA:45,0,1,0
BRDA:53,1,0,0
BRDA:68,2,0,0
BRDA:68,2,1,0
BRDA:84,3,0,0
BRDA:101,4,0,0
BRDA:101,4,1,0
BRDA:104,5,0,0
BRDA:104,5,1,0
BRDA:121,6,0,0
BRDA:121,6,1,0
BRDA:130,7,0,0
BRDA:130,7,1,0
BRDA:130,8,0,0
BRDA:130,8,1,0
BRDA:133,9,0,0
BRDA:133,9,1,0
BRDA:140,10,0,0
BRDA:140,10,1,0
BRDA:156,11,0,0
BRDA:156,11,1,0
BRDA:164,12,0,0
BRDA:164,12,1,0
BRDA:179,13,0,0
BRDA:179,13,1,0
BRDA:179,14,0,0
BRDA:179,14,1,0
BRDA:179,14,2,0
BRDA:221,15,0,0
BRDA:221,15,1,0
BRDA:239,16,0,0
BRDA:239,16,1,0
BRDA:243,17,0,0
BRDA:243,17,1,0
BRDA:244,18,0,0
BRDA:244,18,1,0
BRDA:246,19,0,0
BRDA:246,19,1,0
BRDA:247,20,0,0
BRDA:247,20,1,0
BRDA:258,21,0,0
BRDA:258,21,1,0
BRDA:258,22,0,0
BRDA:258,22,1,0
BRDA:271,23,0,0
BRDA:271,23,1,0
BRDA:271,23,2,0
BRDA:278,24,0,0
BRDA:278,24,1,0
BRDA:299,25,0,0
BRDA:299,25,1,0
BRDA:321,26,0,0
BRDA:321,26,1,0
BRDA:324,27,0,0
BRDA:324,27,1,0
BRDA:351,28,0,0
BRDA:351,28,1,0
BRDA:354,29,0,0
BRDA:354,29,1,0
BRDA:360,30,0,0
BRDA:360,30,1,0
BRDA:360,30,2,0
BRDA:372,31,0,0
BRDA:372,31,1,0
BRF:65
BRH:0
end_of_record
TN:
SF:src\pages\Login.jsx
FN:45,Login
FN:80,(anonymous_1)
FN:92,(anonymous_2)
FN:94,(anonymous_3)
FN:95,(anonymous_4)
FN:97,(anonymous_5)
FN:101,(anonymous_6)
FN:102,(anonymous_7)
FN:131,(anonymous_8)
FN:147,(anonymous_9)
FN:274,(anonymous_10)
FN:365,(anonymous_11)
FN:376,(anonymous_12)
FN:433,(anonymous_13)
FN:443,(anonymous_14)
FN:471,(anonymous_15)
FN:484,(anonymous_16)
FN:553,(anonymous_17)
FN:565,(anonymous_18)
FN:566,(anonymous_19)
FN:585,(anonymous_20)
FN:598,(anonymous_21)
FN:612,(anonymous_22)
FN:626,(anonymous_23)
FN:671,(anonymous_24)
FN:689,(anonymous_25)
FNF:26
FNH:0
FNDA:0,Login
FNDA:0,(anonymous_1)
FNDA:0,(anonymous_2)
FNDA:0,(anonymous_3)
FNDA:0,(anonymous_4)
FNDA:0,(anonymous_5)
FNDA:0,(anonymous_6)
FNDA:0,(anonymous_7)
FNDA:0,(anonymous_8)
FNDA:0,(anonymous_9)
FNDA:0,(anonymous_10)
FNDA:0,(anonymous_11)
FNDA:0,(anonymous_12)
FNDA:0,(anonymous_13)
FNDA:0,(anonymous_14)
FNDA:0,(anonymous_15)
FNDA:0,(anonymous_16)
FNDA:0,(anonymous_17)
FNDA:0,(anonymous_18)
FNDA:0,(anonymous_19)
FNDA:0,(anonymous_20)
FNDA:0,(anonymous_21)
FNDA:0,(anonymous_22)
FNDA:0,(anonymous_23)
FNDA:0,(anonymous_24)
FNDA:0,(anonymous_25)
DA:13,0
DA:37,0
DA:46,0
DA:47,0
DA:48,0
DA:51,0
DA:52,0
DA:53,0
DA:54,0
DA:57,0
DA:58,0
DA:59,0
DA:60,0
DA:61,0
DA:62,0
DA:63,0
DA:64,0
DA:65,0
DA:66,0
DA:67,0
DA:68,0
DA:69,0
DA:70,0
DA:71,0
DA:72,0
DA:73,0
DA:76,0
DA:78,0
DA:81,0
DA:82,0
DA:84,0
DA:85,0
DA:92,0
DA:93,0
DA:94,0
DA:95,0
DA:97,0
DA:101,0
DA:102,0
DA:103,0
DA:105,0
DA:106,0
DA:107,0
DA:108,0
DA:110,0
DA:111,0
DA:112,0
DA:113,0
DA:114,0
DA:115,0
DA:119,0
DA:123,0
DA:124,0
DA:125,0
DA:128,0
DA:131,0
DA:132,0
DA:133,0
DA:134,0
DA:136,0
DA:137,0
DA:138,0
DA:139,0
DA:141,0
DA:143,0
DA:147,0
DA:148,0
DA:149,0
DA:150,0
DA:153,0
DA:154,0
DA:155,0
DA:159,0
DA:160,0
DA:161,0
DA:164,0
DA:165,0
DA:166,0
DA:169,0
DA:170,0
DA:171,0
DA:175,0
DA:178,0
DA:179,0
DA:180,0
DA:183,0
DA:184,0
DA:185,0
DA:189,0
DA:190,0
DA:191,0
DA:192,0
DA:195,0
DA:197,0
DA:199,0
DA:200,0
DA:202,0
DA:203,0
DA:206,0
DA:207,0
DA:208,0
DA:209,0
DA:210,0
DA:215,0
DA:218,0
DA:219,0
DA:222,0
DA:229,0
DA:230,0
DA:234,0
DA:235,0
DA:236,0
DA:238,0
DA:239,0
DA:240,0
DA:243,0
DA:246,0
DA:247,0
DA:249,0
DA:250,0
DA:251,0
DA:254,0
DA:257,0
DA:258,0
DA:259,0
DA:261,0
DA:262,0
DA:263,0
DA:265,0
DA:266,0
DA:268,0
DA:270,0
DA:274,0
DA:275,0
DA:276,0
DA:278,0
DA:279,0
DA:280,0
DA:283,0
DA:285,0
DA:288,0
DA:290,0
DA:292,0
DA:293,0
DA:296,0
DA:300,0
DA:301,0
DA:303,0
DA:304,0
DA:305,0
DA:307,0
DA:310,0
DA:321,0
DA:331,0
DA:332,0
DA:333,0
DA:334,0
DA:335,0
DA:339,0
DA:340,0
DA:348,0
DA:349,0
DA:351,0
DA:352,0
DA:356,0
DA:359,0
DA:360,0
DA:361,0
DA:362,0
DA:365,0
DA:366,0
DA:369,0
DA:371,0
DA:376,0
DA:381,0
DA:433,0
DA:443,0
DA:471,0
DA:484,0
DA:553,0
DA:565,0
DA:567,0
DA:568,0
DA:569,0
DA:570,0
DA:585,0
DA:598,0
DA:612,0
DA:626,0
DA:671,0
DA:690,0
DA:691,0
DA:692,0
LF:193
LH:0
BRDA:78,0,0,0
BRDA:93,1,0,0
BRDA:93,1,1,0
BRDA:105,2,0,0
BRDA:105,2,1,0
BRDA:110,3,0,0
BRDA:110,3,1,0
BRDA:110,4,0,0
BRDA:110,4,1,0
BRDA:114,5,0,0
BRDA:114,5,1,0
BRDA:141,6,0,0
BRDA:141,6,1,0
BRDA:153,7,0,0
BRDA:153,7,1,0
BRDA:159,8,0,0
BRDA:159,8,1,0
BRDA:159,9,0,0
BRDA:159,9,1,0
BRDA:159,9,2,0
BRDA:159,9,3,0
BRDA:159,9,4,0
BRDA:159,9,5,0
BRDA:164,10,0,0
BRDA:164,10,1,0
BRDA:169,11,0,0
BRDA:169,11,1,0
BRDA:178,12,0,0
BRDA:178,12,1,0
BRDA:178,13,0,0
BRDA:178,13,1,0
BRDA:184,14,0,0
BRDA:184,14,1,0
BRDA:190,15,0,0
BRDA:190,15,1,0
BRDA:202,16,0,0
BRDA:202,16,1,0
BRDA:202,17,0,0
BRDA:202,17,1,0
BRDA:202,17,2,0
BRDA:207,18,0,0
BRDA:207,18,1,0
BRDA:235,19,0,0
BRDA:235,19,1,0
BRDA:257,20,0,0
BRDA:257,20,1,0
BRDA:257,21,0,0
BRDA:257,21,1,0
BRDA:265,22,0,0
BRDA:265,22,1,0
BRDA:266,23,0,0
BRDA:266,23,1,0
BRDA:278,24,0,0
BRDA:278,24,1,0
BRDA:290,25,0,0
BRDA:290,25,1,0
BRDA:303,26,0,0
BRDA:303,26,1,0
BRDA:311,27,0,0
BRDA:311,27,1,0
BRDA:313,28,0,0
BRDA:313,28,1,0
BRDA:314,29,0,0
BRDA:314,29,1,0
BRDA:315,30,0,0
BRDA:315,30,1,0
BRDA:316,31,0,0
BRDA:316,31,1,0
BRDA:332,32,0,0
BRDA:332,32,1,0
BRDA:348,33,0,0
BRDA:348,33,1,0
BRDA:351,34,0,0
BRDA:351,34,1,0
BRDA:369,35,0,0
BRDA:369,35,1,0
BRDA:407,36,0,0
BRDA:407,36,1,0
BRDA:435,37,0,0
BRDA:435,37,1,0
BRDA:445,38,0,0
BRDA:445,38,1,0
BRDA:455,39,0,0
BRDA:455,39,1,0
BRDA:457,40,0,0
BRDA:457,40,1,0
BRDA:495,41,0,0
BRDA:495,41,1,0
BRDA:509,42,0,0
BRDA:509,42,1,0
BRDA:514,43,0,0
BRDA:514,43,1,0
BRDA:531,44,0,0
BRDA:531,44,1,0
BRDA:531,44,2,0
BRDA:533,45,0,0
BRDA:533,45,1,0
BRDA:539,46,0,0
BRDA:539,46,1,0
BRDA:567,47,0,0
BRDA:567,47,1,0
BRDA:569,48,0,0
BRDA:569,48,1,0
BRDA:570,49,0,0
BRDA:570,49,1,0
BRDA:637,50,0,0
BRDA:637,50,1,0
BRDA:647,51,0,0
BRDA:647,51,1,0
BRDA:647,51,2,0
BRDA:649,52,0,0
BRDA:649,52,1,0
BRDA:684,53,0,0
BRDA:684,53,1,0
BRF:114
BRH:0
end_of_record
TN:
SF:src\pages\Payment.jsx
FN:12,Payment
FN:27,(anonymous_1)
FN:39,(anonymous_2)
FN:41,(anonymous_3)
FN:42,(anonymous_4)
FN:44,(anonymous_5)
FN:47,(anonymous_6)
FN:72,(anonymous_7)
FN:73,(anonymous_8)
FNF:9
FNH:0
FNDA:0,Payment
FNDA:0,(anonymous_1)
FNDA:0,(anonymous_2)
FNDA:0,(anonymous_3)
FNDA:0,(anonymous_4)
FNDA:0,(anonymous_5)
FNDA:0,(anonymous_6)
FNDA:0,(anonymous_7)
FNDA:0,(anonymous_8)
DA:13,0
DA:14,0
DA:15,0
DA:16,0
DA:18,0
DA:19,0
DA:20,0
DA:21,0
DA:22,0
DA:23,0
DA:25,0
DA:28,0
DA:29,0
DA:31,0
DA:32,0
DA:39,0
DA:40,0
DA:41,0
DA:42,0
DA:44,0
DA:47,0
DA:48,0
DA:49,0
DA:50,0
DA:53,0
DA:54,0
DA:55,0
DA:60,0
DA:61,0
DA:63,0
DA:66,0
DA:67,0
DA:68,0
DA:72,0
DA:73,0
DA:74,0
DA:75,0
DA:76,0
DA:77,0
DA:78,0
DA:81,0
DA:82,0
DA:84,0
DA:85,0
DA:86,0
DA:87,0
DA:88,0
DA:91,0
DA:96,0
DA:97,0
DA:98,0
DA:100,0
DA:105,0
DA:107,0
DA:117,0
DA:122,0
DA:124,0
DA:125,0
DA:126,0
DA:127,0
DA:129,0
DA:131,0
DA:134,0
DA:135,0
DA:137,0
DA:141,0
DA:143,0
DA:144,0
DA:145,0
DA:148,0
DA:151,0
DA:152,0
DA:162,0
DA:163,0
DA:234,0
LF:75
LH:0
BRDA:25,0,0,0
BRDA:40,1,0,0
BRDA:40,1,1,0
BRDA:48,2,0,0
BRDA:48,2,1,0
BRDA:57,3,0,0
BRDA:57,3,1,0
BRDA:60,4,0,0
BRDA:60,4,1,0
BRDA:76,5,0,0
BRDA:76,5,1,0
BRDA:84,6,0,0
BRDA:84,6,1,0
BRDA:87,7,0,0
BRDA:87,7,1,0
BRDA:87,8,0,0
BRDA:87,8,1,0
BRDA:96,9,0,0
BRDA:96,9,1,0
BRDA:105,10,0,0
BRDA:105,10,1,0
BRDA:126,11,0,0
BRDA:126,11,1,0
BRDA:131,12,0,0
BRDA:131,12,1,0
BRDA:151,13,0,0
BRDA:151,13,1,0
BRDA:151,14,0,0
BRDA:151,14,1,0
BRDA:156,15,0,0
BRDA:156,15,1,0
BRDA:162,16,0,0
BRDA:162,16,1,0
BRDA:187,17,0,0
BRDA:187,17,1,0
BRDA:258,18,0,0
BRDA:258,18,1,0
BRDA:271,19,0,0
BRDA:271,19,1,0
BRDA:293,20,0,0
BRDA:293,20,1,0
BRDA:294,21,0,0
BRDA:294,21,1,0
BRF:43
BRH:0
end_of_record
TN:
SF:src\pages\Privacy.jsx
FN:5,Privacy
FN:8,(anonymous_1)
FN:14,(anonymous_2)
FN:17,(anonymous_3)
FN:30,(anonymous_4)
FN:33,(anonymous_5)
FN:34,(anonymous_6)
FN:37,(anonymous_7)
FNF:8
FNH:0
FNDA:0,Privacy
FNDA:0,(anonymous_1)
FNDA:0,(anonymous_2)
FNDA:0,(anonymous_3)
FNDA:0,(anonymous_4)
FNDA:0,(anonymous_5)
FNDA:0,(anonymous_6)
FNDA:0,(anonymous_7)
DA:6,0
DA:8,0
DA:9,0
DA:12,0
DA:15,0
DA:16,0
DA:17,0
DA:18,0
DA:19,0
DA:22,0
DA:23,0
DA:30,0
DA:31,0
DA:33,0
DA:34,0
DA:37,0
DA:40,0
LF:17
LH:0
BRDA:12,0,0,0
BRDA:19,1,0,0
BRDA:19,1,1,0
BRDA:31,2,0,0
BRDA:31,2,1,0
BRDA:45,3,0,0
BRDA:45,3,1,0
BRF:7
BRH:0
end_of_record
TN:
SF:src\pages\Profile.jsx
FN:45,Profile
FN:69,(anonymous_1)
FN:81,(anonymous_2)
FN:83,(anonymous_3)
FN:84,(anonymous_4)
FN:86,(anonymous_5)
FN:89,(anonymous_6)
FN:90,(anonymous_7)
FN:119,(anonymous_8)
FN:123,(anonymous_9)
FN:124,(anonymous_10)
FN:125,(anonymous_11)
FN:128,(anonymous_12)
FN:132,(anonymous_13)
FN:134,(anonymous_14)
FN:143,(anonymous_15)
FN:146,(anonymous_16)
FN:153,(anonymous_17)
FN:156,(anonymous_18)
FN:162,(anonymous_19)
FN:167,(anonymous_20)
FN:192,(anonymous_21)
FN:209,(anonymous_22)
FN:302,(anonymous_23)
FN:396,(anonymous_24)
FN:396,(anonymous_25)
FN:407,(anonymous_26)
FN:407,(anonymous_27)
FN:408,(anonymous_28)
FN:410,(anonymous_29)
FN:421,(anonymous_30)
FN:421,(anonymous_31)
FN:430,(anonymous_32)
FN:430,(anonymous_33)
FN:435,(anonymous_34)
FN:467,(anonymous_35)
FN:467,(anonymous_36)
FN:477,(anonymous_37)
FN:477,(anonymous_38)
FN:487,(anonymous_39)
FN:487,(anonymous_40)
FN:615,(anonymous_41)
FN:630,(anonymous_42)
FN:645,(anonymous_43)
FNF:44
FNH:0
FNDA:0,Profile
FNDA:0,(anonymous_1)
FNDA:0,(anonymous_2)
FNDA:0,(anonymous_3)
FNDA:0,(anonymous_4)
FNDA:0,(anonymous_5)
FNDA:0,(anonymous_6)
FNDA:0,(anonymous_7)
FNDA:0,(anonymous_8)
FNDA:0,(anonymous_9)
FNDA:0,(anonymous_10)
FNDA:0,(anonymous_11)
FNDA:0,(anonymous_12)
FNDA:0,(anonymous_13)
FNDA:0,(anonymous_14)
FNDA:0,(anonymous_15)
FNDA:0,(anonymous_16)
FNDA:0,(anonymous_17)
FNDA:0,(anonymous_18)
FNDA:0,(anonymous_19)
FNDA:0,(anonymous_20)
FNDA:0,(anonymous_21)
FNDA:0,(anonymous_22)
FNDA:0,(anonymous_23)
FNDA:0,(anonymous_24)
FNDA:0,(anonymous_25)
FNDA:0,(anonymous_26)
FNDA:0,(anonymous_27)
FNDA:0,(anonymous_28)
FNDA:0,(anonymous_29)
FNDA:0,(anonymous_30)
FNDA:0,(anonymous_31)
FNDA:0,(anonymous_32)
FNDA:0,(anonymous_33)
FNDA:0,(anonymous_34)
FNDA:0,(anonymous_35)
FNDA:0,(anonymous_36)
FNDA:0,(anonymous_37)
FNDA:0,(anonymous_38)
FNDA:0,(anonymous_39)
FNDA:0,(anonymous_40)
FNDA:0,(anonymous_41)
FNDA:0,(anonymous_42)
FNDA:0,(anonymous_43)
DA:37,0
DA:46,0
DA:47,0
DA:48,0
DA:49,0
DA:50,0
DA:51,0
DA:52,0
DA:53,0
DA:59,0
DA:64,0
DA:65,0
DA:67,0
DA:70,0
DA:71,0
DA:73,0
DA:74,0
DA:81,0
DA:82,0
DA:83,0
DA:84,0
DA:86,0
DA:89,0
DA:90,0
DA:91,0
DA:92,0
DA:93,0
DA:94,0
DA:96,0
DA:97,0
DA:105,0
DA:106,0
DA:112,0
DA:114,0
DA:117,0
DA:119,0
DA:123,0
DA:124,0
DA:125,0
DA:127,0
DA:129,0
DA:130,0
DA:133,0
DA:134,0
DA:135,0
DA:136,0
DA:138,0
DA:142,0
DA:144,0
DA:147,0
DA:148,0
DA:152,0
DA:154,0
DA:157,0
DA:158,0
DA:159,0
DA:160,0
DA:163,0
DA:167,0
DA:168,0
DA:169,0
DA:172,0
DA:173,0
DA:174,0
DA:176,0
DA:177,0
DA:178,0
DA:180,0
DA:181,0
DA:182,0
DA:184,0
DA:185,0
DA:186,0
DA:189,0
DA:192,0
DA:193,0
DA:194,0
DA:195,0
DA:197,0
DA:201,0
DA:202,0
DA:209,0
DA:210,0
DA:212,0
DA:302,0
DA:316,0
DA:396,0
DA:407,0
DA:409,0
DA:410,0
DA:421,0
DA:430,0
DA:435,0
DA:467,0
DA:477,0
DA:487,0
DA:616,0
DA:631,0
DA:646,0
LF:99
LH:0
BRDA:67,0,0,0
BRDA:82,1,0,0
BRDA:82,1,1,0
BRDA:92,2,0,0
BRDA:92,2,1,0
BRDA:107,3,0,0
BRDA:107,3,1,0
BRDA:108,4,0,0
BRDA:108,4,1,0
BRDA:109,5,0,0
BRDA:109,5,1,0
BRDA:110,6,0,0
BRDA:110,6,1,0
BRDA:117,7,0,0
BRDA:123,8,0,0
BRDA:123,8,1,0
BRDA:123,8,2,0
BRDA:123,8,3,0
BRDA:123,8,4,0
BRDA:125,9,0,0
BRDA:125,9,1,0
BRDA:125,9,2,0
BRDA:125,9,3,0
BRDA:125,9,4,0
BRDA:163,10,0,0
BRDA:163,10,1,0
BRDA:172,11,0,0
BRDA:172,11,1,0
BRDA:176,12,0,0
BRDA:176,12,1,0
BRDA:180,13,0,0
BRDA:180,13,1,0
BRDA:184,14,0,0
BRDA:184,14,1,0
BRDA:197,15,0,0
BRDA:197,15,1,0
BRDA:201,16,0,0
BRDA:201,16,1,0
BRDA:210,17,0,0
BRDA:210,17,1,0
BRDA:216,18,0,0
BRDA:216,18,1,0
BRDA:216,19,0,0
BRDA:216,19,1,0
BRDA:245,20,0,0
BRDA:245,20,1,0
BRDA:246,21,0,0
BRDA:246,21,1,0
BRDA:246,22,0,0
BRDA:246,22,1,0
BRDA:251,23,0,0
BRDA:251,23,1,0
BRDA:251,24,0,0
BRDA:251,24,1,0
BRDA:251,25,0,0
BRDA:251,25,1,0
BRDA:257,26,0,0
BRDA:257,26,1,0
BRDA:257,26,2,0
BRDA:257,26,3,0
BRDA:257,26,4,0
BRDA:267,27,0,0
BRDA:267,27,1,0
BRDA:267,27,2,0
BRDA:277,28,0,0
BRDA:277,28,1,0
BRDA:342,29,0,0
BRDA:342,29,1,0
BRDA:368,30,0,0
BRDA:368,30,1,0
BRDA:372,31,0,0
BRDA:372,31,1,0
BRDA:403,32,0,0
BRDA:403,32,1,0
BRDA:409,33,0,0
BRDA:409,33,1,0
BRDA:439,34,0,0
BRDA:439,34,1,0
BRDA:492,35,0,0
BRDA:492,35,1,0
BRDA:502,36,0,0
BRDA:502,36,1,0
BRDA:527,37,0,0
BRDA:527,37,1,0
BRDA:538,38,0,0
BRDA:538,38,1,0
BRDA:581,39,0,0
BRDA:581,39,1,0
BRDA:589,40,0,0
BRDA:589,40,1,0
BRDA:599,41,0,0
BRDA:599,41,1,0
BRDA:603,42,0,0
BRDA:603,42,1,0
BRDA:623,43,0,0
BRDA:623,43,1,0
BRDA:638,44,0,0
BRDA:638,44,1,0
BRF:98
BRH:0
end_of_record
TN:
SF:src\pages\ResetPassword.jsx
FN:12,ResetPassword
FN:21,(anonymous_1)
FN:33,(anonymous_2)
FN:35,(anonymous_3)
FN:36,(anonymous_4)
FN:38,(anonymous_5)
FN:41,(anonymous_6)
FN:57,(anonymous_7)
FN:136,(anonymous_8)
FNF:9
FNH:0
FNDA:0,ResetPassword
FNDA:0,(anonymous_1)
FNDA:0,(anonymous_2)
FNDA:0,(anonymous_3)
FNDA:0,(anonymous_4)
FNDA:0,(anonymous_5)
FNDA:0,(anonymous_6)
FNDA:0,(anonymous_7)
FNDA:0,(anonymous_8)
DA:13,0
DA:14,0
DA:15,0
DA:16,0
DA:17,0
DA:19,0
DA:22,0
DA:23,0
DA:25,0
DA:26,0
DA:33,0
DA:34,0
DA:35,0
DA:36,0
DA:38,0
DA:41,0
DA:42,0
DA:43,0
DA:44,0
DA:46,0
DA:47,0
DA:48,0
DA:51,0
DA:53,0
DA:54,0
DA:55,0
DA:56,0
DA:57,0
DA:58,0
DA:61,0
DA:63,0
DA:67,0
DA:136,0
LF:33
LH:0
BRDA:19,0,0,0
BRDA:34,1,0,0
BRDA:34,1,1,0
BRDA:46,2,0,0
BRDA:46,2,1,0
BRDA:61,3,0,0
BRDA:61,3,1,0
BRDA:93,4,0,0
BRDA:93,4,1,0
BRDA:117,5,0,0
BRDA:117,5,1,0
BRDA:123,6,0,0
BRDA:123,6,1,0
BRDA:147,7,0,0
BRDA:147,7,1,0
BRF:15
BRH:0
end_of_record
TN:
SF:src\pages\SVGEditor.jsx
FN:6,SVGEditor
FN:15,(anonymous_1)
FN:19,(anonymous_2)
FN:21,(anonymous_3)
FN:22,(anonymous_4)
FN:40,(anonymous_5)
FN:52,(anonymous_6)
FN:53,(anonymous_7)
FN:53,(anonymous_8)
FN:57,(anonymous_9)
FN:60,(anonymous_10)
FN:68,(anonymous_11)
FN:74,(anonymous_12)
FN:75,(anonymous_13)
FN:84,(anonymous_14)
FN:100,(anonymous_15)
FN:139,(anonymous_16)
FN:148,(anonymous_17)
FN:163,(anonymous_18)
FNF:19
FNH:0
FNDA:0,SVGEditor
FNDA:0,(anonymous_1)
FNDA:0,(anonymous_2)
FNDA:0,(anonymous_3)
FNDA:0,(anonymous_4)
FNDA:0,(anonymous_5)
FNDA:0,(anonymous_6)
FNDA:0,(anonymous_7)
FNDA:0,(anonymous_8)
FNDA:0,(anonymous_9)
FNDA:0,(anonymous_10)
FNDA:0,(anonymous_11)
FNDA:0,(anonymous_12)
FNDA:0,(anonymous_13)
FNDA:0,(anonymous_14)
FNDA:0,(anonymous_15)
FNDA:0,(anonymous_16)
FNDA:0,(anonymous_17)
FNDA:0,(anonymous_18)
DA:7,0
DA:8,0
DA:10,0
DA:11,0
DA:12,0
DA:15,0
DA:16,0
DA:17,0
DA:19,0
DA:20,0
DA:21,0
DA:22,0
DA:33,0
DA:35,0
DA:40,0
DA:41,0
DA:42,0
DA:44,0
DA:45,0
DA:46,0
DA:47,0
DA:52,0
DA:53,0
DA:54,0
DA:57,0
DA:58,0
DA:59,0
DA:60,0
DA:61,0
DA:62,0
DA:68,0
DA:69,0
DA:70,0
DA:71,0
DA:72,0
DA:74,0
DA:75,0
DA:76,0
DA:84,0
DA:85,0
DA:88,0
DA:100,0
DA:140,0
DA:148,0
DA:163,0
LF:45
LH:0
BRDA:16,0,0,0
BRDA:16,0,1,0
BRDA:17,1,0,0
BRDA:17,1,1,0
BRDA:42,2,0,0
BRDA:42,2,1,0
BRDA:45,3,0,0
BRDA:45,3,1,0
BRDA:69,4,0,0
BRDA:69,4,1,0
BRDA:69,5,0,0
BRDA:69,5,1,0
BRDA:76,6,0,0
BRDA:76,6,1,0
BRDA:129,7,0,0
BRDA:129,7,1,0
BRDA:146,8,0,0
BRDA:146,8,1,0
BRF:18
BRH:0
end_of_record
TN:
SF:src\pages\SavedListings.jsx
FN:25,SavedListings
FN:33,(anonymous_1)
FN:45,(anonymous_2)
FN:47,(anonymous_3)
FN:48,(anonymous_4)
FN:50,(anonymous_5)
FN:53,(anonymous_6)
FN:54,(anonymous_7)
FN:69,(anonymous_8)
FN:72,(anonymous_9)
FN:82,(anonymous_10)
FN:91,(anonymous_11)
FN:93,(anonymous_12)
FN:99,(anonymous_13)
FN:100,(anonymous_14)
FN:109,(anonymous_15)
FN:112,(anonymous_16)
FN:118,(anonymous_17)
FN:128,(anonymous_18)
FN:129,(anonymous_19)
FN:139,(anonymous_20)
FN:147,(anonymous_21)
FN:247,(anonymous_22)
FN:248,(anonymous_23)
FN:308,(anonymous_24)
FN:337,(anonymous_25)
FNF:26
FNH:0
FNDA:0,SavedListings
FNDA:0,(anonymous_1)
FNDA:0,(anonymous_2)
FNDA:0,(anonymous_3)
FNDA:0,(anonymous_4)
FNDA:0,(anonymous_5)
FNDA:0,(anonymous_6)
FNDA:0,(anonymous_7)
FNDA:0,(anonymous_8)
FNDA:0,(anonymous_9)
FNDA:0,(anonymous_10)
FNDA:0,(anonymous_11)
FNDA:0,(anonymous_12)
FNDA:0,(anonymous_13)
FNDA:0,(anonymous_14)
FNDA:0,(anonymous_15)
FNDA:0,(anonymous_16)
FNDA:0,(anonymous_17)
FNDA:0,(anonymous_18)
FNDA:0,(anonymous_19)
FNDA:0,(anonymous_20)
FNDA:0,(anonymous_21)
FNDA:0,(anonymous_22)
FNDA:0,(anonymous_23)
FNDA:0,(anonymous_24)
FNDA:0,(anonymous_25)
DA:26,0
DA:27,0
DA:28,0
DA:29,0
DA:31,0
DA:34,0
DA:35,0
DA:37,0
DA:38,0
DA:45,0
DA:46,0
DA:47,0
DA:48,0
DA:50,0
DA:53,0
DA:54,0
DA:55,0
DA:56,0
DA:57,0
DA:58,0
DA:60,0
DA:61,0
DA:62,0
DA:64,0
DA:67,0
DA:70,0
DA:71,0
DA:72,0
DA:73,0
DA:75,0
DA:80,0
DA:83,0
DA:84,0
DA:85,0
DA:90,0
DA:92,0
DA:93,0
DA:94,0
DA:95,0
DA:100,0
DA:101,0
DA:103,0
DA:106,0
DA:108,0
DA:110,0
DA:113,0
DA:114,0
DA:118,0
DA:119,0
DA:120,0
DA:121,0
DA:122,0
DA:123,0
DA:124,0
DA:128,0
DA:129,0
DA:131,0
DA:133,0
DA:135,0
DA:136,0
DA:138,0
DA:139,0
DA:141,0
DA:142,0
DA:144,0
DA:147,0
DA:148,0
DA:149,0
DA:150,0
DA:151,0
DA:154,0
DA:155,0
DA:162,0
DA:248,0
DA:250,0
DA:308,0
DA:337,0
LF:77
LH:0
BRDA:31,0,0,0
BRDA:46,1,0,0
BRDA:46,1,1,0
BRDA:56,2,0,0
BRDA:56,2,1,0
BRDA:67,3,0,0
BRDA:80,4,0,0
BRDA:100,5,0,0
BRDA:100,5,1,0
BRDA:119,6,0,0
BRDA:119,6,1,0
BRDA:119,7,0,0
BRDA:119,7,1,0
BRDA:122,8,0,0
BRDA:122,8,1,0
BRDA:129,9,0,0
BRDA:129,9,1,0
BRDA:131,10,0,0
BRDA:131,10,1,0
BRDA:135,11,0,0
BRDA:135,11,1,0
BRDA:149,12,0,0
BRDA:149,12,1,0
BRDA:150,13,0,0
BRDA:150,13,1,0
BRDA:154,14,0,0
BRDA:154,14,1,0
BRDA:154,15,0,0
BRDA:154,15,1,0
BRDA:188,16,0,0
BRDA:188,16,1,0
BRDA:207,17,0,0
BRDA:207,17,1,0
BRDA:212,18,0,0
BRDA:212,18,1,0
BRDA:228,19,0,0
BRDA:228,19,1,0
BRDA:252,20,0,0
BRDA:252,20,1,0
BRDA:261,21,0,0
BRDA:261,21,1,0
BRDA:261,22,0,0
BRDA:261,22,1,0
BRF:43
BRH:0
end_of_record
TN:
SF:src\pages\TabTest.jsx
FN:5,TabTest
FN:20,(anonymous_1)
FNF:2
FNH:0
FNDA:0,TabTest
FNDA:0,(anonymous_1)
DA:6,0
DA:8,0
DA:10,0
DA:21,0
DA:22,0
LF:5
LH:0
BRF:0
BRH:0
end_of_record
TN:
SF:src\pages\Terms.jsx
FN:5,Terms
FN:8,(anonymous_1)
FN:14,(anonymous_2)
FN:17,(anonymous_3)
FN:30,(anonymous_4)
FN:33,(anonymous_5)
FN:34,(anonymous_6)
FN:37,(anonymous_7)
FNF:8
FNH:0
FNDA:0,Terms
FNDA:0,(anonymous_1)
FNDA:0,(anonymous_2)
FNDA:0,(anonymous_3)
FNDA:0,(anonymous_4)
FNDA:0,(anonymous_5)
FNDA:0,(anonymous_6)
FNDA:0,(anonymous_7)
DA:6,0
DA:8,0
DA:9,0
DA:12,0
DA:15,0
DA:16,0
DA:17,0
DA:18,0
DA:19,0
DA:22,0
DA:23,0
DA:30,0
DA:31,0
DA:33,0
DA:34,0
DA:37,0
DA:40,0
LF:17
LH:0
BRDA:12,0,0,0
BRDA:19,1,0,0
BRDA:19,1,1,0
BRDA:31,2,0,0
BRDA:31,2,1,0
BRDA:45,3,0,0
BRDA:45,3,1,0
BRF:7
BRH:0
end_of_record
TN:
SF:src\utils\index.ts
FN:1,createPageUrl
FNF:1
FNH:1
FNDA:14,createPageUrl
DA:2,14
LF:1
LH:1
BRF:0
BRH:0
end_of_record
